[0.577s] Invoking command in '/home/masanao/ros2_ws/src/mypkg': PYTHONPATH=/home/masanao/ros2_ws/src/mypkg/build/mypkg/prefix_override:/home/masanao/ros2_ws/src/mypkg/install/mypkg/lib/python3.6/site-packages:${PYTHONPATH} /usr/bin/python3 setup.py egg_info --egg-base build/mypkg build --build-base /home/masanao/ros2_ws/src/mypkg/build/mypkg/build install --record /home/masanao/ros2_ws/src/mypkg/build/mypkg/install.log --install-scripts $base/lib/mypkg --single-version-externally-managed
[0.780s] running egg_info
[0.780s] writing build/mypkg/mypkg.egg-info/PKG-INFO
[0.781s] writing dependency_links to build/mypkg/mypkg.egg-info/dependency_links.txt
[0.781s] writing entry points to build/mypkg/mypkg.egg-info/entry_points.txt
[0.782s] writing requirements to build/mypkg/mypkg.egg-info/requires.txt
[0.782s] writing top-level names to build/mypkg/mypkg.egg-info/top_level.txt
[0.812s] reading manifest file 'build/mypkg/mypkg.egg-info/SOURCES.txt'
[0.813s] writing manifest file 'build/mypkg/mypkg.egg-info/SOURCES.txt'
[0.814s] running build
[0.814s] running build_py
[0.815s] running install
[0.815s] running install_lib
[0.816s] running install_data
[0.817s] running install_egg_info
[0.819s] removing '/home/masanao/ros2_ws/src/mypkg/install/mypkg/lib/python3.6/site-packages/mypkg-0.0.0-py3.6.egg-info' (and everything under it)
[0.819s] Copying build/mypkg/mypkg.egg-info to /home/masanao/ros2_ws/src/mypkg/install/mypkg/lib/python3.6/site-packages/mypkg-0.0.0-py3.6.egg-info
[0.821s] running install_scripts
[0.839s] Installing listener script to /home/masanao/ros2_ws/src/mypkg/install/mypkg/lib/mypkg
[0.839s] Installing talker script to /home/masanao/ros2_ws/src/mypkg/install/mypkg/lib/mypkg
[0.840s] writing list of installed files to '/home/masanao/ros2_ws/src/mypkg/build/mypkg/install.log'
[0.859s] Invoked command in '/home/masanao/ros2_ws/src/mypkg' returned '0': PYTHONPATH=/home/masanao/ros2_ws/src/mypkg/build/mypkg/prefix_override:/home/masanao/ros2_ws/src/mypkg/install/mypkg/lib/python3.6/site-packages:${PYTHONPATH} /usr/bin/python3 setup.py egg_info --egg-base build/mypkg build --build-base /home/masanao/ros2_ws/src/mypkg/build/mypkg/build install --record /home/masanao/ros2_ws/src/mypkg/build/mypkg/install.log --install-scripts $base/lib/mypkg --single-version-externally-managed
