[0.682s] Invoking command in '/home/masanao/ros2_ws/src/mypkg': PYTHONPATH=/home/masanao/ros2_ws/build/mypkg/prefix_override:/home/masanao/ros2_ws/install/mypkg/lib/python3.6/site-packages:${PYTHONPATH} /usr/bin/python3 setup.py egg_info --egg-base ../../build/mypkg build --build-base /home/masanao/ros2_ws/build/mypkg/build install --record /home/masanao/ros2_ws/build/mypkg/install.log --install-scripts $base/lib/mypkg --single-version-externally-managed
[0.936s] running egg_info
[0.936s] writing ../../build/mypkg/mypkg.egg-info/PKG-INFO
[0.937s] writing dependency_links to ../../build/mypkg/mypkg.egg-info/dependency_links.txt
[0.937s] writing entry points to ../../build/mypkg/mypkg.egg-info/entry_points.txt
[0.937s] writing requirements to ../../build/mypkg/mypkg.egg-info/requires.txt
[0.938s] writing top-level names to ../../build/mypkg/mypkg.egg-info/top_level.txt
[0.982s] reading manifest file '../../build/mypkg/mypkg.egg-info/SOURCES.txt'
[0.984s] writing manifest file '../../build/mypkg/mypkg.egg-info/SOURCES.txt'
[0.984s] running build
[0.985s] running build_py
[0.985s] copying mypkg/talker.py -> /home/masanao/ros2_ws/build/mypkg/build/lib/mypkg
[0.985s] copying mypkg/listener.py -> /home/masanao/ros2_ws/build/mypkg/build/lib/mypkg
[0.986s] running install
[0.986s] running install_lib
[0.987s] copying /home/masanao/ros2_ws/build/mypkg/build/lib/mypkg/talker.py -> /home/masanao/ros2_ws/install/mypkg/lib/python3.6/site-packages/mypkg
[0.987s] copying /home/masanao/ros2_ws/build/mypkg/build/lib/mypkg/listener.py -> /home/masanao/ros2_ws/install/mypkg/lib/python3.6/site-packages/mypkg
[0.988s] byte-compiling /home/masanao/ros2_ws/install/mypkg/lib/python3.6/site-packages/mypkg/talker.py to talker.cpython-36.pyc
[0.988s] byte-compiling /home/masanao/ros2_ws/install/mypkg/lib/python3.6/site-packages/mypkg/listener.py to listener.cpython-36.pyc
[0.989s] running install_data
[0.989s] running install_egg_info
[0.992s] removing '/home/masanao/ros2_ws/install/mypkg/lib/python3.6/site-packages/mypkg-0.0.0-py3.6.egg-info' (and everything under it)
[0.992s] Copying ../../build/mypkg/mypkg.egg-info to /home/masanao/ros2_ws/install/mypkg/lib/python3.6/site-packages/mypkg-0.0.0-py3.6.egg-info
[0.993s] running install_scripts
[1.015s] Installing listener script to /home/masanao/ros2_ws/install/mypkg/lib/mypkg
[1.016s] Installing talker script to /home/masanao/ros2_ws/install/mypkg/lib/mypkg
[1.016s] writing list of installed files to '/home/masanao/ros2_ws/build/mypkg/install.log'
[1.068s] Invoked command in '/home/masanao/ros2_ws/src/mypkg' returned '0': PYTHONPATH=/home/masanao/ros2_ws/build/mypkg/prefix_override:/home/masanao/ros2_ws/install/mypkg/lib/python3.6/site-packages:${PYTHONPATH} /usr/bin/python3 setup.py egg_info --egg-base ../../build/mypkg build --build-base /home/masanao/ros2_ws/build/mypkg/build install --record /home/masanao/ros2_ws/build/mypkg/install.log --install-scripts $base/lib/mypkg --single-version-externally-managed
