[0.549s] Invoking command in '/home/masanao/ros2_ws/src/mypkg': PYTHONPATH=/home/masanao/ros2_ws/src/mypkg/build/mypkg/prefix_override:/home/masanao/ros2_ws/src/mypkg/install/mypkg/lib/python3.6/site-packages:${PYTHONPATH} /usr/bin/python3 setup.py egg_info --egg-base build/mypkg build --build-base /home/masanao/ros2_ws/src/mypkg/build/mypkg/build install --record /home/masanao/ros2_ws/src/mypkg/build/mypkg/install.log --install-scripts $base/lib/mypkg --single-version-externally-managed
[0.742s] running egg_info
[0.742s] writing build/mypkg/mypkg.egg-info/PKG-INFO
[0.743s] writing dependency_links to build/mypkg/mypkg.egg-info/dependency_links.txt
[0.743s] writing entry points to build/mypkg/mypkg.egg-info/entry_points.txt
[0.743s] writing requirements to build/mypkg/mypkg.egg-info/requires.txt
[0.743s] writing top-level names to build/mypkg/mypkg.egg-info/top_level.txt
[0.775s] reading manifest file 'build/mypkg/mypkg.egg-info/SOURCES.txt'
[0.776s] writing manifest file 'build/mypkg/mypkg.egg-info/SOURCES.txt'
[0.776s] running build
[0.777s] running build_py
[0.777s] running install
[0.777s] running install_lib
[0.778s] running install_data
[0.779s] running install_egg_info
[0.780s] removing '/home/masanao/ros2_ws/src/mypkg/install/mypkg/lib/python3.6/site-packages/mypkg-0.0.0-py3.6.egg-info' (and everything under it)
[0.781s] Copying build/mypkg/mypkg.egg-info to /home/masanao/ros2_ws/src/mypkg/install/mypkg/lib/python3.6/site-packages/mypkg-0.0.0-py3.6.egg-info
[0.782s] running install_scripts
[0.801s] Installing listener script to /home/masanao/ros2_ws/src/mypkg/install/mypkg/lib/mypkg
[0.802s] Installing talker script to /home/masanao/ros2_ws/src/mypkg/install/mypkg/lib/mypkg
[0.802s] writing list of installed files to '/home/masanao/ros2_ws/src/mypkg/build/mypkg/install.log'
[0.823s] Invoked command in '/home/masanao/ros2_ws/src/mypkg' returned '0': PYTHONPATH=/home/masanao/ros2_ws/src/mypkg/build/mypkg/prefix_override:/home/masanao/ros2_ws/src/mypkg/install/mypkg/lib/python3.6/site-packages:${PYTHONPATH} /usr/bin/python3 setup.py egg_info --egg-base build/mypkg build --build-base /home/masanao/ros2_ws/src/mypkg/build/mypkg/build install --record /home/masanao/ros2_ws/src/mypkg/build/mypkg/install.log --install-scripts $base/lib/mypkg --single-version-externally-managed
