[0.230s] DEBUG:colcon:Command line arguments: ['/usr/bin/colcon', 'build', '--cmake-clean-cache']
[0.230s] DEBUG:colcon:Parsed command line arguments: Namespace(allow_overriding=[], ament_cmake_args=None, base_paths=['.'], build_base='build', catkin_cmake_args=None, catkin_skip_building_tests=False, cmake_args=None, cmake_clean_cache=True, cmake_clean_first=False, cmake_force_configure=False, cmake_target=None, cmake_target_skip_unavailable=False, continue_on_error=False, event_handlers=None, executor='parallel', ignore_user_meta=False, install_base='install', log_base=None, log_level=None, main=<bound method BuildVerb.main of <colcon_core.verb.build.BuildVerb object at 0x7f1821bf6b00>>, merge_install=False, metas=['./colcon.meta'], packages_above=None, packages_above_and_dependencies=None, packages_above_depth=None, packages_end=None, packages_ignore=None, packages_ignore_regex=None, packages_select=None, packages_select_build_failed=False, packages_select_by_dep=None, packages_select_regex=None, packages_select_test_failures=False, packages_skip=None, packages_skip_build_finished=False, packages_skip_by_dep=None, packages_skip_regex=None, packages_skip_test_passed=False, packages_skip_up_to=None, packages_start=None, packages_up_to=None, packages_up_to_regex=None, parallel_workers=8, paths=None, symlink_install=False, test_result_base=None, verb_extension=<colcon_core.verb.build.BuildVerb object at 0x7f1821bf6b00>, verb_name='build', verb_parser=<colcon_defaults.argument_parser.defaults.DefaultArgumentsDecorator object at 0x7f1821bf6e48>)
[0.255s] Level 1:colcon.colcon_core.package_discovery:discover_packages(colcon_meta) check parameters
[0.255s] Level 1:colcon.colcon_core.package_discovery:discover_packages(recursive) check parameters
[0.255s] Level 1:colcon.colcon_core.package_discovery:discover_packages(ignore) check parameters
[0.255s] Level 1:colcon.colcon_core.package_discovery:discover_packages(path) check parameters
[0.255s] Level 1:colcon.colcon_core.package_discovery:discover_packages(colcon_meta) discover
[0.255s] Level 1:colcon.colcon_core.package_discovery:discover_packages(recursive) discover
[0.255s] INFO:colcon.colcon_core.package_discovery:Crawling recursively for packages in '/home/masanao/ros2_ws'
[0.255s] Level 1:colcon.colcon_core.package_identification:_identify(.) by extensions ['ignore', 'ignore_ament_install']
[0.256s] Level 1:colcon.colcon_core.package_identification:_identify(.) by extension 'ignore'
[0.256s] Level 1:colcon.colcon_core.package_identification:_identify(.) by extension 'ignore_ament_install'
[0.256s] Level 1:colcon.colcon_core.package_identification:_identify(.) by extensions ['colcon_pkg']
[0.256s] Level 1:colcon.colcon_core.package_identification:_identify(.) by extension 'colcon_pkg'
[0.256s] Level 1:colcon.colcon_core.package_identification:_identify(.) by extensions ['colcon_meta']
[0.256s] Level 1:colcon.colcon_core.package_identification:_identify(.) by extension 'colcon_meta'
[0.256s] Level 1:colcon.colcon_core.package_identification:_identify(.) by extensions ['ros']
[0.256s] Level 1:colcon.colcon_core.package_identification:_identify(.) by extension 'ros'
[0.279s] Level 1:colcon.colcon_core.package_identification:_identify(.) by extensions ['cmake', 'python']
[0.279s] Level 1:colcon.colcon_core.package_identification:_identify(.) by extension 'cmake'
[0.279s] Level 1:colcon.colcon_core.package_identification:_identify(.) by extension 'python'
[0.279s] Level 1:colcon.colcon_core.package_identification:_identify(.) by extensions ['python_setup_py']
[0.279s] Level 1:colcon.colcon_core.package_identification:_identify(.) by extension 'python_setup_py'
[0.279s] Level 1:colcon.colcon_core.package_identification:_identify(build) by extensions ['ignore', 'ignore_ament_install']
[0.279s] Level 1:colcon.colcon_core.package_identification:_identify(build) by extension 'ignore'
[0.279s] Level 1:colcon.colcon_core.package_identification:_identify(build) ignored
[0.280s] Level 1:colcon.colcon_core.package_identification:_identify(cd) by extensions ['ignore', 'ignore_ament_install']
[0.280s] Level 1:colcon.colcon_core.package_identification:_identify(cd) by extension 'ignore'
[0.280s] Level 1:colcon.colcon_core.package_identification:_identify(cd) by extension 'ignore_ament_install'
[0.280s] Level 1:colcon.colcon_core.package_identification:_identify(cd) by extensions ['colcon_pkg']
[0.280s] Level 1:colcon.colcon_core.package_identification:_identify(cd) by extension 'colcon_pkg'
[0.280s] Level 1:colcon.colcon_core.package_identification:_identify(cd) by extensions ['colcon_meta']
[0.280s] Level 1:colcon.colcon_core.package_identification:_identify(cd) by extension 'colcon_meta'
[0.280s] Level 1:colcon.colcon_core.package_identification:_identify(cd) by extensions ['ros']
[0.280s] Level 1:colcon.colcon_core.package_identification:_identify(cd) by extension 'ros'
[0.280s] Level 1:colcon.colcon_core.package_identification:_identify(cd) by extensions ['cmake', 'python']
[0.280s] Level 1:colcon.colcon_core.package_identification:_identify(cd) by extension 'cmake'
[0.280s] Level 1:colcon.colcon_core.package_identification:_identify(cd) by extension 'python'
[0.281s] Level 1:colcon.colcon_core.package_identification:_identify(cd) by extensions ['python_setup_py']
[0.281s] Level 1:colcon.colcon_core.package_identification:_identify(cd) by extension 'python_setup_py'
[0.281s] Level 1:colcon.colcon_core.package_identification:_identify(install) by extensions ['ignore', 'ignore_ament_install']
[0.281s] Level 1:colcon.colcon_core.package_identification:_identify(install) by extension 'ignore'
[0.281s] Level 1:colcon.colcon_core.package_identification:_identify(install) ignored
[0.281s] Level 1:colcon.colcon_core.package_identification:_identify(log) by extensions ['ignore', 'ignore_ament_install']
[0.281s] Level 1:colcon.colcon_core.package_identification:_identify(log) by extension 'ignore'
[0.281s] Level 1:colcon.colcon_core.package_identification:_identify(log) ignored
[0.282s] Level 1:colcon.colcon_core.package_identification:_identify(src) by extensions ['ignore', 'ignore_ament_install']
[0.282s] Level 1:colcon.colcon_core.package_identification:_identify(src) by extension 'ignore'
[0.282s] Level 1:colcon.colcon_core.package_identification:_identify(src) by extension 'ignore_ament_install'
[0.282s] Level 1:colcon.colcon_core.package_identification:_identify(src) by extensions ['colcon_pkg']
[0.282s] Level 1:colcon.colcon_core.package_identification:_identify(src) by extension 'colcon_pkg'
[0.282s] Level 1:colcon.colcon_core.package_identification:_identify(src) by extensions ['colcon_meta']
[0.282s] Level 1:colcon.colcon_core.package_identification:_identify(src) by extension 'colcon_meta'
[0.282s] Level 1:colcon.colcon_core.package_identification:_identify(src) by extensions ['ros']
[0.282s] Level 1:colcon.colcon_core.package_identification:_identify(src) by extension 'ros'
[0.282s] Level 1:colcon.colcon_core.package_identification:_identify(src) by extensions ['cmake', 'python']
[0.282s] Level 1:colcon.colcon_core.package_identification:_identify(src) by extension 'cmake'
[0.282s] Level 1:colcon.colcon_core.package_identification:_identify(src) by extension 'python'
[0.282s] Level 1:colcon.colcon_core.package_identification:_identify(src) by extensions ['python_setup_py']
[0.282s] Level 1:colcon.colcon_core.package_identification:_identify(src) by extension 'python_setup_py'
[0.282s] Level 1:colcon.colcon_core.package_identification:_identify(src/mypkg) by extensions ['ignore', 'ignore_ament_install']
[0.283s] Level 1:colcon.colcon_core.package_identification:_identify(src/mypkg) by extension 'ignore'
[0.283s] Level 1:colcon.colcon_core.package_identification:_identify(src/mypkg) by extension 'ignore_ament_install'
[0.283s] Level 1:colcon.colcon_core.package_identification:_identify(src/mypkg) by extensions ['colcon_pkg']
[0.283s] Level 1:colcon.colcon_core.package_identification:_identify(src/mypkg) by extension 'colcon_pkg'
[0.283s] Level 1:colcon.colcon_core.package_identification:_identify(src/mypkg) by extensions ['colcon_meta']
[0.283s] Level 1:colcon.colcon_core.package_identification:_identify(src/mypkg) by extension 'colcon_meta'
[0.283s] Level 1:colcon.colcon_core.package_identification:_identify(src/mypkg) by extensions ['ros']
[0.283s] Level 1:colcon.colcon_core.package_identification:_identify(src/mypkg) by extension 'ros'
[0.286s] DEBUG:colcon.colcon_core.package_identification:Package 'src/mypkg' with type 'ros.ament_python' and name 'mypkg'
[0.286s] Level 1:colcon.colcon_core.package_identification:_identify(src/person_msgs) by extensions ['ignore', 'ignore_ament_install']
[0.286s] Level 1:colcon.colcon_core.package_identification:_identify(src/person_msgs) by extension 'ignore'
[0.286s] Level 1:colcon.colcon_core.package_identification:_identify(src/person_msgs) by extension 'ignore_ament_install'
[0.286s] Level 1:colcon.colcon_core.package_identification:_identify(src/person_msgs) by extensions ['colcon_pkg']
[0.286s] Level 1:colcon.colcon_core.package_identification:_identify(src/person_msgs) by extension 'colcon_pkg'
[0.286s] Level 1:colcon.colcon_core.package_identification:_identify(src/person_msgs) by extensions ['colcon_meta']
[0.286s] Level 1:colcon.colcon_core.package_identification:_identify(src/person_msgs) by extension 'colcon_meta'
[0.286s] Level 1:colcon.colcon_core.package_identification:_identify(src/person_msgs) by extensions ['ros']
[0.286s] Level 1:colcon.colcon_core.package_identification:_identify(src/person_msgs) by extension 'ros'
[0.287s] DEBUG:colcon.colcon_core.package_identification:Package 'src/person_msgs' with type 'ros.ament_cmake' and name 'person_msgs'
[0.287s] Level 1:colcon.colcon_core.package_discovery:discover_packages(recursive) using defaults
[0.287s] Level 1:colcon.colcon_core.package_discovery:discover_packages(ignore) discover
[0.287s] Level 1:colcon.colcon_core.package_discovery:discover_packages(ignore) using defaults
[0.287s] Level 1:colcon.colcon_core.package_discovery:discover_packages(path) discover
[0.287s] Level 1:colcon.colcon_core.package_discovery:discover_packages(path) using defaults
[0.310s] Level 1:colcon.colcon_core.package_discovery:discover_packages(prefix_path) check parameters
[0.310s] Level 1:colcon.colcon_core.package_discovery:discover_packages(prefix_path) discover
[0.313s] DEBUG:colcon.colcon_installed_package_information.package_discovery:Found 2 installed packages in /home/masanao/ros2_ws/install
[0.315s] DEBUG:colcon.colcon_installed_package_information.package_discovery:Found 215 installed packages in /opt/ros/dashing
[0.317s] Level 1:colcon.colcon_core.package_discovery:discover_packages(prefix_path) using defaults
[0.377s] Level 5:colcon.colcon_core.verb:set package 'mypkg' build argument 'cmake_args' from command line to 'None'
[0.377s] Level 5:colcon.colcon_core.verb:set package 'mypkg' build argument 'cmake_target' from command line to 'None'
[0.377s] Level 5:colcon.colcon_core.verb:set package 'mypkg' build argument 'cmake_target_skip_unavailable' from command line to 'False'
[0.377s] Level 5:colcon.colcon_core.verb:set package 'mypkg' build argument 'cmake_clean_cache' from command line to 'True'
[0.377s] Level 5:colcon.colcon_core.verb:set package 'mypkg' build argument 'cmake_clean_first' from command line to 'False'
[0.377s] Level 5:colcon.colcon_core.verb:set package 'mypkg' build argument 'cmake_force_configure' from command line to 'False'
[0.377s] Level 5:colcon.colcon_core.verb:set package 'mypkg' build argument 'ament_cmake_args' from command line to 'None'
[0.377s] Level 5:colcon.colcon_core.verb:set package 'mypkg' build argument 'catkin_cmake_args' from command line to 'None'
[0.377s] Level 5:colcon.colcon_core.verb:set package 'mypkg' build argument 'catkin_skip_building_tests' from command line to 'False'
[0.377s] DEBUG:colcon.colcon_core.verb:Building package 'mypkg' with the following arguments: {'ament_cmake_args': None, 'build_base': '/home/masanao/ros2_ws/build/mypkg', 'catkin_cmake_args': None, 'catkin_skip_building_tests': False, 'cmake_args': None, 'cmake_clean_cache': True, 'cmake_clean_first': False, 'cmake_force_configure': False, 'cmake_target': None, 'cmake_target_skip_unavailable': False, 'install_base': '/home/masanao/ros2_ws/install/mypkg', 'merge_install': False, 'path': '/home/masanao/ros2_ws/src/mypkg', 'symlink_install': False, 'test_result_base': None}
[0.378s] Level 5:colcon.colcon_core.verb:set package 'person_msgs' build argument 'cmake_args' from command line to 'None'
[0.378s] Level 5:colcon.colcon_core.verb:set package 'person_msgs' build argument 'cmake_target' from command line to 'None'
[0.378s] Level 5:colcon.colcon_core.verb:set package 'person_msgs' build argument 'cmake_target_skip_unavailable' from command line to 'False'
[0.378s] Level 5:colcon.colcon_core.verb:set package 'person_msgs' build argument 'cmake_clean_cache' from command line to 'True'
[0.378s] Level 5:colcon.colcon_core.verb:set package 'person_msgs' build argument 'cmake_clean_first' from command line to 'False'
[0.378s] Level 5:colcon.colcon_core.verb:set package 'person_msgs' build argument 'cmake_force_configure' from command line to 'False'
[0.378s] Level 5:colcon.colcon_core.verb:set package 'person_msgs' build argument 'ament_cmake_args' from command line to 'None'
[0.378s] Level 5:colcon.colcon_core.verb:set package 'person_msgs' build argument 'catkin_cmake_args' from command line to 'None'
[0.378s] Level 5:colcon.colcon_core.verb:set package 'person_msgs' build argument 'catkin_skip_building_tests' from command line to 'False'
[0.378s] DEBUG:colcon.colcon_core.verb:Building package 'person_msgs' with the following arguments: {'ament_cmake_args': None, 'build_base': '/home/masanao/ros2_ws/build/person_msgs', 'catkin_cmake_args': None, 'catkin_skip_building_tests': False, 'cmake_args': None, 'cmake_clean_cache': True, 'cmake_clean_first': False, 'cmake_force_configure': False, 'cmake_target': None, 'cmake_target_skip_unavailable': False, 'install_base': '/home/masanao/ros2_ws/install/person_msgs', 'merge_install': False, 'path': '/home/masanao/ros2_ws/src/person_msgs', 'symlink_install': False, 'test_result_base': None}
[0.379s] INFO:colcon.colcon_core.executor:Executing jobs using 'parallel' executor
[0.384s] DEBUG:colcon.colcon_parallel_executor.executor.parallel:run_until_complete
[0.384s] INFO:colcon.colcon_ros.task.ament_python.build:Building ROS package in '/home/masanao/ros2_ws/src/mypkg' with build type 'ament_python'
[0.384s] Level 1:colcon.colcon_core.shell:create_environment_hook('mypkg', 'ament_prefix_path')
[0.391s] INFO:colcon.colcon_core.plugin_system:Skipping extension 'colcon_core.shell.bat': Not used on non-Windows systems
[0.391s] INFO:colcon.colcon_core.shell:Creating environment hook '/home/masanao/ros2_ws/install/mypkg/share/mypkg/hook/ament_prefix_path.ps1'
[0.392s] INFO:colcon.colcon_core.shell:Creating environment descriptor '/home/masanao/ros2_ws/install/mypkg/share/mypkg/hook/ament_prefix_path.dsv'
[0.392s] INFO:colcon.colcon_core.shell:Creating environment hook '/home/masanao/ros2_ws/install/mypkg/share/mypkg/hook/ament_prefix_path.sh'
[0.394s] INFO:colcon.colcon_core.shell:Skip shell extension 'powershell' for command environment: Not usable outside of PowerShell
[0.394s] DEBUG:colcon.colcon_core.shell:Skip shell extension 'dsv' for command environment
[0.400s] INFO:colcon.colcon_ros.task.ament_cmake.build:Building ROS package in '/home/masanao/ros2_ws/src/person_msgs' with build type 'ament_cmake'
[0.401s] INFO:colcon.colcon_cmake.task.cmake.build:Building CMake package in '/home/masanao/ros2_ws/src/person_msgs'
[0.402s] INFO:colcon.colcon_core.shell:Skip shell extension 'powershell' for command environment: Not usable outside of PowerShell
[0.402s] DEBUG:colcon.colcon_core.shell:Skip shell extension 'dsv' for command environment
[0.619s] INFO:colcon.colcon_core.task.python.build:Building Python package in '/home/masanao/ros2_ws/src/mypkg'
[0.621s] INFO:colcon.colcon_core.shell:Skip shell extension 'powershell' for command environment: Not usable outside of PowerShell
[0.621s] DEBUG:colcon.colcon_core.shell:Skip shell extension 'dsv' for command environment
[0.628s] DEBUG:colcon.colcon_core.event_handler.log_command:Invoking command in '/home/masanao/ros2_ws/build/person_msgs': CMAKE_PREFIX_PATH=${CMAKE_PREFIX_PATH}:/home/masanao/ros2_ws/install/mypkg:/opt/ros/dashing /usr/bin/cmake /home/masanao/ros2_ws/src/person_msgs -DCMAKE_INSTALL_PREFIX=/home/masanao/ros2_ws/install/person_msgs
[1.047s] DEBUG:colcon.colcon_core.event_handler.log_command:Invoking command in '/home/masanao/ros2_ws/src/mypkg': PYTHONPATH=/home/masanao/ros2_ws/build/mypkg/prefix_override:/home/masanao/ros2_ws/install/mypkg/lib/python3.6/site-packages:${PYTHONPATH} /usr/bin/python3 setup.py egg_info --egg-base ../../build/mypkg build --build-base /home/masanao/ros2_ws/build/mypkg/build install --record /home/masanao/ros2_ws/build/mypkg/install.log --install-scripts $base/lib/mypkg --single-version-externally-managed
[1.410s] DEBUG:colcon.colcon_core.event_handler.log_command:Invoked command in '/home/masanao/ros2_ws/src/mypkg' returned '0': PYTHONPATH=/home/masanao/ros2_ws/build/mypkg/prefix_override:/home/masanao/ros2_ws/install/mypkg/lib/python3.6/site-packages:${PYTHONPATH} /usr/bin/python3 setup.py egg_info --egg-base ../../build/mypkg build --build-base /home/masanao/ros2_ws/build/mypkg/build install --record /home/masanao/ros2_ws/build/mypkg/install.log --install-scripts $base/lib/mypkg --single-version-externally-managed
[1.417s] Level 1:colcon.colcon_core.environment:checking '/home/masanao/ros2_ws/install/mypkg' for CMake module files
[1.418s] Level 1:colcon.colcon_core.environment:checking '/home/masanao/ros2_ws/install/mypkg' for CMake config files
[1.419s] Level 1:colcon.colcon_core.environment:checking '/home/masanao/ros2_ws/install/mypkg/lib'
[1.419s] Level 1:colcon.colcon_core.environment:checking '/home/masanao/ros2_ws/install/mypkg/bin'
[1.419s] Level 1:colcon.colcon_core.environment:checking '/home/masanao/ros2_ws/install/mypkg/lib/pkgconfig/mypkg.pc'
[1.419s] Level 1:colcon.colcon_core.environment:checking '/home/masanao/ros2_ws/install/mypkg/lib/python3.6/site-packages'
[1.419s] Level 1:colcon.colcon_core.shell:create_environment_hook('mypkg', 'pythonpath')
[1.420s] INFO:colcon.colcon_core.shell:Creating environment hook '/home/masanao/ros2_ws/install/mypkg/share/mypkg/hook/pythonpath.ps1'
[1.421s] INFO:colcon.colcon_core.shell:Creating environment descriptor '/home/masanao/ros2_ws/install/mypkg/share/mypkg/hook/pythonpath.dsv'
[1.422s] INFO:colcon.colcon_core.shell:Creating environment hook '/home/masanao/ros2_ws/install/mypkg/share/mypkg/hook/pythonpath.sh'
[1.422s] Level 1:colcon.colcon_core.environment:checking '/home/masanao/ros2_ws/install/mypkg/bin'
[1.422s] Level 1:colcon.colcon_core.environment:create_environment_scripts_only(mypkg)
[1.424s] INFO:colcon.colcon_core.shell:Creating package script '/home/masanao/ros2_ws/install/mypkg/share/mypkg/package.ps1'
[1.425s] INFO:colcon.colcon_core.shell:Creating package descriptor '/home/masanao/ros2_ws/install/mypkg/share/mypkg/package.dsv'
[1.426s] INFO:colcon.colcon_core.shell:Creating package script '/home/masanao/ros2_ws/install/mypkg/share/mypkg/package.sh'
[1.427s] INFO:colcon.colcon_core.shell:Creating package script '/home/masanao/ros2_ws/install/mypkg/share/mypkg/package.bash'
[1.427s] INFO:colcon.colcon_core.shell:Creating package script '/home/masanao/ros2_ws/install/mypkg/share/mypkg/package.zsh'
[1.428s] Level 1:colcon.colcon_core.environment:create_file_with_runtime_dependencies(/home/masanao/ros2_ws/install/mypkg/share/colcon-core/packages/mypkg)
[8.994s] DEBUG:colcon.colcon_core.event_handler.log_command:Invoked command in '/home/masanao/ros2_ws/build/person_msgs' returned '0': CMAKE_PREFIX_PATH=${CMAKE_PREFIX_PATH}:/home/masanao/ros2_ws/install/mypkg:/opt/ros/dashing /usr/bin/cmake /home/masanao/ros2_ws/src/person_msgs -DCMAKE_INSTALL_PREFIX=/home/masanao/ros2_ws/install/person_msgs
[8.998s] DEBUG:colcon.colcon_core.event_handler.log_command:Invoking command in '/home/masanao/ros2_ws/build/person_msgs': CMAKE_PREFIX_PATH=${CMAKE_PREFIX_PATH}:/home/masanao/ros2_ws/install/mypkg:/opt/ros/dashing /usr/bin/cmake --build /home/masanao/ros2_ws/build/person_msgs -- -j8 -l8
[9.266s] DEBUG:colcon.colcon_core.event_handler.log_command:Invoked command in '/home/masanao/ros2_ws/build/person_msgs' returned '0': CMAKE_PREFIX_PATH=${CMAKE_PREFIX_PATH}:/home/masanao/ros2_ws/install/mypkg:/opt/ros/dashing /usr/bin/cmake --build /home/masanao/ros2_ws/build/person_msgs -- -j8 -l8
[9.356s] DEBUG:colcon.colcon_core.event_handler.log_command:Invoking command in '/home/masanao/ros2_ws/build/person_msgs': CMAKE_PREFIX_PATH=${CMAKE_PREFIX_PATH}:/home/masanao/ros2_ws/install/mypkg:/opt/ros/dashing /usr/bin/cmake --build /home/masanao/ros2_ws/build/person_msgs --target install -- -j8 -l8
[9.687s] Level 1:colcon.colcon_core.environment:create_environment_scripts_only(person_msgs)
[9.689s] Level 1:colcon.colcon_core.environment:checking '/home/masanao/ros2_ws/install/person_msgs' for CMake module files
[9.690s] DEBUG:colcon.colcon_core.event_handler.log_command:Invoked command in '/home/masanao/ros2_ws/build/person_msgs' returned '0': CMAKE_PREFIX_PATH=${CMAKE_PREFIX_PATH}:/home/masanao/ros2_ws/install/mypkg:/opt/ros/dashing /usr/bin/cmake --build /home/masanao/ros2_ws/build/person_msgs --target install -- -j8 -l8
[9.690s] Level 1:colcon.colcon_core.environment:checking '/home/masanao/ros2_ws/install/person_msgs' for CMake config files
[9.691s] Level 1:colcon.colcon_core.shell:create_environment_hook('person_msgs', 'cmake_prefix_path')
[9.692s] INFO:colcon.colcon_core.shell:Creating environment hook '/home/masanao/ros2_ws/install/person_msgs/share/person_msgs/hook/cmake_prefix_path.ps1'
[9.692s] INFO:colcon.colcon_core.shell:Creating environment descriptor '/home/masanao/ros2_ws/install/person_msgs/share/person_msgs/hook/cmake_prefix_path.dsv'
[9.693s] INFO:colcon.colcon_core.shell:Creating environment hook '/home/masanao/ros2_ws/install/person_msgs/share/person_msgs/hook/cmake_prefix_path.sh'
[9.694s] Level 1:colcon.colcon_core.environment:checking '/home/masanao/ros2_ws/install/person_msgs/lib'
[9.694s] Level 1:colcon.colcon_core.shell:create_environment_hook('person_msgs', 'ld_library_path_lib')
[9.695s] INFO:colcon.colcon_core.shell:Creating environment hook '/home/masanao/ros2_ws/install/person_msgs/share/person_msgs/hook/ld_library_path_lib.ps1'
[9.695s] INFO:colcon.colcon_core.shell:Creating environment descriptor '/home/masanao/ros2_ws/install/person_msgs/share/person_msgs/hook/ld_library_path_lib.dsv'
[9.696s] INFO:colcon.colcon_core.shell:Creating environment hook '/home/masanao/ros2_ws/install/person_msgs/share/person_msgs/hook/ld_library_path_lib.sh'
[9.696s] Level 1:colcon.colcon_core.environment:checking '/home/masanao/ros2_ws/install/person_msgs/bin'
[9.697s] Level 1:colcon.colcon_core.environment:checking '/home/masanao/ros2_ws/install/person_msgs/lib/pkgconfig/person_msgs.pc'
[9.697s] Level 1:colcon.colcon_core.environment:checking '/home/masanao/ros2_ws/install/person_msgs/lib/python3.6/site-packages'
[9.697s] Level 1:colcon.colcon_core.shell:create_environment_hook('person_msgs', 'pythonpath')
[9.698s] INFO:colcon.colcon_core.shell:Creating environment hook '/home/masanao/ros2_ws/install/person_msgs/share/person_msgs/hook/pythonpath.ps1'
[9.698s] INFO:colcon.colcon_core.shell:Creating environment descriptor '/home/masanao/ros2_ws/install/person_msgs/share/person_msgs/hook/pythonpath.dsv'
[9.699s] INFO:colcon.colcon_core.shell:Creating environment hook '/home/masanao/ros2_ws/install/person_msgs/share/person_msgs/hook/pythonpath.sh'
[9.699s] Level 1:colcon.colcon_core.environment:checking '/home/masanao/ros2_ws/install/person_msgs/bin'
[9.701s] INFO:colcon.colcon_core.shell:Creating package script '/home/masanao/ros2_ws/install/person_msgs/share/person_msgs/package.ps1'
[9.701s] INFO:colcon.colcon_core.shell:Creating package descriptor '/home/masanao/ros2_ws/install/person_msgs/share/person_msgs/package.dsv'
[9.702s] INFO:colcon.colcon_core.shell:Creating package script '/home/masanao/ros2_ws/install/person_msgs/share/person_msgs/package.sh'
[9.703s] INFO:colcon.colcon_core.shell:Creating package script '/home/masanao/ros2_ws/install/person_msgs/share/person_msgs/package.bash'
[9.704s] INFO:colcon.colcon_core.shell:Creating package script '/home/masanao/ros2_ws/install/person_msgs/share/person_msgs/package.zsh'
[9.704s] Level 1:colcon.colcon_core.environment:create_file_with_runtime_dependencies(/home/masanao/ros2_ws/install/person_msgs/share/colcon-core/packages/person_msgs)
[9.775s] Level 1:colcon.colcon_core.environment:create_environment_scripts_only(person_msgs)
[9.777s] Level 1:colcon.colcon_core.environment:checking '/home/masanao/ros2_ws/install/person_msgs' for CMake module files
[9.777s] Level 1:colcon.colcon_core.environment:checking '/home/masanao/ros2_ws/install/person_msgs' for CMake config files
[9.778s] Level 1:colcon.colcon_core.shell:create_environment_hook('person_msgs', 'cmake_prefix_path')
[9.779s] INFO:colcon.colcon_core.shell:Creating environment hook '/home/masanao/ros2_ws/install/person_msgs/share/person_msgs/hook/cmake_prefix_path.ps1'
[9.779s] INFO:colcon.colcon_core.shell:Creating environment descriptor '/home/masanao/ros2_ws/install/person_msgs/share/person_msgs/hook/cmake_prefix_path.dsv'
[9.780s] INFO:colcon.colcon_core.shell:Creating environment hook '/home/masanao/ros2_ws/install/person_msgs/share/person_msgs/hook/cmake_prefix_path.sh'
[9.781s] Level 1:colcon.colcon_core.environment:checking '/home/masanao/ros2_ws/install/person_msgs/lib'
[9.781s] Level 1:colcon.colcon_core.shell:create_environment_hook('person_msgs', 'ld_library_path_lib')
[9.782s] INFO:colcon.colcon_core.shell:Creating environment hook '/home/masanao/ros2_ws/install/person_msgs/share/person_msgs/hook/ld_library_path_lib.ps1'
[9.782s] INFO:colcon.colcon_core.shell:Creating environment descriptor '/home/masanao/ros2_ws/install/person_msgs/share/person_msgs/hook/ld_library_path_lib.dsv'
[9.783s] INFO:colcon.colcon_core.shell:Creating environment hook '/home/masanao/ros2_ws/install/person_msgs/share/person_msgs/hook/ld_library_path_lib.sh'
[9.783s] Level 1:colcon.colcon_core.environment:checking '/home/masanao/ros2_ws/install/person_msgs/bin'
[9.783s] Level 1:colcon.colcon_core.environment:checking '/home/masanao/ros2_ws/install/person_msgs/lib/pkgconfig/person_msgs.pc'
[9.783s] Level 1:colcon.colcon_core.environment:checking '/home/masanao/ros2_ws/install/person_msgs/lib/python3.6/site-packages'
[9.783s] Level 1:colcon.colcon_core.shell:create_environment_hook('person_msgs', 'pythonpath')
[9.784s] INFO:colcon.colcon_core.shell:Creating environment hook '/home/masanao/ros2_ws/install/person_msgs/share/person_msgs/hook/pythonpath.ps1'
[9.785s] INFO:colcon.colcon_core.shell:Creating environment descriptor '/home/masanao/ros2_ws/install/person_msgs/share/person_msgs/hook/pythonpath.dsv'
[9.786s] INFO:colcon.colcon_core.shell:Creating environment hook '/home/masanao/ros2_ws/install/person_msgs/share/person_msgs/hook/pythonpath.sh'
[9.787s] Level 1:colcon.colcon_core.environment:checking '/home/masanao/ros2_ws/install/person_msgs/bin'
[9.789s] INFO:colcon.colcon_core.shell:Creating package script '/home/masanao/ros2_ws/install/person_msgs/share/person_msgs/package.ps1'
[9.789s] INFO:colcon.colcon_core.shell:Creating package descriptor '/home/masanao/ros2_ws/install/person_msgs/share/person_msgs/package.dsv'
[9.790s] INFO:colcon.colcon_core.shell:Creating package script '/home/masanao/ros2_ws/install/person_msgs/share/person_msgs/package.sh'
[9.790s] INFO:colcon.colcon_core.shell:Creating package script '/home/masanao/ros2_ws/install/person_msgs/share/person_msgs/package.bash'
[9.791s] INFO:colcon.colcon_core.shell:Creating package script '/home/masanao/ros2_ws/install/person_msgs/share/person_msgs/package.zsh'
[9.791s] Level 1:colcon.colcon_core.environment:create_file_with_runtime_dependencies(/home/masanao/ros2_ws/install/person_msgs/share/colcon-core/packages/person_msgs)
[9.792s] DEBUG:colcon.colcon_parallel_executor.executor.parallel:closing loop
[9.793s] DEBUG:colcon.colcon_parallel_executor.executor.parallel:loop closed
[9.793s] DEBUG:colcon.colcon_parallel_executor.executor.parallel:run_until_complete finished with '0'
[9.793s] DEBUG:colcon.colcon_core.event_reactor:joining thread
[9.824s] INFO:colcon.colcon_core.plugin_system:Skipping extension 'colcon_notification.desktop_notification.notify_send': Could not find 'notify-send'
[9.824s] INFO:colcon.colcon_core.plugin_system:Skipping extension 'colcon_notification.desktop_notification.terminal_notifier': Not used on non-Darwin systems
[9.824s] INFO:colcon.colcon_core.plugin_system:Skipping extension 'colcon_notification.desktop_notification.win32': Not used on non-Windows systems
[9.824s] INFO:colcon.colcon_notification.desktop_notification:Sending desktop notification using 'notify2'
[9.853s] DEBUG:colcon.colcon_notification.desktop_notification.notify2:Failed to initialize notify2: org.freedesktop.DBus.Error.ServiceUnknown: The name org.freedesktop.Notifications was not provided by any .service files
[9.853s] DEBUG:colcon.colcon_core.event_reactor:joined thread
[9.856s] INFO:colcon.colcon_core.shell:Creating prefix script '/home/masanao/ros2_ws/install/local_setup.ps1'
[9.857s] INFO:colcon.colcon_core.shell:Creating prefix util module '/home/masanao/ros2_ws/install/_local_setup_util_ps1.py'
[9.858s] INFO:colcon.colcon_core.shell:Creating prefix chain script '/home/masanao/ros2_ws/install/setup.ps1'
[9.860s] INFO:colcon.colcon_core.shell:Creating prefix script '/home/masanao/ros2_ws/install/local_setup.sh'
[9.860s] INFO:colcon.colcon_core.shell:Creating prefix util module '/home/masanao/ros2_ws/install/_local_setup_util_sh.py'
[9.861s] INFO:colcon.colcon_core.shell:Creating prefix chain script '/home/masanao/ros2_ws/install/setup.sh'
[9.862s] INFO:colcon.colcon_core.shell:Creating prefix script '/home/masanao/ros2_ws/install/local_setup.bash'
[9.863s] INFO:colcon.colcon_core.shell:Creating prefix chain script '/home/masanao/ros2_ws/install/setup.bash'
[9.864s] INFO:colcon.colcon_core.shell:Creating prefix script '/home/masanao/ros2_ws/install/local_setup.zsh'
[9.865s] INFO:colcon.colcon_core.shell:Creating prefix chain script '/home/masanao/ros2_ws/install/setup.zsh'
