[0.729s] Invoking command in '/home/masanao/ros2_ws/src/mypkg': PYTHONPATH=/home/masanao/ros2_ws/build/mypkg/prefix_override:/home/masanao/ros2_ws/install/mypkg/lib/python3.6/site-packages:${PYTHONPATH} /usr/bin/python3 setup.py egg_info --egg-base ../../build/mypkg build --build-base /home/masanao/ros2_ws/build/mypkg/build install --record /home/masanao/ros2_ws/build/mypkg/install.log --install-scripts $base/lib/mypkg --single-version-externally-managed
[0.981s] running egg_info
[0.982s] writing ../../build/mypkg/mypkg.egg-info/PKG-INFO
[0.982s] writing dependency_links to ../../build/mypkg/mypkg.egg-info/dependency_links.txt
[0.982s] writing entry points to ../../build/mypkg/mypkg.egg-info/entry_points.txt
[0.983s] writing requirements to ../../build/mypkg/mypkg.egg-info/requires.txt
[0.983s] writing top-level names to ../../build/mypkg/mypkg.egg-info/top_level.txt
[1.023s] reading manifest file '../../build/mypkg/mypkg.egg-info/SOURCES.txt'
[1.024s] writing manifest file '../../build/mypkg/mypkg.egg-info/SOURCES.txt'
[1.025s] running build
[1.025s] running build_py
[1.025s] running install
[1.025s] running install_lib
[1.027s] running install_data
[1.027s] running install_egg_info
[1.029s] removing '/home/masanao/ros2_ws/install/mypkg/lib/python3.6/site-packages/mypkg-0.0.0-py3.6.egg-info' (and everything under it)
[1.029s] Copying ../../build/mypkg/mypkg.egg-info to /home/masanao/ros2_ws/install/mypkg/lib/python3.6/site-packages/mypkg-0.0.0-py3.6.egg-info
[1.031s] running install_scripts
[1.055s] Installing listener script to /home/masanao/ros2_ws/install/mypkg/lib/mypkg
[1.056s] Installing talker script to /home/masanao/ros2_ws/install/mypkg/lib/mypkg
[1.056s] writing list of installed files to '/home/masanao/ros2_ws/build/mypkg/install.log'
[1.105s] Invoked command in '/home/masanao/ros2_ws/src/mypkg' returned '0': PYTHONPATH=/home/masanao/ros2_ws/build/mypkg/prefix_override:/home/masanao/ros2_ws/install/mypkg/lib/python3.6/site-packages:${PYTHONPATH} /usr/bin/python3 setup.py egg_info --egg-base ../../build/mypkg build --build-base /home/masanao/ros2_ws/build/mypkg/build install --record /home/masanao/ros2_ws/build/mypkg/install.log --install-scripts $base/lib/mypkg --single-version-externally-managed
