[0.694s] Invoking command in '/home/masanao/ros2_ws/src/mypkg': PYTHONPATH=/home/masanao/ros2_ws/build/mypkg/prefix_override:/home/masanao/ros2_ws/install/mypkg/lib/python3.6/site-packages:${PYTHONPATH} /usr/bin/python3 setup.py egg_info --egg-base ../../build/mypkg build --build-base /home/masanao/ros2_ws/build/mypkg/build install --record /home/masanao/ros2_ws/build/mypkg/install.log --install-scripts $base/lib/mypkg --single-version-externally-managed
[0.942s] running egg_info
[0.943s] writing ../../build/mypkg/mypkg.egg-info/PKG-INFO
[0.943s] writing dependency_links to ../../build/mypkg/mypkg.egg-info/dependency_links.txt
[0.944s] writing entry points to ../../build/mypkg/mypkg.egg-info/entry_points.txt
[0.944s] writing requirements to ../../build/mypkg/mypkg.egg-info/requires.txt
[0.944s] writing top-level names to ../../build/mypkg/mypkg.egg-info/top_level.txt
[0.982s] reading manifest file '../../build/mypkg/mypkg.egg-info/SOURCES.txt'
[0.984s] writing manifest file '../../build/mypkg/mypkg.egg-info/SOURCES.txt'
[0.984s] running build
[0.984s] running build_py
[0.985s] running install
[0.985s] running install_lib
[0.986s] running install_data
[0.987s] running install_egg_info
[0.989s] removing '/home/masanao/ros2_ws/install/mypkg/lib/python3.6/site-packages/mypkg-0.0.0-py3.6.egg-info' (and everything under it)
[0.990s] Copying ../../build/mypkg/mypkg.egg-info to /home/masanao/ros2_ws/install/mypkg/lib/python3.6/site-packages/mypkg-0.0.0-py3.6.egg-info
[0.991s] running install_scripts
[1.012s] Installing listener script to /home/masanao/ros2_ws/install/mypkg/lib/mypkg
[1.012s] Installing talker script to /home/masanao/ros2_ws/install/mypkg/lib/mypkg
[1.012s] writing list of installed files to '/home/masanao/ros2_ws/build/mypkg/install.log'
[1.059s] Invoked command in '/home/masanao/ros2_ws/src/mypkg' returned '0': PYTHONPATH=/home/masanao/ros2_ws/build/mypkg/prefix_override:/home/masanao/ros2_ws/install/mypkg/lib/python3.6/site-packages:${PYTHONPATH} /usr/bin/python3 setup.py egg_info --egg-base ../../build/mypkg build --build-base /home/masanao/ros2_ws/build/mypkg/build install --record /home/masanao/ros2_ws/build/mypkg/install.log --install-scripts $base/lib/mypkg --single-version-externally-managed
