[0.658s] Invoking command in '/home/masanao/ros2_ws/src/mypkg': PYTHONPATH=/home/masanao/ros2_ws/build/mypkg/prefix_override:/home/masanao/ros2_ws/install/mypkg/lib/python3.6/site-packages:${PYTHONPATH} /usr/bin/python3 setup.py egg_info --egg-base ../../build/mypkg build --build-base /home/masanao/ros2_ws/build/mypkg/build install --record /home/masanao/ros2_ws/build/mypkg/install.log --install-scripts $base/lib/mypkg --single-version-externally-managed
[0.902s] running egg_info
[0.903s] writing ../../build/mypkg/mypkg.egg-info/PKG-INFO
[0.904s] writing dependency_links to ../../build/mypkg/mypkg.egg-info/dependency_links.txt
[0.904s] writing entry points to ../../build/mypkg/mypkg.egg-info/entry_points.txt
[0.905s] writing requirements to ../../build/mypkg/mypkg.egg-info/requires.txt
[0.905s] writing top-level names to ../../build/mypkg/mypkg.egg-info/top_level.txt
[0.946s] reading manifest file '../../build/mypkg/mypkg.egg-info/SOURCES.txt'
[0.947s] writing manifest file '../../build/mypkg/mypkg.egg-info/SOURCES.txt'
[0.948s] running build
[0.948s] running build_py
[0.948s] copying mypkg/talker.py -> /home/masanao/ros2_ws/build/mypkg/build/lib/mypkg
[0.948s] running install
[0.949s] running install_lib
[0.949s] copying /home/masanao/ros2_ws/build/mypkg/build/lib/mypkg/talker.py -> /home/masanao/ros2_ws/install/mypkg/lib/python3.6/site-packages/mypkg
[0.950s] byte-compiling /home/masanao/ros2_ws/install/mypkg/lib/python3.6/site-packages/mypkg/talker.py to talker.cpython-36.pyc
[0.951s] running install_data
[0.951s] running install_egg_info
[0.954s] removing '/home/masanao/ros2_ws/install/mypkg/lib/python3.6/site-packages/mypkg-0.0.0-py3.6.egg-info' (and everything under it)
[0.954s] Copying ../../build/mypkg/mypkg.egg-info to /home/masanao/ros2_ws/install/mypkg/lib/python3.6/site-packages/mypkg-0.0.0-py3.6.egg-info
[0.955s] running install_scripts
[0.977s] Installing listener script to /home/masanao/ros2_ws/install/mypkg/lib/mypkg
[0.977s] Installing talker script to /home/masanao/ros2_ws/install/mypkg/lib/mypkg
[0.977s] writing list of installed files to '/home/masanao/ros2_ws/build/mypkg/install.log'
[1.010s] Invoked command in '/home/masanao/ros2_ws/src/mypkg' returned '0': PYTHONPATH=/home/masanao/ros2_ws/build/mypkg/prefix_override:/home/masanao/ros2_ws/install/mypkg/lib/python3.6/site-packages:${PYTHONPATH} /usr/bin/python3 setup.py egg_info --egg-base ../../build/mypkg build --build-base /home/masanao/ros2_ws/build/mypkg/build install --record /home/masanao/ros2_ws/build/mypkg/install.log --install-scripts $base/lib/mypkg --single-version-externally-managed
