[0.697s] Invoking command in '/home/masanao/ros2_ws/src/mypkg': PYTHONPATH=/home/masanao/ros2_ws/build/mypkg/prefix_override:/home/masanao/ros2_ws/install/mypkg/lib/python3.6/site-packages:${PYTHONPATH} /usr/bin/python3 setup.py egg_info --egg-base ../../build/mypkg build --build-base /home/masanao/ros2_ws/build/mypkg/build install --record /home/masanao/ros2_ws/build/mypkg/install.log --install-scripts $base/lib/mypkg --single-version-externally-managed
[0.947s] running egg_info
[0.948s] writing ../../build/mypkg/mypkg.egg-info/PKG-INFO
[0.948s] writing dependency_links to ../../build/mypkg/mypkg.egg-info/dependency_links.txt
[0.949s] writing entry points to ../../build/mypkg/mypkg.egg-info/entry_points.txt
[0.949s] writing requirements to ../../build/mypkg/mypkg.egg-info/requires.txt
[0.949s] writing top-level names to ../../build/mypkg/mypkg.egg-info/top_level.txt
[0.991s] reading manifest file '../../build/mypkg/mypkg.egg-info/SOURCES.txt'
[0.992s] writing manifest file '../../build/mypkg/mypkg.egg-info/SOURCES.txt'
[0.993s] running build
[0.993s] running build_py
[0.994s] copying mypkg/talker.py -> /home/masanao/ros2_ws/build/mypkg/build/lib/mypkg
[0.994s] running install
[0.994s] running install_lib
[0.996s] copying /home/masanao/ros2_ws/build/mypkg/build/lib/mypkg/talker.py -> /home/masanao/ros2_ws/install/mypkg/lib/python3.6/site-packages/mypkg
[0.997s] byte-compiling /home/masanao/ros2_ws/install/mypkg/lib/python3.6/site-packages/mypkg/talker.py to talker.cpython-36.pyc
[0.998s] running install_data
[0.998s] running install_egg_info
[1.001s] removing '/home/masanao/ros2_ws/install/mypkg/lib/python3.6/site-packages/mypkg-0.0.0-py3.6.egg-info' (and everything under it)
[1.001s] Copying ../../build/mypkg/mypkg.egg-info to /home/masanao/ros2_ws/install/mypkg/lib/python3.6/site-packages/mypkg-0.0.0-py3.6.egg-info
[1.002s] running install_scripts
[1.031s] Installing listener script to /home/masanao/ros2_ws/install/mypkg/lib/mypkg
[1.032s] Installing talker script to /home/masanao/ros2_ws/install/mypkg/lib/mypkg
[1.032s] writing list of installed files to '/home/masanao/ros2_ws/build/mypkg/install.log'
[1.073s] Invoked command in '/home/masanao/ros2_ws/src/mypkg' returned '0': PYTHONPATH=/home/masanao/ros2_ws/build/mypkg/prefix_override:/home/masanao/ros2_ws/install/mypkg/lib/python3.6/site-packages:${PYTHONPATH} /usr/bin/python3 setup.py egg_info --egg-base ../../build/mypkg build --build-base /home/masanao/ros2_ws/build/mypkg/build install --record /home/masanao/ros2_ws/build/mypkg/install.log --install-scripts $base/lib/mypkg --single-version-externally-managed
