[0.649s] Invoking command in '/home/masanao/ros2_ws/src/mypkg': PYTHONPATH=/home/masanao/ros2_ws/build/mypkg/prefix_override:/home/masanao/ros2_ws/install/mypkg/lib/python3.6/site-packages:${PYTHONPATH} /usr/bin/python3 setup.py egg_info --egg-base ../../build/mypkg build --build-base /home/masanao/ros2_ws/build/mypkg/build install --record /home/masanao/ros2_ws/build/mypkg/install.log --install-scripts $base/lib/mypkg --single-version-externally-managed
[0.883s] running egg_info
[0.883s] writing ../../build/mypkg/mypkg.egg-info/PKG-INFO
[0.884s] writing dependency_links to ../../build/mypkg/mypkg.egg-info/dependency_links.txt
[0.884s] writing entry points to ../../build/mypkg/mypkg.egg-info/entry_points.txt
[0.885s] writing requirements to ../../build/mypkg/mypkg.egg-info/requires.txt
[0.885s] writing top-level names to ../../build/mypkg/mypkg.egg-info/top_level.txt
[0.923s] reading manifest file '../../build/mypkg/mypkg.egg-info/SOURCES.txt'
[0.924s] writing manifest file '../../build/mypkg/mypkg.egg-info/SOURCES.txt'
[0.925s] running build
[0.925s] running build_py
[0.926s] running install
[0.926s] running install_lib
[0.927s] running install_data
[0.928s] running install_egg_info
[0.930s] removing '/home/masanao/ros2_ws/install/mypkg/lib/python3.6/site-packages/mypkg-0.0.0-py3.6.egg-info' (and everything under it)
[0.931s] Copying ../../build/mypkg/mypkg.egg-info to /home/masanao/ros2_ws/install/mypkg/lib/python3.6/site-packages/mypkg-0.0.0-py3.6.egg-info
[0.931s] running install_scripts
[0.951s] Installing listener script to /home/masanao/ros2_ws/install/mypkg/lib/mypkg
[0.952s] Installing talker script to /home/masanao/ros2_ws/install/mypkg/lib/mypkg
[0.953s] writing list of installed files to '/home/masanao/ros2_ws/build/mypkg/install.log'
[0.983s] Invoked command in '/home/masanao/ros2_ws/src/mypkg' returned '0': PYTHONPATH=/home/masanao/ros2_ws/build/mypkg/prefix_override:/home/masanao/ros2_ws/install/mypkg/lib/python3.6/site-packages:${PYTHONPATH} /usr/bin/python3 setup.py egg_info --egg-base ../../build/mypkg build --build-base /home/masanao/ros2_ws/build/mypkg/build install --record /home/masanao/ros2_ws/build/mypkg/install.log --install-scripts $base/lib/mypkg --single-version-externally-managed
