[0.592s] Invoking command in '/home/masanao/ros2_ws/src/mypkg': PYTHONPATH=/home/masanao/ros2_ws/build/mypkg/prefix_override:/home/masanao/ros2_ws/install/mypkg/lib/python3.6/site-packages:${PYTHONPATH} /usr/bin/python3 setup.py egg_info --egg-base ../../build/mypkg build --build-base /home/masanao/ros2_ws/build/mypkg/build install --record /home/masanao/ros2_ws/build/mypkg/install.log --install-scripts $base/lib/mypkg --single-version-externally-managed
[0.793s] running egg_info
[0.794s] writing ../../build/mypkg/mypkg.egg-info/PKG-INFO
[0.794s] writing dependency_links to ../../build/mypkg/mypkg.egg-info/dependency_links.txt
[0.794s] writing entry points to ../../build/mypkg/mypkg.egg-info/entry_points.txt
[0.795s] writing requirements to ../../build/mypkg/mypkg.egg-info/requires.txt
[0.795s] writing top-level names to ../../build/mypkg/mypkg.egg-info/top_level.txt
[0.829s] reading manifest file '../../build/mypkg/mypkg.egg-info/SOURCES.txt'
[0.830s] writing manifest file '../../build/mypkg/mypkg.egg-info/SOURCES.txt'
[0.830s] running build
[0.831s] running build_py
[0.831s] copying mypkg/talker.py -> /home/masanao/ros2_ws/build/mypkg/build/lib/mypkg
[0.831s] running install
[0.831s] running install_lib
[0.832s] copying /home/masanao/ros2_ws/build/mypkg/build/lib/mypkg/talker.py -> /home/masanao/ros2_ws/install/mypkg/lib/python3.6/site-packages/mypkg
[0.832s] byte-compiling /home/masanao/ros2_ws/install/mypkg/lib/python3.6/site-packages/mypkg/talker.py to talker.cpython-36.pyc
[0.833s] running install_data
[0.833s] copying package.xml -> /home/masanao/ros2_ws/install/mypkg/share/mypkg
[0.834s] running install_egg_info
[0.835s] removing '/home/masanao/ros2_ws/install/mypkg/lib/python3.6/site-packages/mypkg-0.0.0-py3.6.egg-info' (and everything under it)
[0.836s] Copying ../../build/mypkg/mypkg.egg-info to /home/masanao/ros2_ws/install/mypkg/lib/python3.6/site-packages/mypkg-0.0.0-py3.6.egg-info
[0.837s] running install_scripts
[0.856s] Installing talker script to /home/masanao/ros2_ws/install/mypkg/lib/mypkg
[0.856s] writing list of installed files to '/home/masanao/ros2_ws/build/mypkg/install.log'
[0.878s] Invoked command in '/home/masanao/ros2_ws/src/mypkg' returned '0': PYTHONPATH=/home/masanao/ros2_ws/build/mypkg/prefix_override:/home/masanao/ros2_ws/install/mypkg/lib/python3.6/site-packages:${PYTHONPATH} /usr/bin/python3 setup.py egg_info --egg-base ../../build/mypkg build --build-base /home/masanao/ros2_ws/build/mypkg/build install --record /home/masanao/ros2_ws/build/mypkg/install.log --install-scripts $base/lib/mypkg --single-version-externally-managed
