[0.644s] Invoking command in '/home/masanao/ros2_ws/src/mypkg': PYTHONPATH=/home/masanao/ros2_ws/build/mypkg/prefix_override:/home/masanao/ros2_ws/install/mypkg/lib/python3.6/site-packages:${PYTHONPATH} /usr/bin/python3 setup.py egg_info --egg-base ../../build/mypkg build --build-base /home/masanao/ros2_ws/build/mypkg/build install --record /home/masanao/ros2_ws/build/mypkg/install.log --install-scripts $base/lib/mypkg --single-version-externally-managed
[0.876s] running egg_info
[0.876s] writing ../../build/mypkg/mypkg.egg-info/PKG-INFO
[0.877s] writing dependency_links to ../../build/mypkg/mypkg.egg-info/dependency_links.txt
[0.878s] writing entry points to ../../build/mypkg/mypkg.egg-info/entry_points.txt
[0.878s] writing requirements to ../../build/mypkg/mypkg.egg-info/requires.txt
[0.878s] writing top-level names to ../../build/mypkg/mypkg.egg-info/top_level.txt
[0.914s] reading manifest file '../../build/mypkg/mypkg.egg-info/SOURCES.txt'
[0.915s] writing manifest file '../../build/mypkg/mypkg.egg-info/SOURCES.txt'
[0.915s] running build
[0.915s] running build_py
[0.916s] running install
[0.916s] running install_lib
[0.917s] running install_data
[0.918s] running install_egg_info
[0.920s] removing '/home/masanao/ros2_ws/install/mypkg/lib/python3.6/site-packages/mypkg-0.0.0-py3.6.egg-info' (and everything under it)
[0.920s] Copying ../../build/mypkg/mypkg.egg-info to /home/masanao/ros2_ws/install/mypkg/lib/python3.6/site-packages/mypkg-0.0.0-py3.6.egg-info
[0.921s] running install_scripts
[0.939s] Installing listener script to /home/masanao/ros2_ws/install/mypkg/lib/mypkg
[0.940s] Installing talker script to /home/masanao/ros2_ws/install/mypkg/lib/mypkg
[0.940s] writing list of installed files to '/home/masanao/ros2_ws/build/mypkg/install.log'
[0.987s] Invoked command in '/home/masanao/ros2_ws/src/mypkg' returned '0': PYTHONPATH=/home/masanao/ros2_ws/build/mypkg/prefix_override:/home/masanao/ros2_ws/install/mypkg/lib/python3.6/site-packages:${PYTHONPATH} /usr/bin/python3 setup.py egg_info --egg-base ../../build/mypkg build --build-base /home/masanao/ros2_ws/build/mypkg/build install --record /home/masanao/ros2_ws/build/mypkg/install.log --install-scripts $base/lib/mypkg --single-version-externally-managed
