[0.845s] DEBUG:colcon:Command line arguments: ['/usr/bin/colcon', 'build']
[0.845s] DEBUG:colcon:Parsed command line arguments: Namespace(allow_overriding=[], ament_cmake_args=None, base_paths=['.'], build_base='build', catkin_cmake_args=None, catkin_skip_building_tests=False, cmake_args=None, cmake_clean_cache=False, cmake_clean_first=False, cmake_force_configure=False, cmake_target=None, cmake_target_skip_unavailable=False, continue_on_error=False, event_handlers=None, executor='parallel', ignore_user_meta=False, install_base='install', log_base=None, log_level=None, main=<bound method BuildVerb.main of <colcon_core.verb.build.BuildVerb object at 0x7efe500c4b00>>, merge_install=False, metas=['./colcon.meta'], packages_above=None, packages_above_and_dependencies=None, packages_above_depth=None, packages_end=None, packages_ignore=None, packages_ignore_regex=None, packages_select=None, packages_select_build_failed=False, packages_select_by_dep=None, packages_select_regex=None, packages_select_test_failures=False, packages_skip=None, packages_skip_build_finished=False, packages_skip_by_dep=None, packages_skip_regex=None, packages_skip_test_passed=False, packages_skip_up_to=None, packages_start=None, packages_up_to=None, packages_up_to_regex=None, parallel_workers=8, paths=None, symlink_install=False, test_result_base=None, verb_extension=<colcon_core.verb.build.BuildVerb object at 0x7efe500c4b00>, verb_name='build', verb_parser=<colcon_defaults.argument_parser.defaults.DefaultArgumentsDecorator object at 0x7efe500c4e48>)
[0.903s] Level 1:colcon.colcon_core.package_discovery:discover_packages(colcon_meta) check parameters
[0.903s] Level 1:colcon.colcon_core.package_discovery:discover_packages(recursive) check parameters
[0.903s] Level 1:colcon.colcon_core.package_discovery:discover_packages(ignore) check parameters
[0.903s] Level 1:colcon.colcon_core.package_discovery:discover_packages(path) check parameters
[0.903s] Level 1:colcon.colcon_core.package_discovery:discover_packages(colcon_meta) discover
[0.904s] Level 1:colcon.colcon_core.package_discovery:discover_packages(recursive) discover
[0.904s] INFO:colcon.colcon_core.package_discovery:Crawling recursively for packages in '/home/masanao/ros2_ws'
[0.904s] Level 1:colcon.colcon_core.package_identification:_identify(.) by extensions ['ignore', 'ignore_ament_install']
[0.905s] Level 1:colcon.colcon_core.package_identification:_identify(.) by extension 'ignore'
[0.905s] Level 1:colcon.colcon_core.package_identification:_identify(.) by extension 'ignore_ament_install'
[0.905s] Level 1:colcon.colcon_core.package_identification:_identify(.) by extensions ['colcon_pkg']
[0.906s] Level 1:colcon.colcon_core.package_identification:_identify(.) by extension 'colcon_pkg'
[0.906s] Level 1:colcon.colcon_core.package_identification:_identify(.) by extensions ['colcon_meta']
[0.906s] Level 1:colcon.colcon_core.package_identification:_identify(.) by extension 'colcon_meta'
[0.906s] Level 1:colcon.colcon_core.package_identification:_identify(.) by extensions ['ros']
[0.906s] Level 1:colcon.colcon_core.package_identification:_identify(.) by extension 'ros'
[1.002s] Level 1:colcon.colcon_core.package_identification:_identify(.) by extensions ['cmake', 'python']
[1.002s] Level 1:colcon.colcon_core.package_identification:_identify(.) by extension 'cmake'
[1.003s] Level 1:colcon.colcon_core.package_identification:_identify(.) by extension 'python'
[1.003s] Level 1:colcon.colcon_core.package_identification:_identify(.) by extensions ['python_setup_py']
[1.003s] Level 1:colcon.colcon_core.package_identification:_identify(.) by extension 'python_setup_py'
[1.004s] Level 1:colcon.colcon_core.package_identification:_identify(build) by extensions ['ignore', 'ignore_ament_install']
[1.005s] Level 1:colcon.colcon_core.package_identification:_identify(build) by extension 'ignore'
[1.005s] Level 1:colcon.colcon_core.package_identification:_identify(build) ignored
[1.008s] Level 1:colcon.colcon_core.package_identification:_identify(cd) by extensions ['ignore', 'ignore_ament_install']
[1.008s] Level 1:colcon.colcon_core.package_identification:_identify(cd) by extension 'ignore'
[1.009s] Level 1:colcon.colcon_core.package_identification:_identify(cd) by extension 'ignore_ament_install'
[1.010s] Level 1:colcon.colcon_core.package_identification:_identify(cd) by extensions ['colcon_pkg']
[1.010s] Level 1:colcon.colcon_core.package_identification:_identify(cd) by extension 'colcon_pkg'
[1.010s] Level 1:colcon.colcon_core.package_identification:_identify(cd) by extensions ['colcon_meta']
[1.011s] Level 1:colcon.colcon_core.package_identification:_identify(cd) by extension 'colcon_meta'
[1.011s] Level 1:colcon.colcon_core.package_identification:_identify(cd) by extensions ['ros']
[1.011s] Level 1:colcon.colcon_core.package_identification:_identify(cd) by extension 'ros'
[1.012s] Level 1:colcon.colcon_core.package_identification:_identify(cd) by extensions ['cmake', 'python']
[1.013s] Level 1:colcon.colcon_core.package_identification:_identify(cd) by extension 'cmake'
[1.013s] Level 1:colcon.colcon_core.package_identification:_identify(cd) by extension 'python'
[1.013s] Level 1:colcon.colcon_core.package_identification:_identify(cd) by extensions ['python_setup_py']
[1.014s] Level 1:colcon.colcon_core.package_identification:_identify(cd) by extension 'python_setup_py'
[1.015s] Level 1:colcon.colcon_core.package_identification:_identify(install) by extensions ['ignore', 'ignore_ament_install']
[1.016s] Level 1:colcon.colcon_core.package_identification:_identify(install) by extension 'ignore'
[1.016s] Level 1:colcon.colcon_core.package_identification:_identify(install) ignored
[1.017s] Level 1:colcon.colcon_core.package_identification:_identify(log) by extensions ['ignore', 'ignore_ament_install']
[1.018s] Level 1:colcon.colcon_core.package_identification:_identify(log) by extension 'ignore'
[1.018s] Level 1:colcon.colcon_core.package_identification:_identify(log) ignored
[1.019s] Level 1:colcon.colcon_core.package_identification:_identify(src) by extensions ['ignore', 'ignore_ament_install']
[1.019s] Level 1:colcon.colcon_core.package_identification:_identify(src) by extension 'ignore'
[1.019s] Level 1:colcon.colcon_core.package_identification:_identify(src) by extension 'ignore_ament_install'
[1.020s] Level 1:colcon.colcon_core.package_identification:_identify(src) by extensions ['colcon_pkg']
[1.020s] Level 1:colcon.colcon_core.package_identification:_identify(src) by extension 'colcon_pkg'
[1.020s] Level 1:colcon.colcon_core.package_identification:_identify(src) by extensions ['colcon_meta']
[1.020s] Level 1:colcon.colcon_core.package_identification:_identify(src) by extension 'colcon_meta'
[1.020s] Level 1:colcon.colcon_core.package_identification:_identify(src) by extensions ['ros']
[1.021s] Level 1:colcon.colcon_core.package_identification:_identify(src) by extension 'ros'
[1.021s] Level 1:colcon.colcon_core.package_identification:_identify(src) by extensions ['cmake', 'python']
[1.021s] Level 1:colcon.colcon_core.package_identification:_identify(src) by extension 'cmake'
[1.022s] Level 1:colcon.colcon_core.package_identification:_identify(src) by extension 'python'
[1.022s] Level 1:colcon.colcon_core.package_identification:_identify(src) by extensions ['python_setup_py']
[1.022s] Level 1:colcon.colcon_core.package_identification:_identify(src) by extension 'python_setup_py'
[1.024s] Level 1:colcon.colcon_core.package_identification:_identify(src/mypkg) by extensions ['ignore', 'ignore_ament_install']
[1.024s] Level 1:colcon.colcon_core.package_identification:_identify(src/mypkg) by extension 'ignore'
[1.025s] Level 1:colcon.colcon_core.package_identification:_identify(src/mypkg) by extension 'ignore_ament_install'
[1.026s] Level 1:colcon.colcon_core.package_identification:_identify(src/mypkg) by extensions ['colcon_pkg']
[1.026s] Level 1:colcon.colcon_core.package_identification:_identify(src/mypkg) by extension 'colcon_pkg'
[1.027s] Level 1:colcon.colcon_core.package_identification:_identify(src/mypkg) by extensions ['colcon_meta']
[1.027s] Level 1:colcon.colcon_core.package_identification:_identify(src/mypkg) by extension 'colcon_meta'
[1.028s] Level 1:colcon.colcon_core.package_identification:_identify(src/mypkg) by extensions ['ros']
[1.028s] Level 1:colcon.colcon_core.package_identification:_identify(src/mypkg) by extension 'ros'
[1.040s] DEBUG:colcon.colcon_core.package_identification:Package 'src/mypkg' with type 'ros.ament_python' and name 'mypkg'
[1.041s] Level 1:colcon.colcon_core.package_identification:_identify(src/person_msgs) by extensions ['ignore', 'ignore_ament_install']
[1.042s] Level 1:colcon.colcon_core.package_identification:_identify(src/person_msgs) by extension 'ignore'
[1.042s] Level 1:colcon.colcon_core.package_identification:_identify(src/person_msgs) by extension 'ignore_ament_install'
[1.042s] Level 1:colcon.colcon_core.package_identification:_identify(src/person_msgs) by extensions ['colcon_pkg']
[1.043s] Level 1:colcon.colcon_core.package_identification:_identify(src/person_msgs) by extension 'colcon_pkg'
[1.043s] Level 1:colcon.colcon_core.package_identification:_identify(src/person_msgs) by extensions ['colcon_meta']
[1.043s] Level 1:colcon.colcon_core.package_identification:_identify(src/person_msgs) by extension 'colcon_meta'
[1.043s] Level 1:colcon.colcon_core.package_identification:_identify(src/person_msgs) by extensions ['ros']
[1.043s] Level 1:colcon.colcon_core.package_identification:_identify(src/person_msgs) by extension 'ros'
[1.046s] DEBUG:colcon.colcon_core.package_identification:Package 'src/person_msgs' with type 'ros.ament_cmake' and name 'person_msgs'
[1.046s] Level 1:colcon.colcon_core.package_discovery:discover_packages(recursive) using defaults
[1.047s] Level 1:colcon.colcon_core.package_discovery:discover_packages(ignore) discover
[1.047s] Level 1:colcon.colcon_core.package_discovery:discover_packages(ignore) using defaults
[1.048s] Level 1:colcon.colcon_core.package_discovery:discover_packages(path) discover
[1.048s] Level 1:colcon.colcon_core.package_discovery:discover_packages(path) using defaults
[1.148s] Level 1:colcon.colcon_core.package_discovery:discover_packages(prefix_path) check parameters
[1.148s] Level 1:colcon.colcon_core.package_discovery:discover_packages(prefix_path) discover
[1.162s] DEBUG:colcon.colcon_installed_package_information.package_discovery:Found 2 installed packages in /home/masanao/ros2_ws/install
[1.168s] DEBUG:colcon.colcon_installed_package_information.package_discovery:Found 215 installed packages in /opt/ros/dashing
[1.176s] Level 1:colcon.colcon_core.package_discovery:discover_packages(prefix_path) using defaults
[1.495s] Level 5:colcon.colcon_core.verb:set package 'mypkg' build argument 'cmake_args' from command line to 'None'
[1.496s] Level 5:colcon.colcon_core.verb:set package 'mypkg' build argument 'cmake_target' from command line to 'None'
[1.496s] Level 5:colcon.colcon_core.verb:set package 'mypkg' build argument 'cmake_target_skip_unavailable' from command line to 'False'
[1.496s] Level 5:colcon.colcon_core.verb:set package 'mypkg' build argument 'cmake_clean_cache' from command line to 'False'
[1.496s] Level 5:colcon.colcon_core.verb:set package 'mypkg' build argument 'cmake_clean_first' from command line to 'False'
[1.496s] Level 5:colcon.colcon_core.verb:set package 'mypkg' build argument 'cmake_force_configure' from command line to 'False'
[1.496s] Level 5:colcon.colcon_core.verb:set package 'mypkg' build argument 'ament_cmake_args' from command line to 'None'
[1.496s] Level 5:colcon.colcon_core.verb:set package 'mypkg' build argument 'catkin_cmake_args' from command line to 'None'
[1.497s] Level 5:colcon.colcon_core.verb:set package 'mypkg' build argument 'catkin_skip_building_tests' from command line to 'False'
[1.497s] DEBUG:colcon.colcon_core.verb:Building package 'mypkg' with the following arguments: {'ament_cmake_args': None, 'build_base': '/home/masanao/ros2_ws/build/mypkg', 'catkin_cmake_args': None, 'catkin_skip_building_tests': False, 'cmake_args': None, 'cmake_clean_cache': False, 'cmake_clean_first': False, 'cmake_force_configure': False, 'cmake_target': None, 'cmake_target_skip_unavailable': False, 'install_base': '/home/masanao/ros2_ws/install/mypkg', 'merge_install': False, 'path': '/home/masanao/ros2_ws/src/mypkg', 'symlink_install': False, 'test_result_base': None}
[1.502s] Level 5:colcon.colcon_core.verb:set package 'person_msgs' build argument 'cmake_args' from command line to 'None'
[1.502s] Level 5:colcon.colcon_core.verb:set package 'person_msgs' build argument 'cmake_target' from command line to 'None'
[1.502s] Level 5:colcon.colcon_core.verb:set package 'person_msgs' build argument 'cmake_target_skip_unavailable' from command line to 'False'
[1.503s] Level 5:colcon.colcon_core.verb:set package 'person_msgs' build argument 'cmake_clean_cache' from command line to 'False'
[1.503s] Level 5:colcon.colcon_core.verb:set package 'person_msgs' build argument 'cmake_clean_first' from command line to 'False'
[1.503s] Level 5:colcon.colcon_core.verb:set package 'person_msgs' build argument 'cmake_force_configure' from command line to 'False'
[1.503s] Level 5:colcon.colcon_core.verb:set package 'person_msgs' build argument 'ament_cmake_args' from command line to 'None'
[1.503s] Level 5:colcon.colcon_core.verb:set package 'person_msgs' build argument 'catkin_cmake_args' from command line to 'None'
[1.503s] Level 5:colcon.colcon_core.verb:set package 'person_msgs' build argument 'catkin_skip_building_tests' from command line to 'False'
[1.503s] DEBUG:colcon.colcon_core.verb:Building package 'person_msgs' with the following arguments: {'ament_cmake_args': None, 'build_base': '/home/masanao/ros2_ws/build/person_msgs', 'catkin_cmake_args': None, 'catkin_skip_building_tests': False, 'cmake_args': None, 'cmake_clean_cache': False, 'cmake_clean_first': False, 'cmake_force_configure': False, 'cmake_target': None, 'cmake_target_skip_unavailable': False, 'install_base': '/home/masanao/ros2_ws/install/person_msgs', 'merge_install': False, 'path': '/home/masanao/ros2_ws/src/person_msgs', 'symlink_install': False, 'test_result_base': None}
[1.508s] INFO:colcon.colcon_core.executor:Executing jobs using 'parallel' executor
[1.528s] DEBUG:colcon.colcon_parallel_executor.executor.parallel:run_until_complete
[1.530s] INFO:colcon.colcon_ros.task.ament_python.build:Building ROS package in '/home/masanao/ros2_ws/src/mypkg' with build type 'ament_python'
[1.531s] Level 1:colcon.colcon_core.shell:create_environment_hook('mypkg', 'ament_prefix_path')
[1.557s] INFO:colcon.colcon_core.plugin_system:Skipping extension 'colcon_core.shell.bat': Not used on non-Windows systems
[1.558s] INFO:colcon.colcon_core.shell:Creating environment hook '/home/masanao/ros2_ws/install/mypkg/share/mypkg/hook/ament_prefix_path.ps1'
[1.562s] INFO:colcon.colcon_core.shell:Creating environment descriptor '/home/masanao/ros2_ws/install/mypkg/share/mypkg/hook/ament_prefix_path.dsv'
[1.565s] INFO:colcon.colcon_core.shell:Creating environment hook '/home/masanao/ros2_ws/install/mypkg/share/mypkg/hook/ament_prefix_path.sh'
[1.578s] INFO:colcon.colcon_core.shell:Skip shell extension 'powershell' for command environment: Not usable outside of PowerShell
[1.579s] DEBUG:colcon.colcon_core.shell:Skip shell extension 'dsv' for command environment
[1.608s] INFO:colcon.colcon_ros.task.ament_cmake.build:Building ROS package in '/home/masanao/ros2_ws/src/person_msgs' with build type 'ament_cmake'
[1.610s] INFO:colcon.colcon_cmake.task.cmake.build:Building CMake package in '/home/masanao/ros2_ws/src/person_msgs'
[1.625s] INFO:colcon.colcon_core.shell:Skip shell extension 'powershell' for command environment: Not usable outside of PowerShell
[1.625s] DEBUG:colcon.colcon_core.shell:Skip shell extension 'dsv' for command environment
[2.823s] INFO:colcon.colcon_core.task.python.build:Building Python package in '/home/masanao/ros2_ws/src/mypkg'
[2.832s] INFO:colcon.colcon_core.shell:Skip shell extension 'powershell' for command environment: Not usable outside of PowerShell
[2.832s] DEBUG:colcon.colcon_core.shell:Skip shell extension 'dsv' for command environment
[2.890s] DEBUG:colcon.colcon_core.event_handler.log_command:Invoking command in '/home/masanao/ros2_ws/build/person_msgs': CMAKE_PREFIX_PATH=${CMAKE_PREFIX_PATH}:/home/masanao/ros2_ws/install/mypkg:/opt/ros/dashing /usr/bin/cmake --build /home/masanao/ros2_ws/build/person_msgs -- -j8 -l8
[3.581s] DEBUG:colcon.colcon_core.event_handler.log_command:Invoked command in '/home/masanao/ros2_ws/build/person_msgs' returned '0': CMAKE_PREFIX_PATH=${CMAKE_PREFIX_PATH}:/home/masanao/ros2_ws/install/mypkg:/opt/ros/dashing /usr/bin/cmake --build /home/masanao/ros2_ws/build/person_msgs -- -j8 -l8
[3.740s] DEBUG:colcon.colcon_core.event_handler.log_command:Invoking command in '/home/masanao/ros2_ws/build/person_msgs': CMAKE_PREFIX_PATH=${CMAKE_PREFIX_PATH}:/home/masanao/ros2_ws/install/mypkg:/opt/ros/dashing /usr/bin/cmake --build /home/masanao/ros2_ws/build/person_msgs --target install -- -j8 -l8
[3.842s] DEBUG:colcon.colcon_core.event_handler.log_command:Invoking command in '/home/masanao/ros2_ws/src/mypkg': PYTHONPATH=/home/masanao/ros2_ws/build/mypkg/prefix_override:/home/masanao/ros2_ws/install/mypkg/lib/python3.6/site-packages:${PYTHONPATH} /usr/bin/python3 setup.py egg_info --egg-base ../../build/mypkg build --build-base /home/masanao/ros2_ws/build/mypkg/build install --record /home/masanao/ros2_ws/build/mypkg/install.log --install-scripts $base/lib/mypkg --single-version-externally-managed
[4.824s] Level 1:colcon.colcon_core.environment:create_environment_scripts_only(person_msgs)
[4.844s] DEBUG:colcon.colcon_core.event_handler.log_command:Invoked command in '/home/masanao/ros2_ws/build/person_msgs' returned '0': CMAKE_PREFIX_PATH=${CMAKE_PREFIX_PATH}:/home/masanao/ros2_ws/install/mypkg:/opt/ros/dashing /usr/bin/cmake --build /home/masanao/ros2_ws/build/person_msgs --target install -- -j8 -l8
[4.871s] Level 1:colcon.colcon_core.environment:checking '/home/masanao/ros2_ws/install/person_msgs' for CMake module files
[4.874s] Level 1:colcon.colcon_core.environment:checking '/home/masanao/ros2_ws/install/person_msgs' for CMake config files
[4.876s] Level 1:colcon.colcon_core.shell:create_environment_hook('person_msgs', 'cmake_prefix_path')
[4.884s] INFO:colcon.colcon_core.shell:Creating environment hook '/home/masanao/ros2_ws/install/person_msgs/share/person_msgs/hook/cmake_prefix_path.ps1'
[4.888s] INFO:colcon.colcon_core.shell:Creating environment descriptor '/home/masanao/ros2_ws/install/person_msgs/share/person_msgs/hook/cmake_prefix_path.dsv'
[4.890s] INFO:colcon.colcon_core.shell:Creating environment hook '/home/masanao/ros2_ws/install/person_msgs/share/person_msgs/hook/cmake_prefix_path.sh'
[4.896s] Level 1:colcon.colcon_core.environment:checking '/home/masanao/ros2_ws/install/person_msgs/lib'
[4.897s] Level 1:colcon.colcon_core.shell:create_environment_hook('person_msgs', 'ld_library_path_lib')
[4.906s] INFO:colcon.colcon_core.shell:Creating environment hook '/home/masanao/ros2_ws/install/person_msgs/share/person_msgs/hook/ld_library_path_lib.ps1'
[4.910s] INFO:colcon.colcon_core.shell:Creating environment descriptor '/home/masanao/ros2_ws/install/person_msgs/share/person_msgs/hook/ld_library_path_lib.dsv'
[4.917s] INFO:colcon.colcon_core.shell:Creating environment hook '/home/masanao/ros2_ws/install/person_msgs/share/person_msgs/hook/ld_library_path_lib.sh'
[4.920s] Level 1:colcon.colcon_core.environment:checking '/home/masanao/ros2_ws/install/person_msgs/bin'
[4.920s] Level 1:colcon.colcon_core.environment:checking '/home/masanao/ros2_ws/install/person_msgs/lib/pkgconfig/person_msgs.pc'
[4.921s] Level 1:colcon.colcon_core.environment:checking '/home/masanao/ros2_ws/install/person_msgs/lib/python3.6/site-packages'
[4.922s] Level 1:colcon.colcon_core.shell:create_environment_hook('person_msgs', 'pythonpath')
[4.928s] INFO:colcon.colcon_core.shell:Creating environment hook '/home/masanao/ros2_ws/install/person_msgs/share/person_msgs/hook/pythonpath.ps1'
[4.930s] INFO:colcon.colcon_core.shell:Creating environment descriptor '/home/masanao/ros2_ws/install/person_msgs/share/person_msgs/hook/pythonpath.dsv'
[4.932s] INFO:colcon.colcon_core.shell:Creating environment hook '/home/masanao/ros2_ws/install/person_msgs/share/person_msgs/hook/pythonpath.sh'
[4.934s] Level 1:colcon.colcon_core.environment:checking '/home/masanao/ros2_ws/install/person_msgs/bin'
[4.943s] INFO:colcon.colcon_core.shell:Creating package script '/home/masanao/ros2_ws/install/person_msgs/share/person_msgs/package.ps1'
[4.948s] INFO:colcon.colcon_core.shell:Creating package descriptor '/home/masanao/ros2_ws/install/person_msgs/share/person_msgs/package.dsv'
[4.953s] INFO:colcon.colcon_core.shell:Creating package script '/home/masanao/ros2_ws/install/person_msgs/share/person_msgs/package.sh'
[4.961s] INFO:colcon.colcon_core.shell:Creating package script '/home/masanao/ros2_ws/install/person_msgs/share/person_msgs/package.bash'
[4.964s] INFO:colcon.colcon_core.shell:Creating package script '/home/masanao/ros2_ws/install/person_msgs/share/person_msgs/package.zsh'
[4.969s] Level 1:colcon.colcon_core.environment:create_file_with_runtime_dependencies(/home/masanao/ros2_ws/install/person_msgs/share/colcon-core/packages/person_msgs)
[5.011s] DEBUG:colcon.colcon_core.event_handler.log_command:Invoked command in '/home/masanao/ros2_ws/src/mypkg' returned '0': PYTHONPATH=/home/masanao/ros2_ws/build/mypkg/prefix_override:/home/masanao/ros2_ws/install/mypkg/lib/python3.6/site-packages:${PYTHONPATH} /usr/bin/python3 setup.py egg_info --egg-base ../../build/mypkg build --build-base /home/masanao/ros2_ws/build/mypkg/build install --record /home/masanao/ros2_ws/build/mypkg/install.log --install-scripts $base/lib/mypkg --single-version-externally-managed
[5.016s] Level 1:colcon.colcon_core.environment:checking '/home/masanao/ros2_ws/install/mypkg' for CMake module files
[5.020s] Level 1:colcon.colcon_core.environment:checking '/home/masanao/ros2_ws/install/mypkg' for CMake config files
[5.023s] Level 1:colcon.colcon_core.environment:checking '/home/masanao/ros2_ws/install/mypkg/lib'
[5.024s] Level 1:colcon.colcon_core.environment:checking '/home/masanao/ros2_ws/install/mypkg/bin'
[5.024s] Level 1:colcon.colcon_core.environment:checking '/home/masanao/ros2_ws/install/mypkg/lib/pkgconfig/mypkg.pc'
[5.025s] Level 1:colcon.colcon_core.environment:checking '/home/masanao/ros2_ws/install/mypkg/lib/python3.6/site-packages'
[5.026s] Level 1:colcon.colcon_core.shell:create_environment_hook('mypkg', 'pythonpath')
[5.034s] INFO:colcon.colcon_core.shell:Creating environment hook '/home/masanao/ros2_ws/install/mypkg/share/mypkg/hook/pythonpath.ps1'
[5.037s] INFO:colcon.colcon_core.shell:Creating environment descriptor '/home/masanao/ros2_ws/install/mypkg/share/mypkg/hook/pythonpath.dsv'
[5.039s] INFO:colcon.colcon_core.shell:Creating environment hook '/home/masanao/ros2_ws/install/mypkg/share/mypkg/hook/pythonpath.sh'
[5.041s] Level 1:colcon.colcon_core.environment:checking '/home/masanao/ros2_ws/install/mypkg/bin'
[5.042s] Level 1:colcon.colcon_core.environment:create_environment_scripts_only(mypkg)
[5.050s] INFO:colcon.colcon_core.shell:Creating package script '/home/masanao/ros2_ws/install/mypkg/share/mypkg/package.ps1'
[5.054s] INFO:colcon.colcon_core.shell:Creating package descriptor '/home/masanao/ros2_ws/install/mypkg/share/mypkg/package.dsv'
[5.056s] INFO:colcon.colcon_core.shell:Creating package script '/home/masanao/ros2_ws/install/mypkg/share/mypkg/package.sh'
[5.058s] INFO:colcon.colcon_core.shell:Creating package script '/home/masanao/ros2_ws/install/mypkg/share/mypkg/package.bash'
[5.062s] INFO:colcon.colcon_core.shell:Creating package script '/home/masanao/ros2_ws/install/mypkg/share/mypkg/package.zsh'
[5.064s] Level 1:colcon.colcon_core.environment:create_file_with_runtime_dependencies(/home/masanao/ros2_ws/install/mypkg/share/colcon-core/packages/mypkg)
[5.270s] Level 1:colcon.colcon_core.environment:create_environment_scripts_only(person_msgs)
[5.283s] Level 1:colcon.colcon_core.environment:checking '/home/masanao/ros2_ws/install/person_msgs' for CMake module files
[5.286s] Level 1:colcon.colcon_core.environment:checking '/home/masanao/ros2_ws/install/person_msgs' for CMake config files
[5.288s] Level 1:colcon.colcon_core.shell:create_environment_hook('person_msgs', 'cmake_prefix_path')
[5.294s] INFO:colcon.colcon_core.shell:Creating environment hook '/home/masanao/ros2_ws/install/person_msgs/share/person_msgs/hook/cmake_prefix_path.ps1'
[5.296s] INFO:colcon.colcon_core.shell:Creating environment descriptor '/home/masanao/ros2_ws/install/person_msgs/share/person_msgs/hook/cmake_prefix_path.dsv'
[5.298s] INFO:colcon.colcon_core.shell:Creating environment hook '/home/masanao/ros2_ws/install/person_msgs/share/person_msgs/hook/cmake_prefix_path.sh'
[5.302s] Level 1:colcon.colcon_core.environment:checking '/home/masanao/ros2_ws/install/person_msgs/lib'
[5.302s] Level 1:colcon.colcon_core.shell:create_environment_hook('person_msgs', 'ld_library_path_lib')
[5.309s] INFO:colcon.colcon_core.shell:Creating environment hook '/home/masanao/ros2_ws/install/person_msgs/share/person_msgs/hook/ld_library_path_lib.ps1'
[5.311s] INFO:colcon.colcon_core.shell:Creating environment descriptor '/home/masanao/ros2_ws/install/person_msgs/share/person_msgs/hook/ld_library_path_lib.dsv'
[5.312s] INFO:colcon.colcon_core.shell:Creating environment hook '/home/masanao/ros2_ws/install/person_msgs/share/person_msgs/hook/ld_library_path_lib.sh'
[5.314s] Level 1:colcon.colcon_core.environment:checking '/home/masanao/ros2_ws/install/person_msgs/bin'
[5.315s] Level 1:colcon.colcon_core.environment:checking '/home/masanao/ros2_ws/install/person_msgs/lib/pkgconfig/person_msgs.pc'
[5.316s] Level 1:colcon.colcon_core.environment:checking '/home/masanao/ros2_ws/install/person_msgs/lib/python3.6/site-packages'
[5.316s] Level 1:colcon.colcon_core.shell:create_environment_hook('person_msgs', 'pythonpath')
[5.324s] INFO:colcon.colcon_core.shell:Creating environment hook '/home/masanao/ros2_ws/install/person_msgs/share/person_msgs/hook/pythonpath.ps1'
[5.326s] INFO:colcon.colcon_core.shell:Creating environment descriptor '/home/masanao/ros2_ws/install/person_msgs/share/person_msgs/hook/pythonpath.dsv'
[5.327s] INFO:colcon.colcon_core.shell:Creating environment hook '/home/masanao/ros2_ws/install/person_msgs/share/person_msgs/hook/pythonpath.sh'
[5.330s] Level 1:colcon.colcon_core.environment:checking '/home/masanao/ros2_ws/install/person_msgs/bin'
[5.338s] INFO:colcon.colcon_core.shell:Creating package script '/home/masanao/ros2_ws/install/person_msgs/share/person_msgs/package.ps1'
[5.341s] INFO:colcon.colcon_core.shell:Creating package descriptor '/home/masanao/ros2_ws/install/person_msgs/share/person_msgs/package.dsv'
[5.343s] INFO:colcon.colcon_core.shell:Creating package script '/home/masanao/ros2_ws/install/person_msgs/share/person_msgs/package.sh'
[5.346s] INFO:colcon.colcon_core.shell:Creating package script '/home/masanao/ros2_ws/install/person_msgs/share/person_msgs/package.bash'
[5.348s] INFO:colcon.colcon_core.shell:Creating package script '/home/masanao/ros2_ws/install/person_msgs/share/person_msgs/package.zsh'
[5.350s] Level 1:colcon.colcon_core.environment:create_file_with_runtime_dependencies(/home/masanao/ros2_ws/install/person_msgs/share/colcon-core/packages/person_msgs)
[5.352s] DEBUG:colcon.colcon_parallel_executor.executor.parallel:closing loop
[5.356s] DEBUG:colcon.colcon_parallel_executor.executor.parallel:loop closed
[5.356s] DEBUG:colcon.colcon_parallel_executor.executor.parallel:run_until_complete finished with '0'
[5.356s] DEBUG:colcon.colcon_core.event_reactor:joining thread
[5.518s] INFO:colcon.colcon_core.plugin_system:Skipping extension 'colcon_notification.desktop_notification.notify_send': Could not find 'notify-send'
[5.519s] INFO:colcon.colcon_core.plugin_system:Skipping extension 'colcon_notification.desktop_notification.terminal_notifier': Not used on non-Darwin systems
[5.520s] INFO:colcon.colcon_core.plugin_system:Skipping extension 'colcon_notification.desktop_notification.win32': Not used on non-Windows systems
[5.520s] INFO:colcon.colcon_notification.desktop_notification:Sending desktop notification using 'notify2'
[5.566s] DEBUG:colcon.colcon_notification.desktop_notification.notify2:Failed to initialize notify2: org.freedesktop.DBus.Error.ServiceUnknown: The name org.freedesktop.Notifications was not provided by any .service files
[5.568s] DEBUG:colcon.colcon_core.event_reactor:joined thread
[5.579s] INFO:colcon.colcon_core.shell:Creating prefix script '/home/masanao/ros2_ws/install/local_setup.ps1'
[5.586s] INFO:colcon.colcon_core.shell:Creating prefix util module '/home/masanao/ros2_ws/install/_local_setup_util_ps1.py'
[5.595s] INFO:colcon.colcon_core.shell:Creating prefix chain script '/home/masanao/ros2_ws/install/setup.ps1'
[5.603s] INFO:colcon.colcon_core.shell:Creating prefix script '/home/masanao/ros2_ws/install/local_setup.sh'
[5.607s] INFO:colcon.colcon_core.shell:Creating prefix util module '/home/masanao/ros2_ws/install/_local_setup_util_sh.py'
[5.609s] INFO:colcon.colcon_core.shell:Creating prefix chain script '/home/masanao/ros2_ws/install/setup.sh'
[5.617s] INFO:colcon.colcon_core.shell:Creating prefix script '/home/masanao/ros2_ws/install/local_setup.bash'
[5.621s] INFO:colcon.colcon_core.shell:Creating prefix chain script '/home/masanao/ros2_ws/install/setup.bash'
[5.627s] INFO:colcon.colcon_core.shell:Creating prefix script '/home/masanao/ros2_ws/install/local_setup.zsh'
[5.629s] INFO:colcon.colcon_core.shell:Creating prefix chain script '/home/masanao/ros2_ws/install/setup.zsh'
