[0.697s] Invoking command in '/home/masanao/ros2_ws/src/mypkg': PYTHONPATH=/home/masanao/ros2_ws/build/mypkg/prefix_override:/home/masanao/ros2_ws/install/mypkg/lib/python3.6/site-packages:${PYTHONPATH} /usr/bin/python3 setup.py egg_info --egg-base ../../build/mypkg build --build-base /home/masanao/ros2_ws/build/mypkg/build install --record /home/masanao/ros2_ws/build/mypkg/install.log --install-scripts $base/lib/mypkg --single-version-externally-managed
[0.994s] running egg_info
[0.996s] writing ../../build/mypkg/mypkg.egg-info/PKG-INFO
[0.996s] writing dependency_links to ../../build/mypkg/mypkg.egg-info/dependency_links.txt
[0.996s] writing entry points to ../../build/mypkg/mypkg.egg-info/entry_points.txt
[0.997s] writing requirements to ../../build/mypkg/mypkg.egg-info/requires.txt
[0.997s] writing top-level names to ../../build/mypkg/mypkg.egg-info/top_level.txt
[1.048s] reading manifest file '../../build/mypkg/mypkg.egg-info/SOURCES.txt'
[1.050s] writing manifest file '../../build/mypkg/mypkg.egg-info/SOURCES.txt'
[1.050s] running build
[1.050s] running build_py
[1.050s] running install
[1.051s] running install_lib
[1.053s] running install_data
[1.053s] running install_egg_info
[1.056s] removing '/home/masanao/ros2_ws/install/mypkg/lib/python3.6/site-packages/mypkg-0.0.0-py3.6.egg-info' (and everything under it)
[1.056s] Copying ../../build/mypkg/mypkg.egg-info to /home/masanao/ros2_ws/install/mypkg/lib/python3.6/site-packages/mypkg-0.0.0-py3.6.egg-info
[1.057s] running install_scripts
[1.085s] Installing listener script to /home/masanao/ros2_ws/install/mypkg/lib/mypkg
[1.085s] Installing talker script to /home/masanao/ros2_ws/install/mypkg/lib/mypkg
[1.085s] writing list of installed files to '/home/masanao/ros2_ws/build/mypkg/install.log'
[1.119s] Invoked command in '/home/masanao/ros2_ws/src/mypkg' returned '0': PYTHONPATH=/home/masanao/ros2_ws/build/mypkg/prefix_override:/home/masanao/ros2_ws/install/mypkg/lib/python3.6/site-packages:${PYTHONPATH} /usr/bin/python3 setup.py egg_info --egg-base ../../build/mypkg build --build-base /home/masanao/ros2_ws/build/mypkg/build install --record /home/masanao/ros2_ws/build/mypkg/install.log --install-scripts $base/lib/mypkg --single-version-externally-managed
