[0.825s] Invoking command in '/home/masanao/ros2_ws/src/mypkg': PYTHONPATH=/home/masanao/ros2_ws/build/mypkg/prefix_override:/home/masanao/ros2_ws/install/mypkg/lib/python3.6/site-packages:${PYTHONPATH} /usr/bin/python3 setup.py egg_info --egg-base ../../build/mypkg build --build-base /home/masanao/ros2_ws/build/mypkg/build install --record /home/masanao/ros2_ws/build/mypkg/install.log --install-scripts $base/lib/mypkg --single-version-externally-managed
[1.094s] running egg_info
[1.096s] writing ../../build/mypkg/mypkg.egg-info/PKG-INFO
[1.096s] writing dependency_links to ../../build/mypkg/mypkg.egg-info/dependency_links.txt
[1.097s] writing entry points to ../../build/mypkg/mypkg.egg-info/entry_points.txt
[1.097s] writing requirements to ../../build/mypkg/mypkg.egg-info/requires.txt
[1.098s] writing top-level names to ../../build/mypkg/mypkg.egg-info/top_level.txt
[1.136s] reading manifest file '../../build/mypkg/mypkg.egg-info/SOURCES.txt'
[1.138s] writing manifest file '../../build/mypkg/mypkg.egg-info/SOURCES.txt'
[1.139s] running build
[1.139s] running build_py
[1.139s] running install
[1.139s] running install_lib
[1.145s] running install_data
[1.149s] running install_egg_info
[1.154s] removing '/home/masanao/ros2_ws/install/mypkg/lib/python3.6/site-packages/mypkg-0.0.0-py3.6.egg-info' (and everything under it)
[1.154s] Copying ../../build/mypkg/mypkg.egg-info to /home/masanao/ros2_ws/install/mypkg/lib/python3.6/site-packages/mypkg-0.0.0-py3.6.egg-info
[1.155s] running install_scripts
[1.172s] Installing listener script to /home/masanao/ros2_ws/install/mypkg/lib/mypkg
[1.173s] Installing talker script to /home/masanao/ros2_ws/install/mypkg/lib/mypkg
[1.173s] writing list of installed files to '/home/masanao/ros2_ws/build/mypkg/install.log'
[1.244s] Invoked command in '/home/masanao/ros2_ws/src/mypkg' returned '0': PYTHONPATH=/home/masanao/ros2_ws/build/mypkg/prefix_override:/home/masanao/ros2_ws/install/mypkg/lib/python3.6/site-packages:${PYTHONPATH} /usr/bin/python3 setup.py egg_info --egg-base ../../build/mypkg build --build-base /home/masanao/ros2_ws/build/mypkg/build install --record /home/masanao/ros2_ws/build/mypkg/install.log --install-scripts $base/lib/mypkg --single-version-externally-managed
