[0.547s] Invoking command in '/home/masanao/ros2_ws/src/mypkg': PYTHONPATH=/home/masanao/ros2_ws/build/mypkg/prefix_override:/home/masanao/ros2_ws/install/mypkg/lib/python3.6/site-packages:${PYTHONPATH} /usr/bin/python3 setup.py egg_info --egg-base ../../build/mypkg build --build-base /home/masanao/ros2_ws/build/mypkg/build install --record /home/masanao/ros2_ws/build/mypkg/install.log --install-scripts $base/lib/mypkg --single-version-externally-managed
[0.735s] running egg_info
[0.736s] writing ../../build/mypkg/mypkg.egg-info/PKG-INFO
[0.736s] writing dependency_links to ../../build/mypkg/mypkg.egg-info/dependency_links.txt
[0.737s] writing entry points to ../../build/mypkg/mypkg.egg-info/entry_points.txt
[0.737s] writing requirements to ../../build/mypkg/mypkg.egg-info/requires.txt
[0.738s] writing top-level names to ../../build/mypkg/mypkg.egg-info/top_level.txt
[0.768s] reading manifest file '../../build/mypkg/mypkg.egg-info/SOURCES.txt'
[0.769s] writing manifest file '../../build/mypkg/mypkg.egg-info/SOURCES.txt'
[0.770s] running build
[0.770s] running build_py
[0.770s] copying mypkg/listener.py -> /home/masanao/ros2_ws/build/mypkg/build/lib/mypkg
[0.771s] running install
[0.771s] running install_lib
[0.772s] copying /home/masanao/ros2_ws/build/mypkg/build/lib/mypkg/listener.py -> /home/masanao/ros2_ws/install/mypkg/lib/python3.6/site-packages/mypkg
[0.772s] byte-compiling /home/masanao/ros2_ws/install/mypkg/lib/python3.6/site-packages/mypkg/listener.py to listener.cpython-36.pyc
[0.773s] running install_data
[0.773s] running install_egg_info
[0.775s] removing '/home/masanao/ros2_ws/install/mypkg/lib/python3.6/site-packages/mypkg-0.0.0-py3.6.egg-info' (and everything under it)
[0.775s] Copying ../../build/mypkg/mypkg.egg-info to /home/masanao/ros2_ws/install/mypkg/lib/python3.6/site-packages/mypkg-0.0.0-py3.6.egg-info
[0.777s] running install_scripts
[0.794s] Installing listener script to /home/masanao/ros2_ws/install/mypkg/lib/mypkg
[0.794s] Installing talker script to /home/masanao/ros2_ws/install/mypkg/lib/mypkg
[0.795s] writing list of installed files to '/home/masanao/ros2_ws/build/mypkg/install.log'
[0.815s] Invoked command in '/home/masanao/ros2_ws/src/mypkg' returned '0': PYTHONPATH=/home/masanao/ros2_ws/build/mypkg/prefix_override:/home/masanao/ros2_ws/install/mypkg/lib/python3.6/site-packages:${PYTHONPATH} /usr/bin/python3 setup.py egg_info --egg-base ../../build/mypkg build --build-base /home/masanao/ros2_ws/build/mypkg/build install --record /home/masanao/ros2_ws/build/mypkg/install.log --install-scripts $base/lib/mypkg --single-version-externally-managed
