[0.253s] Invoking command in '/home/masanao/ros2_ws/build/person_msgs': CMAKE_PREFIX_PATH=/home/masanao/ros2_ws/install/mypkg:/opt/ros/dashing /usr/bin/cmake /home/masanao/ros2_ws/src/person_msgs -DCMAKE_INSTALL_PREFIX=/home/masanao/ros2_ws/install/person_msgs
[0.727s] -- The C compiler identification is GNU 7.5.0
[1.048s] -- The CXX compiler identification is GNU 7.5.0
[1.099s] -- Check for working C compiler: /usr/bin/cc
[1.247s] -- Check for working C compiler: /usr/bin/cc -- works
[1.248s] -- Detecting C compiler ABI info
[1.371s] -- Detecting C compiler ABI info - done
[1.377s] -- Detecting C compile features
[1.712s] -- Detecting C compile features - done
[1.714s] -- Check for working CXX compiler: /usr/bin/c++
[1.833s] -- Check for working CXX compiler: /usr/bin/c++ -- works
[1.834s] -- Detecting CXX compiler ABI info
[1.961s] -- Detecting CXX compiler ABI info - done
[1.967s] -- Detecting CXX compile features
[2.504s] -- Detecting CXX compile features - done
[2.516s] -- Found ament_cmake: 0.7.6 (/opt/ros/dashing/share/ament_cmake/cmake)
[2.552s] -- Found PythonInterp: /usr/bin/python3 (found suitable version "3.6.9", minimum required is "3") 
[2.552s] -- Using PYTHON_EXECUTABLE: /usr/bin/python3
[2.774s] -- Found rosidl_default_generators: 0.7.0 (/opt/ros/dashing/share/rosidl_default_generators/cmake)
[3.442s] -- Found OpenSSL: /usr/lib/x86_64-linux-gnu/libcrypto.so (found version "1.1.1") 
[4.106s] -- Found FastRTPS: /opt/ros/dashing/include  
[4.126s] -- Found rosidl_adapter: 0.7.10 (/opt/ros/dashing/share/rosidl_adapter/cmake)
[5.304s] -- Found PythonInterp: /usr/bin/python3 (found version "3.6.9") 
[5.434s] CMake Error at /opt/ros/dashing/share/rosidl_adapter/cmake/rosidl_adapt_interfaces.cmake:60 (message):
[5.434s]   execute_process(/usr/bin/python3 -m rosidl_adapter --package-name
[5.434s]   person_msgs --arguments-file
[5.435s]   /home/masanao/ros2_ws/build/person_msgs/rosidl_adapter__arguments__person_msgs.json
[5.435s]   --output-dir
[5.435s]   /home/masanao/ros2_ws/build/person_msgs/rosidl_adapter/person_msgs
[5.435s]   --output-file
[5.435s]   /home/masanao/ros2_ws/build/person_msgs/rosidl_adapter/person_msgs.idls)
[5.435s]   returned error code 1:
[5.435s] 
[5.435s]   Error processing 'unit8 age' of 'person_msgs/Person': 'unit8'
[5.436s] 
[5.436s]   Traceback (most recent call last):
[5.436s] 
[5.436s]     File "/usr/lib/python3.6/runpy.py", line 193, in _run_module_as_main
[5.436s]       "__main__", mod_spec)
[5.437s]     File "/usr/lib/python3.6/runpy.py", line 85, in _run_code
[5.437s]       exec(code, run_globals)
[5.437s]     File "/opt/ros/dashing/lib/python3.6/site-packages/rosidl_adapter/__main__.py", line 19, in <module>
[5.437s]       sys.exit(main())
[5.437s]     File "/opt/ros/dashing/lib/python3.6/site-packages/rosidl_adapter/main.py", line 55, in main
[5.437s]       pathlib.Path(relative_path), output_dir)
[5.437s]     File "/opt/ros/dashing/lib/python3.6/site-packages/rosidl_adapter/__init__.py", line 20, in convert_to_idl
[5.437s]       package_dir, package_name, interface_file, output_dir / 'msg')
[5.437s]     File "/opt/ros/dashing/lib/python3.6/site-packages/rosidl_adapter/msg/__init__.py", line 28, in convert_msg_to_idl
[5.437s]       msg = parse_message_string(package_name, input_file.stem, content)
[5.437s]     File "/opt/ros/dashing/lib/python3.6/site-packages/rosidl_adapter/parser.py", line 504, in parse_message_string
[5.437s]       Type(type_string, context_package_name=pkg_name),
[5.438s]     File "/opt/ros/dashing/lib/python3.6/site-packages/rosidl_adapter/parser.py", line 273, in __init__
[5.438s]       context_package_name=context_package_name)
[5.438s]     File "/opt/ros/dashing/lib/python3.6/site-packages/rosidl_adapter/parser.py", line 202, in __init__
[5.438s]       raise InvalidResourceName(self.type)
[5.438s] 
[5.438s]   rosidl_adapter.parser.InvalidResourceName: unit8
[5.438s] 
[5.438s] Call Stack (most recent call first):
[5.438s]   /opt/ros/dashing/share/rosidl_cmake/cmake/rosidl_generate_interfaces.cmake:130 (rosidl_adapt_interfaces)
[5.438s]   CMakeLists.txt:24 (rosidl_generate_interfaces)
[5.438s] 
[5.438s] 
[5.438s] -- Configuring incomplete, errors occurred!
[5.439s] See also "/home/masanao/ros2_ws/build/person_msgs/CMakeFiles/CMakeOutput.log".
[5.442s] Invoked command in '/home/masanao/ros2_ws/build/person_msgs' returned '1': CMAKE_PREFIX_PATH=/home/masanao/ros2_ws/install/mypkg:/opt/ros/dashing /usr/bin/cmake /home/masanao/ros2_ws/src/person_msgs -DCMAKE_INSTALL_PREFIX=/home/masanao/ros2_ws/install/person_msgs
