[0.681s] Invoking command in '/home/masanao/ros2_ws/src/mypkg': PYTHONPATH=/home/masanao/ros2_ws/build/mypkg/prefix_override:/home/masanao/ros2_ws/install/mypkg/lib/python3.6/site-packages:${PYTHONPATH} /usr/bin/python3 setup.py egg_info --egg-base ../../build/mypkg build --build-base /home/masanao/ros2_ws/build/mypkg/build install --record /home/masanao/ros2_ws/build/mypkg/install.log --install-scripts $base/lib/mypkg --single-version-externally-managed
[0.919s] running egg_info
[0.919s] writing ../../build/mypkg/mypkg.egg-info/PKG-INFO
[0.920s] writing dependency_links to ../../build/mypkg/mypkg.egg-info/dependency_links.txt
[0.920s] writing entry points to ../../build/mypkg/mypkg.egg-info/entry_points.txt
[0.920s] writing requirements to ../../build/mypkg/mypkg.egg-info/requires.txt
[0.920s] writing top-level names to ../../build/mypkg/mypkg.egg-info/top_level.txt
[0.957s] reading manifest file '../../build/mypkg/mypkg.egg-info/SOURCES.txt'
[0.958s] writing manifest file '../../build/mypkg/mypkg.egg-info/SOURCES.txt'
[0.958s] running build
[0.958s] running build_py
[0.958s] running install
[0.959s] running install_lib
[0.960s] running install_data
[0.960s] running install_egg_info
[0.962s] removing '/home/masanao/ros2_ws/install/mypkg/lib/python3.6/site-packages/mypkg-0.0.0-py3.6.egg-info' (and everything under it)
[0.962s] Copying ../../build/mypkg/mypkg.egg-info to /home/masanao/ros2_ws/install/mypkg/lib/python3.6/site-packages/mypkg-0.0.0-py3.6.egg-info
[0.964s] running install_scripts
[0.983s] Installing listener script to /home/masanao/ros2_ws/install/mypkg/lib/mypkg
[0.983s] Installing talker script to /home/masanao/ros2_ws/install/mypkg/lib/mypkg
[0.983s] writing list of installed files to '/home/masanao/ros2_ws/build/mypkg/install.log'
[1.034s] Invoked command in '/home/masanao/ros2_ws/src/mypkg' returned '0': PYTHONPATH=/home/masanao/ros2_ws/build/mypkg/prefix_override:/home/masanao/ros2_ws/install/mypkg/lib/python3.6/site-packages:${PYTHONPATH} /usr/bin/python3 setup.py egg_info --egg-base ../../build/mypkg build --build-base /home/masanao/ros2_ws/build/mypkg/build install --record /home/masanao/ros2_ws/build/mypkg/install.log --install-scripts $base/lib/mypkg --single-version-externally-managed
