[0.671s] Invoking command in '/home/masanao/ros2_ws/src/mypkg': PYTHONPATH=/home/masanao/ros2_ws/build/mypkg/prefix_override:/home/masanao/ros2_ws/install/mypkg/lib/python3.6/site-packages:${PYTHONPATH} /usr/bin/python3 setup.py egg_info --egg-base ../../build/mypkg build --build-base /home/masanao/ros2_ws/build/mypkg/build install --record /home/masanao/ros2_ws/build/mypkg/install.log --install-scripts $base/lib/mypkg --single-version-externally-managed
[0.916s] running egg_info
[0.917s] writing ../../build/mypkg/mypkg.egg-info/PKG-INFO
[0.917s] writing dependency_links to ../../build/mypkg/mypkg.egg-info/dependency_links.txt
[0.918s] writing entry points to ../../build/mypkg/mypkg.egg-info/entry_points.txt
[0.918s] writing requirements to ../../build/mypkg/mypkg.egg-info/requires.txt
[0.918s] writing top-level names to ../../build/mypkg/mypkg.egg-info/top_level.txt
[0.956s] reading manifest file '../../build/mypkg/mypkg.egg-info/SOURCES.txt'
[0.957s] writing manifest file '../../build/mypkg/mypkg.egg-info/SOURCES.txt'
[0.957s] running build
[0.958s] running build_py
[0.958s] copying mypkg/talker.py -> /home/masanao/ros2_ws/build/mypkg/build/lib/mypkg
[0.958s] running install
[0.959s] running install_lib
[0.960s] copying /home/masanao/ros2_ws/build/mypkg/build/lib/mypkg/talker.py -> /home/masanao/ros2_ws/install/mypkg/lib/python3.6/site-packages/mypkg
[0.960s] byte-compiling /home/masanao/ros2_ws/install/mypkg/lib/python3.6/site-packages/mypkg/talker.py to talker.cpython-36.pyc
[0.961s] running install_data
[0.961s] Sorry: IndentationError: unexpected indent (talker.py, line 12)
[0.961s] running install_egg_info
[0.964s] removing '/home/masanao/ros2_ws/install/mypkg/lib/python3.6/site-packages/mypkg-0.0.0-py3.6.egg-info' (and everything under it)
[0.965s] Copying ../../build/mypkg/mypkg.egg-info to /home/masanao/ros2_ws/install/mypkg/lib/python3.6/site-packages/mypkg-0.0.0-py3.6.egg-info
[0.966s] running install_scripts
[0.995s] Installing listener script to /home/masanao/ros2_ws/install/mypkg/lib/mypkg
[0.997s] Installing talker script to /home/masanao/ros2_ws/install/mypkg/lib/mypkg
[0.997s] writing list of installed files to '/home/masanao/ros2_ws/build/mypkg/install.log'
[1.036s] Invoked command in '/home/masanao/ros2_ws/src/mypkg' returned '0': PYTHONPATH=/home/masanao/ros2_ws/build/mypkg/prefix_override:/home/masanao/ros2_ws/install/mypkg/lib/python3.6/site-packages:${PYTHONPATH} /usr/bin/python3 setup.py egg_info --egg-base ../../build/mypkg build --build-base /home/masanao/ros2_ws/build/mypkg/build install --record /home/masanao/ros2_ws/build/mypkg/install.log --install-scripts $base/lib/mypkg --single-version-externally-managed
