[0.674s] Invoking command in '/home/masanao/ros2_ws/src/mypkg': PYTHONPATH=/home/masanao/ros2_ws/build/mypkg/prefix_override:/home/masanao/ros2_ws/install/mypkg/lib/python3.6/site-packages:${PYTHONPATH} /usr/bin/python3 setup.py egg_info --egg-base ../../build/mypkg build --build-base /home/masanao/ros2_ws/build/mypkg/build install --record /home/masanao/ros2_ws/build/mypkg/install.log --install-scripts $base/lib/mypkg --single-version-externally-managed
[0.914s] running egg_info
[0.915s] writing ../../build/mypkg/mypkg.egg-info/PKG-INFO
[0.916s] writing dependency_links to ../../build/mypkg/mypkg.egg-info/dependency_links.txt
[0.916s] writing entry points to ../../build/mypkg/mypkg.egg-info/entry_points.txt
[0.917s] writing requirements to ../../build/mypkg/mypkg.egg-info/requires.txt
[0.917s] writing top-level names to ../../build/mypkg/mypkg.egg-info/top_level.txt
[0.958s] reading manifest file '../../build/mypkg/mypkg.egg-info/SOURCES.txt'
[0.962s] writing manifest file '../../build/mypkg/mypkg.egg-info/SOURCES.txt'
[0.962s] running build
[0.962s] running build_py
[0.963s] running install
[0.963s] running install_lib
[0.967s] running install_data
[0.967s] copying launch/talk_listen.launch.py -> /home/masanao/ros2_ws/install/mypkg/share/mypkg
[0.967s] running install_egg_info
[0.967s] removing '/home/masanao/ros2_ws/install/mypkg/lib/python3.6/site-packages/mypkg-0.0.0-py3.6.egg-info' (and everything under it)
[0.968s] Copying ../../build/mypkg/mypkg.egg-info to /home/masanao/ros2_ws/install/mypkg/lib/python3.6/site-packages/mypkg-0.0.0-py3.6.egg-info
[0.968s] running install_scripts
[0.986s] Installing listener script to /home/masanao/ros2_ws/install/mypkg/lib/mypkg
[0.987s] Installing talker script to /home/masanao/ros2_ws/install/mypkg/lib/mypkg
[0.987s] writing list of installed files to '/home/masanao/ros2_ws/build/mypkg/install.log'
[1.046s] Invoked command in '/home/masanao/ros2_ws/src/mypkg' returned '0': PYTHONPATH=/home/masanao/ros2_ws/build/mypkg/prefix_override:/home/masanao/ros2_ws/install/mypkg/lib/python3.6/site-packages:${PYTHONPATH} /usr/bin/python3 setup.py egg_info --egg-base ../../build/mypkg build --build-base /home/masanao/ros2_ws/build/mypkg/build install --record /home/masanao/ros2_ws/build/mypkg/install.log --install-scripts $base/lib/mypkg --single-version-externally-managed
