[0.565s] Invoking command in '/home/masanao/ros2_ws/src/mypkg': PYTHONPATH=/home/masanao/ros2_ws/src/mypkg/build/mypkg/prefix_override:/home/masanao/ros2_ws/src/mypkg/install/mypkg/lib/python3.6/site-packages:${PYTHONPATH} /usr/bin/python3 setup.py egg_info --egg-base build/mypkg build --build-base /home/masanao/ros2_ws/src/mypkg/build/mypkg/build install --record /home/masanao/ros2_ws/src/mypkg/build/mypkg/install.log --install-scripts $base/lib/mypkg --single-version-externally-managed
[0.762s] running egg_info
[0.762s] writing build/mypkg/mypkg.egg-info/PKG-INFO
[0.762s] writing dependency_links to build/mypkg/mypkg.egg-info/dependency_links.txt
[0.763s] writing entry points to build/mypkg/mypkg.egg-info/entry_points.txt
[0.763s] writing requirements to build/mypkg/mypkg.egg-info/requires.txt
[0.763s] writing top-level names to build/mypkg/mypkg.egg-info/top_level.txt
[0.794s] reading manifest file 'build/mypkg/mypkg.egg-info/SOURCES.txt'
[0.796s] writing manifest file 'build/mypkg/mypkg.egg-info/SOURCES.txt'
[0.796s] running build
[0.796s] running build_py
[0.796s] running install
[0.797s] running install_lib
[0.797s] running install_data
[0.798s] running install_egg_info
[0.800s] removing '/home/masanao/ros2_ws/src/mypkg/install/mypkg/lib/python3.6/site-packages/mypkg-0.0.0-py3.6.egg-info' (and everything under it)
[0.800s] Copying build/mypkg/mypkg.egg-info to /home/masanao/ros2_ws/src/mypkg/install/mypkg/lib/python3.6/site-packages/mypkg-0.0.0-py3.6.egg-info
[0.801s] running install_scripts
[0.819s] Installing listener script to /home/masanao/ros2_ws/src/mypkg/install/mypkg/lib/mypkg
[0.820s] Installing talker script to /home/masanao/ros2_ws/src/mypkg/install/mypkg/lib/mypkg
[0.820s] writing list of installed files to '/home/masanao/ros2_ws/src/mypkg/build/mypkg/install.log'
[0.842s] Invoked command in '/home/masanao/ros2_ws/src/mypkg' returned '0': PYTHONPATH=/home/masanao/ros2_ws/src/mypkg/build/mypkg/prefix_override:/home/masanao/ros2_ws/src/mypkg/install/mypkg/lib/python3.6/site-packages:${PYTHONPATH} /usr/bin/python3 setup.py egg_info --egg-base build/mypkg build --build-base /home/masanao/ros2_ws/src/mypkg/build/mypkg/build install --record /home/masanao/ros2_ws/src/mypkg/build/mypkg/install.log --install-scripts $base/lib/mypkg --single-version-externally-managed
