[0.646s] Invoking command in '/home/masanao/ros2_ws/src/mypkg': PYTHONPATH=/home/masanao/ros2_ws/build/mypkg/prefix_override:/home/masanao/ros2_ws/install/mypkg/lib/python3.6/site-packages:${PYTHONPATH} /usr/bin/python3 setup.py egg_info --egg-base ../../build/mypkg build --build-base /home/masanao/ros2_ws/build/mypkg/build install --record /home/masanao/ros2_ws/build/mypkg/install.log --install-scripts $base/lib/mypkg --single-version-externally-managed
[0.945s] running egg_info
[0.946s] writing ../../build/mypkg/mypkg.egg-info/PKG-INFO
[0.947s] writing dependency_links to ../../build/mypkg/mypkg.egg-info/dependency_links.txt
[0.948s] writing entry points to ../../build/mypkg/mypkg.egg-info/entry_points.txt
[0.948s] writing requirements to ../../build/mypkg/mypkg.egg-info/requires.txt
[0.948s] writing top-level names to ../../build/mypkg/mypkg.egg-info/top_level.txt
[0.991s] reading manifest file '../../build/mypkg/mypkg.egg-info/SOURCES.txt'
[0.995s] writing manifest file '../../build/mypkg/mypkg.egg-info/SOURCES.txt'
[0.995s] running build
[0.995s] running build_py
[0.995s] copying mypkg/talker.py -> /home/masanao/ros2_ws/build/mypkg/build/lib/mypkg
[0.995s] running install
[0.996s] running install_lib
[0.996s] Sorry: IndentationError: expected an indented block (talker.py, line 7)
[0.996s] copying /home/masanao/ros2_ws/build/mypkg/build/lib/mypkg/talker.py -> /home/masanao/ros2_ws/install/mypkg/lib/python3.6/site-packages/mypkg
[0.996s] byte-compiling /home/masanao/ros2_ws/install/mypkg/lib/python3.6/site-packages/mypkg/talker.py to talker.cpython-36.pyc
[0.996s] running install_data
[0.996s] running install_egg_info
[0.996s] removing '/home/masanao/ros2_ws/install/mypkg/lib/python3.6/site-packages/mypkg-0.0.0-py3.6.egg-info' (and everything under it)
[0.996s] Copying ../../build/mypkg/mypkg.egg-info to /home/masanao/ros2_ws/install/mypkg/lib/python3.6/site-packages/mypkg-0.0.0-py3.6.egg-info
[0.996s] running install_scripts
[1.019s] Installing listener script to /home/masanao/ros2_ws/install/mypkg/lib/mypkg
[1.019s] Installing talker script to /home/masanao/ros2_ws/install/mypkg/lib/mypkg
[1.020s] writing list of installed files to '/home/masanao/ros2_ws/build/mypkg/install.log'
[1.075s] Invoked command in '/home/masanao/ros2_ws/src/mypkg' returned '0': PYTHONPATH=/home/masanao/ros2_ws/build/mypkg/prefix_override:/home/masanao/ros2_ws/install/mypkg/lib/python3.6/site-packages:${PYTHONPATH} /usr/bin/python3 setup.py egg_info --egg-base ../../build/mypkg build --build-base /home/masanao/ros2_ws/build/mypkg/build install --record /home/masanao/ros2_ws/build/mypkg/install.log --install-scripts $base/lib/mypkg --single-version-externally-managed
