[0.787s] Invoking command in '/home/masanao/ros2_ws/src/mypkg': PYTHONPATH=/home/masanao/ros2_ws/build/mypkg/prefix_override:/home/masanao/ros2_ws/install/mypkg/lib/python3.6/site-packages:${PYTHONPATH} /usr/bin/python3 setup.py egg_info --egg-base ../../build/mypkg build --build-base /home/masanao/ros2_ws/build/mypkg/build install --record /home/masanao/ros2_ws/build/mypkg/install.log --install-scripts $base/lib/mypkg --single-version-externally-managed
[1.002s] running egg_info
[1.003s] writing ../../build/mypkg/mypkg.egg-info/PKG-INFO
[1.003s] writing dependency_links to ../../build/mypkg/mypkg.egg-info/dependency_links.txt
[1.004s] writing entry points to ../../build/mypkg/mypkg.egg-info/entry_points.txt
[1.004s] writing requirements to ../../build/mypkg/mypkg.egg-info/requires.txt
[1.004s] writing top-level names to ../../build/mypkg/mypkg.egg-info/top_level.txt
[1.043s] reading manifest file '../../build/mypkg/mypkg.egg-info/SOURCES.txt'
[1.044s] writing manifest file '../../build/mypkg/mypkg.egg-info/SOURCES.txt'
[1.044s] running build
[1.045s] running build_py
[1.045s] copying mypkg/talker.py -> /home/masanao/ros2_ws/build/mypkg/build/lib/mypkg
[1.045s] copying mypkg/listener.py -> /home/masanao/ros2_ws/build/mypkg/build/lib/mypkg
[1.046s] running install
[1.047s] running install_lib
[1.048s] copying /home/masanao/ros2_ws/build/mypkg/build/lib/mypkg/talker.py -> /home/masanao/ros2_ws/install/mypkg/lib/python3.6/site-packages/mypkg
[1.049s] copying /home/masanao/ros2_ws/build/mypkg/build/lib/mypkg/listener.py -> /home/masanao/ros2_ws/install/mypkg/lib/python3.6/site-packages/mypkg
[1.049s] byte-compiling /home/masanao/ros2_ws/install/mypkg/lib/python3.6/site-packages/mypkg/talker.py to talker.cpython-36.pyc
[1.050s] byte-compiling /home/masanao/ros2_ws/install/mypkg/lib/python3.6/site-packages/mypkg/listener.py to listener.cpython-36.pyc
[1.051s] running install_data
[1.052s] running install_egg_info
[1.054s] removing '/home/masanao/ros2_ws/install/mypkg/lib/python3.6/site-packages/mypkg-0.0.0-py3.6.egg-info' (and everything under it)
[1.055s] Copying ../../build/mypkg/mypkg.egg-info to /home/masanao/ros2_ws/install/mypkg/lib/python3.6/site-packages/mypkg-0.0.0-py3.6.egg-info
[1.057s] running install_scripts
[1.079s] Installing listener script to /home/masanao/ros2_ws/install/mypkg/lib/mypkg
[1.080s] Installing talker script to /home/masanao/ros2_ws/install/mypkg/lib/mypkg
[1.081s] writing list of installed files to '/home/masanao/ros2_ws/build/mypkg/install.log'
[1.111s] Invoked command in '/home/masanao/ros2_ws/src/mypkg' returned '0': PYTHONPATH=/home/masanao/ros2_ws/build/mypkg/prefix_override:/home/masanao/ros2_ws/install/mypkg/lib/python3.6/site-packages:${PYTHONPATH} /usr/bin/python3 setup.py egg_info --egg-base ../../build/mypkg build --build-base /home/masanao/ros2_ws/build/mypkg/build install --record /home/masanao/ros2_ws/build/mypkg/install.log --install-scripts $base/lib/mypkg --single-version-externally-managed
