[0.955s] Invoking command in '/home/masanao/ros2_ws/src/mypkg': PYTHONPATH=/home/masanao/ros2_ws/build/mypkg/prefix_override:/home/masanao/ros2_ws/install/mypkg/lib/python3.6/site-packages:${PYTHONPATH} /usr/bin/python3 setup.py egg_info --egg-base ../../build/mypkg build --build-base /home/masanao/ros2_ws/build/mypkg/build install --record /home/masanao/ros2_ws/build/mypkg/install.log --install-scripts $base/lib/mypkg --single-version-externally-managed
[1.185s] running egg_info
[1.186s] writing ../../build/mypkg/mypkg.egg-info/PKG-INFO
[1.186s] writing dependency_links to ../../build/mypkg/mypkg.egg-info/dependency_links.txt
[1.187s] writing entry points to ../../build/mypkg/mypkg.egg-info/entry_points.txt
[1.187s] writing requirements to ../../build/mypkg/mypkg.egg-info/requires.txt
[1.188s] writing top-level names to ../../build/mypkg/mypkg.egg-info/top_level.txt
[1.230s] reading manifest file '../../build/mypkg/mypkg.egg-info/SOURCES.txt'
[1.232s] writing manifest file '../../build/mypkg/mypkg.egg-info/SOURCES.txt'
[1.233s] running build
[1.233s] running build_py
[1.234s] running install
[1.234s] running install_lib
[1.237s] running install_data
[1.238s] copying launch/talk_listen.launch.py -> /home/masanao/ros2_ws/install/mypkg/share/mypkg
[1.238s] running install_egg_info
[1.241s] removing '/home/masanao/ros2_ws/install/mypkg/lib/python3.6/site-packages/mypkg-0.0.0-py3.6.egg-info' (and everything under it)
[1.243s] Copying ../../build/mypkg/mypkg.egg-info to /home/masanao/ros2_ws/install/mypkg/lib/python3.6/site-packages/mypkg-0.0.0-py3.6.egg-info
[1.245s] running install_scripts
[1.286s] Installing listener script to /home/masanao/ros2_ws/install/mypkg/lib/mypkg
[1.287s] Installing talker script to /home/masanao/ros2_ws/install/mypkg/lib/mypkg
[1.288s] writing list of installed files to '/home/masanao/ros2_ws/build/mypkg/install.log'
[1.317s] Invoked command in '/home/masanao/ros2_ws/src/mypkg' returned '0': PYTHONPATH=/home/masanao/ros2_ws/build/mypkg/prefix_override:/home/masanao/ros2_ws/install/mypkg/lib/python3.6/site-packages:${PYTHONPATH} /usr/bin/python3 setup.py egg_info --egg-base ../../build/mypkg build --build-base /home/masanao/ros2_ws/build/mypkg/build install --record /home/masanao/ros2_ws/build/mypkg/install.log --install-scripts $base/lib/mypkg --single-version-externally-managed
