[0.279s] Invoking command in '/home/masanao/ros2_ws/build/person_msgs': CMAKE_PREFIX_PATH=${CMAKE_PREFIX_PATH}:/home/masanao/ros2_ws/install/mypkg:/opt/ros/dashing /usr/bin/cmake --build /home/masanao/ros2_ws/build/person_msgs -- -j8 -l8
[0.408s] [  2%] Built target person_msgs__cpp
[0.421s] [ 13%] Built target person_msgs__rosidl_generator_c
[0.456s] [ 24%] Built target person_msgs__rosidl_typesupport_introspection_cpp
[0.464s] [ 35%] Built target person_msgs__rosidl_typesupport_introspection_c
[0.466s] [ 45%] Built target person_msgs__rosidl_typesupport_fastrtps_cpp
[0.500s] [ 56%] Built target person_msgs__rosidl_typesupport_fastrtps_c
[0.501s] [ 67%] Built target person_msgs__rosidl_typesupport_cpp
[0.530s] [ 78%] Built target person_msgs__rosidl_typesupport_c
[0.556s] [ 78%] Built target person_msgs
[0.585s] [ 81%] Built target person_msgs__py
[0.625s] [ 89%] Built target person_msgs__python
[0.660s] [ 94%] Built target person_msgs__rosidl_typesupport_c__pyext
[0.664s] [100%] Built target person_msgs__rosidl_typesupport_fastrtps_c__pyext
[0.680s] Invoked command in '/home/masanao/ros2_ws/build/person_msgs' returned '0': CMAKE_PREFIX_PATH=${CMAKE_PREFIX_PATH}:/home/masanao/ros2_ws/install/mypkg:/opt/ros/dashing /usr/bin/cmake --build /home/masanao/ros2_ws/build/person_msgs -- -j8 -l8
[0.816s] Invoking command in '/home/masanao/ros2_ws/build/person_msgs': CMAKE_PREFIX_PATH=${CMAKE_PREFIX_PATH}:/home/masanao/ros2_ws/install/mypkg:/opt/ros/dashing /usr/bin/cmake --build /home/masanao/ros2_ws/build/person_msgs --target install -- -j8 -l8
[0.878s] [ 10%] Built target person_msgs__rosidl_generator_c
[0.878s] [ 13%] Built target person_msgs__cpp
[0.906s] [ 24%] Built target person_msgs__rosidl_typesupport_introspection_cpp
[0.908s] [ 35%] Built target person_msgs__rosidl_typesupport_introspection_c
[0.913s] [ 45%] Built target person_msgs__rosidl_typesupport_fastrtps_cpp
[0.943s] [ 67%] Built target person_msgs__rosidl_typesupport_fastrtps_c
[0.943s] [ 67%] Built target person_msgs__rosidl_typesupport_cpp
[0.968s] [ 78%] Built target person_msgs__rosidl_typesupport_c
[0.993s] [ 78%] Built target person_msgs
[1.018s] [ 81%] Built target person_msgs__py
[1.047s] [ 89%] Built target person_msgs__python
[1.076s] [100%] Built target person_msgs__rosidl_typesupport_c__pyext
[1.076s] [100%] Built target person_msgs__rosidl_typesupport_fastrtps_c__pyext
[1.103s] [36mInstall the project...[0m
[1.116s] -- Install configuration: ""
[1.117s] -- Up-to-date: /home/masanao/ros2_ws/install/person_msgs/share/ament_index/resource_index/rosidl_interfaces/person_msgs
[1.119s] -- Up-to-date: /home/masanao/ros2_ws/install/person_msgs/lib/libperson_msgs__rosidl_typesupport_c.so
[1.119s] -- Up-to-date: /home/masanao/ros2_ws/install/person_msgs/share/person_msgs/environment/library_path.sh
[1.119s] -- Up-to-date: /home/masanao/ros2_ws/install/person_msgs/lib/libperson_msgs__rosidl_typesupport_cpp.so
[1.120s] -- Up-to-date: /home/masanao/ros2_ws/install/person_msgs/include/person_msgs
[1.120s] -- Up-to-date: /home/masanao/ros2_ws/install/person_msgs/include/person_msgs/srv
[1.120s] -- Up-to-date: /home/masanao/ros2_ws/install/person_msgs/include/person_msgs/srv/query__rosidl_typesupport_fastrtps_c.h
[1.120s] -- Up-to-date: /home/masanao/ros2_ws/install/person_msgs/include/person_msgs/msg
[1.121s] -- Up-to-date: /home/masanao/ros2_ws/install/person_msgs/include/person_msgs/msg/rosidl_typesupport_fastrtps_c__visibility_control.h
[1.121s] -- Up-to-date: /home/masanao/ros2_ws/install/person_msgs/include/person_msgs/msg/person__rosidl_typesupport_fastrtps_c.h
[1.121s] -- Up-to-date: /home/masanao/ros2_ws/install/person_msgs/lib/libperson_msgs__rosidl_typesupport_fastrtps_c.so
[1.121s] -- Up-to-date: /home/masanao/ros2_ws/install/person_msgs/include/person_msgs
[1.121s] -- Up-to-date: /home/masanao/ros2_ws/install/person_msgs/include/person_msgs/srv
[1.122s] -- Up-to-date: /home/masanao/ros2_ws/install/person_msgs/include/person_msgs/srv/query__functions.c
[1.122s] -- Up-to-date: /home/masanao/ros2_ws/install/person_msgs/include/person_msgs/srv/query.h
[1.122s] -- Up-to-date: /home/masanao/ros2_ws/install/person_msgs/include/person_msgs/srv/query__type_support.h
[1.123s] -- Up-to-date: /home/masanao/ros2_ws/install/person_msgs/include/person_msgs/srv/query__functions.h
[1.123s] -- Up-to-date: /home/masanao/ros2_ws/install/person_msgs/include/person_msgs/srv/query__struct.h
[1.123s] -- Up-to-date: /home/masanao/ros2_ws/install/person_msgs/include/person_msgs/msg
[1.123s] -- Up-to-date: /home/masanao/ros2_ws/install/person_msgs/include/person_msgs/msg/person.h
[1.124s] -- Up-to-date: /home/masanao/ros2_ws/install/person_msgs/include/person_msgs/msg/person__functions.c
[1.124s] -- Up-to-date: /home/masanao/ros2_ws/install/person_msgs/include/person_msgs/msg/person__type_support.h
[1.125s] -- Up-to-date: /home/masanao/ros2_ws/install/person_msgs/include/person_msgs/msg/person__functions.h
[1.125s] -- Up-to-date: /home/masanao/ros2_ws/install/person_msgs/include/person_msgs/msg/rosidl_generator_c__visibility_control.h
[1.125s] -- Up-to-date: /home/masanao/ros2_ws/install/person_msgs/include/person_msgs/msg/person__struct.h
[1.125s] -- Up-to-date: /home/masanao/ros2_ws/install/person_msgs/lib/libperson_msgs__rosidl_generator_c.so
[1.126s] -- Up-to-date: /home/masanao/ros2_ws/install/person_msgs/include/person_msgs
[1.126s] -- Up-to-date: /home/masanao/ros2_ws/install/person_msgs/include/person_msgs/srv
[1.126s] -- Up-to-date: /home/masanao/ros2_ws/install/person_msgs/include/person_msgs/srv/dds_fastrtps
[1.127s] -- Up-to-date: /home/masanao/ros2_ws/install/person_msgs/include/person_msgs/srv/query__rosidl_typesupport_fastrtps_cpp.hpp
[1.127s] -- Up-to-date: /home/masanao/ros2_ws/install/person_msgs/include/person_msgs/msg
[1.127s] -- Up-to-date: /home/masanao/ros2_ws/install/person_msgs/include/person_msgs/msg/rosidl_typesupport_fastrtps_cpp__visibility_control.h
[1.127s] -- Up-to-date: /home/masanao/ros2_ws/install/person_msgs/include/person_msgs/msg/dds_fastrtps
[1.128s] -- Up-to-date: /home/masanao/ros2_ws/install/person_msgs/include/person_msgs/msg/person__rosidl_typesupport_fastrtps_cpp.hpp
[1.128s] -- Up-to-date: /home/masanao/ros2_ws/install/person_msgs/lib/libperson_msgs__rosidl_typesupport_fastrtps_cpp.so
[1.128s] -- Up-to-date: /home/masanao/ros2_ws/install/person_msgs/include/person_msgs
[1.128s] -- Up-to-date: /home/masanao/ros2_ws/install/person_msgs/include/person_msgs/srv
[1.128s] -- Up-to-date: /home/masanao/ros2_ws/install/person_msgs/include/person_msgs/srv/query__struct.hpp
[1.128s] -- Up-to-date: /home/masanao/ros2_ws/install/person_msgs/include/person_msgs/srv/query__traits.hpp
[1.128s] -- Up-to-date: /home/masanao/ros2_ws/install/person_msgs/include/person_msgs/srv/query.hpp
[1.128s] -- Up-to-date: /home/masanao/ros2_ws/install/person_msgs/include/person_msgs/msg
[1.128s] -- Up-to-date: /home/masanao/ros2_ws/install/person_msgs/include/person_msgs/msg/person.hpp
[1.129s] -- Up-to-date: /home/masanao/ros2_ws/install/person_msgs/include/person_msgs/msg/person__traits.hpp
[1.129s] -- Up-to-date: /home/masanao/ros2_ws/install/person_msgs/include/person_msgs/msg/person__struct.hpp
[1.129s] -- Up-to-date: /home/masanao/ros2_ws/install/person_msgs/include/person_msgs
[1.129s] -- Up-to-date: /home/masanao/ros2_ws/install/person_msgs/include/person_msgs/srv
[1.129s] -- Up-to-date: /home/masanao/ros2_ws/install/person_msgs/include/person_msgs/srv/query__type_support.c
[1.129s] -- Up-to-date: /home/masanao/ros2_ws/install/person_msgs/include/person_msgs/srv/query__rosidl_typesupport_introspection_c.h
[1.129s] -- Up-to-date: /home/masanao/ros2_ws/install/person_msgs/include/person_msgs/msg
[1.129s] -- Up-to-date: /home/masanao/ros2_ws/install/person_msgs/include/person_msgs/msg/rosidl_typesupport_introspection_c__visibility_control.h
[1.129s] -- Up-to-date: /home/masanao/ros2_ws/install/person_msgs/include/person_msgs/msg/person__type_support.c
[1.129s] -- Up-to-date: /home/masanao/ros2_ws/install/person_msgs/include/person_msgs/msg/person__rosidl_typesupport_introspection_c.h
[1.129s] -- Up-to-date: /home/masanao/ros2_ws/install/person_msgs/lib/libperson_msgs__rosidl_typesupport_introspection_c.so
[1.129s] -- Up-to-date: /home/masanao/ros2_ws/install/person_msgs/include/person_msgs
[1.129s] -- Up-to-date: /home/masanao/ros2_ws/install/person_msgs/include/person_msgs/srv
[1.129s] -- Up-to-date: /home/masanao/ros2_ws/install/person_msgs/include/person_msgs/srv/query__type_support.cpp
[1.130s] -- Up-to-date: /home/masanao/ros2_ws/install/person_msgs/include/person_msgs/srv/query__rosidl_typesupport_introspection_cpp.hpp
[1.130s] -- Up-to-date: /home/masanao/ros2_ws/install/person_msgs/include/person_msgs/msg
[1.130s] -- Up-to-date: /home/masanao/ros2_ws/install/person_msgs/include/person_msgs/msg/person__rosidl_typesupport_introspection_cpp.hpp
[1.130s] -- Up-to-date: /home/masanao/ros2_ws/install/person_msgs/include/person_msgs/msg/person__type_support.cpp
[1.130s] -- Up-to-date: /home/masanao/ros2_ws/install/person_msgs/lib/libperson_msgs__rosidl_typesupport_introspection_cpp.so
[1.130s] -- Up-to-date: /home/masanao/ros2_ws/install/person_msgs/share/person_msgs/environment/pythonpath.sh
[1.130s] -- Up-to-date: /home/masanao/ros2_ws/install/person_msgs/lib/python3.6/site-packages/person_msgs/__init__.py
[1.165s] -- Up-to-date: /home/masanao/ros2_ws/install/person_msgs/lib/python3.6/site-packages/person_msgs/msg
[1.165s] -- Up-to-date: /home/masanao/ros2_ws/install/person_msgs/lib/python3.6/site-packages/person_msgs/msg/_person.py
[1.165s] -- Up-to-date: /home/masanao/ros2_ws/install/person_msgs/lib/python3.6/site-packages/person_msgs/msg/_person_s.c
[1.166s] -- Up-to-date: /home/masanao/ros2_ws/install/person_msgs/lib/python3.6/site-packages/person_msgs/msg/__init__.py
[1.166s] -- Up-to-date: /home/masanao/ros2_ws/install/person_msgs/lib/python3.6/site-packages/person_msgs/srv
[1.166s] -- Up-to-date: /home/masanao/ros2_ws/install/person_msgs/lib/python3.6/site-packages/person_msgs/srv/_query_s.c
[1.166s] -- Up-to-date: /home/masanao/ros2_ws/install/person_msgs/lib/python3.6/site-packages/person_msgs/srv/_query.py
[1.166s] -- Up-to-date: /home/masanao/ros2_ws/install/person_msgs/lib/python3.6/site-packages/person_msgs/srv/__init__.py
[1.166s] -- Up-to-date: /home/masanao/ros2_ws/install/person_msgs/lib/python3.6/site-packages/person_msgs/person_msgs_s__rosidl_typesupport_c.cpython-36m-x86_64-linux-gnu.so
[1.167s] -- Up-to-date: /home/masanao/ros2_ws/install/person_msgs/lib/python3.6/site-packages/person_msgs/person_msgs_s__rosidl_typesupport_fastrtps_c.cpython-36m-x86_64-linux-gnu.so
[1.167s] -- Up-to-date: /home/masanao/ros2_ws/install/person_msgs/lib/libperson_msgs__python.so
[1.168s] -- Up-to-date: /home/masanao/ros2_ws/install/person_msgs/share/person_msgs/msg/Person.idl
[1.168s] -- Up-to-date: /home/masanao/ros2_ws/install/person_msgs/share/person_msgs/srv/Query.idl
[1.169s] -- Up-to-date: /home/masanao/ros2_ws/install/person_msgs/share/person_msgs/msg/Person.msg
[1.170s] -- Up-to-date: /home/masanao/ros2_ws/install/person_msgs/share/person_msgs/srv/Query.srv
[1.170s] -- Up-to-date: /home/masanao/ros2_ws/install/person_msgs/share/person_msgs/srv/Query_Request.msg
[1.171s] -- Up-to-date: /home/masanao/ros2_ws/install/person_msgs/share/person_msgs/srv/Query_Response.msg
[1.171s] -- Up-to-date: /home/masanao/ros2_ws/install/person_msgs/share/ament_index/resource_index/package_run_dependencies/person_msgs
[1.171s] -- Up-to-date: /home/masanao/ros2_ws/install/person_msgs/share/ament_index/resource_index/parent_prefix_path/person_msgs
[1.171s] -- Up-to-date: /home/masanao/ros2_ws/install/person_msgs/share/person_msgs/environment/ament_prefix_path.sh
[1.171s] -- Up-to-date: /home/masanao/ros2_ws/install/person_msgs/share/person_msgs/environment/path.sh
[1.171s] -- Up-to-date: /home/masanao/ros2_ws/install/person_msgs/share/person_msgs/local_setup.bash
[1.171s] -- Up-to-date: /home/masanao/ros2_ws/install/person_msgs/share/person_msgs/local_setup.sh
[1.171s] -- Up-to-date: /home/masanao/ros2_ws/install/person_msgs/share/person_msgs/local_setup.zsh
[1.172s] -- Up-to-date: /home/masanao/ros2_ws/install/person_msgs/share/ament_index/resource_index/packages/person_msgs
[1.172s] -- Up-to-date: /home/masanao/ros2_ws/install/person_msgs/share/person_msgs/cmake/rosidl_cmake-extras.cmake
[1.172s] -- Up-to-date: /home/masanao/ros2_ws/install/person_msgs/share/person_msgs/cmake/ament_cmake_export_libraries-extras.cmake
[1.172s] -- Up-to-date: /home/masanao/ros2_ws/install/person_msgs/share/person_msgs/cmake/ament_cmake_export_include_directories-extras.cmake
[1.172s] -- Up-to-date: /home/masanao/ros2_ws/install/person_msgs/share/person_msgs/cmake/person_msgsConfig.cmake
[1.172s] -- Up-to-date: /home/masanao/ros2_ws/install/person_msgs/share/person_msgs/cmake/person_msgsConfig-version.cmake
[1.172s] -- Up-to-date: /home/masanao/ros2_ws/install/person_msgs/share/person_msgs/package.xml
[1.178s] Invoked command in '/home/masanao/ros2_ws/build/person_msgs' returned '0': CMAKE_PREFIX_PATH=${CMAKE_PREFIX_PATH}:/home/masanao/ros2_ws/install/mypkg:/opt/ros/dashing /usr/bin/cmake --build /home/masanao/ros2_ws/build/person_msgs --target install -- -j8 -l8
