[0.215s] Invoking command in '/home/masanao/ros2_ws/build/person_msgs': CMAKE_PREFIX_PATH=${CMAKE_PREFIX_PATH}:/home/masanao/ros2_ws/install/mypkg:/opt/ros/dashing /usr/bin/cmake --build /home/masanao/ros2_ws/build/person_msgs -- -j8 -l8
[0.269s] [  8%] Built target person_msgs__cpp
[0.270s] [ 13%] Built target person_msgs__rosidl_generator_c
[0.295s] [ 35%] Built target person_msgs__rosidl_typesupport_introspection_cpp
[0.295s] [ 35%] Built target person_msgs__rosidl_typesupport_introspection_c
[0.306s] [ 45%] Built target person_msgs__rosidl_typesupport_fastrtps_cpp
[0.333s] [ 56%] Built target person_msgs__rosidl_typesupport_fastrtps_c
[0.333s] [ 67%] Built target person_msgs__rosidl_typesupport_cpp
[0.358s] [ 78%] Built target person_msgs__rosidl_typesupport_c
[0.381s] [ 78%] Built target person_msgs
[0.402s] [ 81%] Built target person_msgs__py
[0.430s] [ 89%] Built target person_msgs__python
[0.459s] [100%] Built target person_msgs__rosidl_typesupport_fastrtps_c__pyext
[0.459s] [100%] Built target person_msgs__rosidl_typesupport_c__pyext
[0.472s] Invoked command in '/home/masanao/ros2_ws/build/person_msgs' returned '0': CMAKE_PREFIX_PATH=${CMAKE_PREFIX_PATH}:/home/masanao/ros2_ws/install/mypkg:/opt/ros/dashing /usr/bin/cmake --build /home/masanao/ros2_ws/build/person_msgs -- -j8 -l8
[0.559s] Invoking command in '/home/masanao/ros2_ws/build/person_msgs': CMAKE_PREFIX_PATH=${CMAKE_PREFIX_PATH}:/home/masanao/ros2_ws/install/mypkg:/opt/ros/dashing /usr/bin/cmake --build /home/masanao/ros2_ws/build/person_msgs --target install -- -j8 -l8
[0.616s] [  8%] Built target person_msgs__cpp
[0.616s] [ 13%] Built target person_msgs__rosidl_generator_c
[0.643s] [ 24%] Built target person_msgs__rosidl_typesupport_introspection_cpp
[0.643s] [ 35%] Built target person_msgs__rosidl_typesupport_introspection_c
[0.646s] [ 45%] Built target person_msgs__rosidl_typesupport_fastrtps_cpp
[0.673s] [ 56%] Built target person_msgs__rosidl_typesupport_fastrtps_c
[0.676s] [ 67%] Built target person_msgs__rosidl_typesupport_cpp
[0.699s] [ 78%] Built target person_msgs__rosidl_typesupport_c
[0.723s] [ 78%] Built target person_msgs
[0.749s] [ 81%] Built target person_msgs__py
[0.779s] [ 89%] Built target person_msgs__python
[0.808s] [100%] Built target person_msgs__rosidl_typesupport_fastrtps_c__pyext
[0.808s] [100%] Built target person_msgs__rosidl_typesupport_c__pyext
[0.828s] [36mInstall the project...[0m
[0.838s] -- Install configuration: ""
[0.838s] -- Up-to-date: /home/masanao/ros2_ws/install/person_msgs/share/ament_index/resource_index/rosidl_interfaces/person_msgs
[0.838s] -- Up-to-date: /home/masanao/ros2_ws/install/person_msgs/lib/libperson_msgs__rosidl_typesupport_c.so
[0.839s] -- Up-to-date: /home/masanao/ros2_ws/install/person_msgs/share/person_msgs/environment/library_path.sh
[0.839s] -- Up-to-date: /home/masanao/ros2_ws/install/person_msgs/lib/libperson_msgs__rosidl_typesupport_cpp.so
[0.840s] -- Up-to-date: /home/masanao/ros2_ws/install/person_msgs/include/person_msgs
[0.840s] -- Up-to-date: /home/masanao/ros2_ws/install/person_msgs/include/person_msgs/srv
[0.841s] -- Up-to-date: /home/masanao/ros2_ws/install/person_msgs/include/person_msgs/srv/query__rosidl_typesupport_fastrtps_c.h
[0.841s] -- Up-to-date: /home/masanao/ros2_ws/install/person_msgs/include/person_msgs/msg
[0.841s] -- Up-to-date: /home/masanao/ros2_ws/install/person_msgs/include/person_msgs/msg/rosidl_typesupport_fastrtps_c__visibility_control.h
[0.841s] -- Up-to-date: /home/masanao/ros2_ws/install/person_msgs/include/person_msgs/msg/person__rosidl_typesupport_fastrtps_c.h
[0.842s] -- Up-to-date: /home/masanao/ros2_ws/install/person_msgs/lib/libperson_msgs__rosidl_typesupport_fastrtps_c.so
[0.842s] -- Up-to-date: /home/masanao/ros2_ws/install/person_msgs/include/person_msgs
[0.843s] -- Up-to-date: /home/masanao/ros2_ws/install/person_msgs/include/person_msgs/srv
[0.843s] -- Up-to-date: /home/masanao/ros2_ws/install/person_msgs/include/person_msgs/srv/query__functions.c
[0.843s] -- Up-to-date: /home/masanao/ros2_ws/install/person_msgs/include/person_msgs/srv/query.h
[0.844s] -- Up-to-date: /home/masanao/ros2_ws/install/person_msgs/include/person_msgs/srv/query__type_support.h
[0.845s] -- Up-to-date: /home/masanao/ros2_ws/install/person_msgs/include/person_msgs/srv/query__functions.h
[0.845s] -- Up-to-date: /home/masanao/ros2_ws/install/person_msgs/include/person_msgs/srv/query__struct.h
[0.845s] -- Up-to-date: /home/masanao/ros2_ws/install/person_msgs/include/person_msgs/msg
[0.846s] -- Up-to-date: /home/masanao/ros2_ws/install/person_msgs/include/person_msgs/msg/person.h
[0.846s] -- Up-to-date: /home/masanao/ros2_ws/install/person_msgs/include/person_msgs/msg/person__functions.c
[0.846s] -- Up-to-date: /home/masanao/ros2_ws/install/person_msgs/include/person_msgs/msg/person__type_support.h
[0.846s] -- Up-to-date: /home/masanao/ros2_ws/install/person_msgs/include/person_msgs/msg/person__functions.h
[0.846s] -- Up-to-date: /home/masanao/ros2_ws/install/person_msgs/include/person_msgs/msg/rosidl_generator_c__visibility_control.h
[0.846s] -- Up-to-date: /home/masanao/ros2_ws/install/person_msgs/include/person_msgs/msg/person__struct.h
[0.846s] -- Up-to-date: /home/masanao/ros2_ws/install/person_msgs/lib/libperson_msgs__rosidl_generator_c.so
[0.846s] -- Up-to-date: /home/masanao/ros2_ws/install/person_msgs/include/person_msgs
[0.846s] -- Up-to-date: /home/masanao/ros2_ws/install/person_msgs/include/person_msgs/srv
[0.846s] -- Up-to-date: /home/masanao/ros2_ws/install/person_msgs/include/person_msgs/srv/dds_fastrtps
[0.847s] -- Up-to-date: /home/masanao/ros2_ws/install/person_msgs/include/person_msgs/srv/query__rosidl_typesupport_fastrtps_cpp.hpp
[0.847s] -- Up-to-date: /home/masanao/ros2_ws/install/person_msgs/include/person_msgs/msg
[0.847s] -- Up-to-date: /home/masanao/ros2_ws/install/person_msgs/include/person_msgs/msg/rosidl_typesupport_fastrtps_cpp__visibility_control.h
[0.847s] -- Up-to-date: /home/masanao/ros2_ws/install/person_msgs/include/person_msgs/msg/dds_fastrtps
[0.847s] -- Up-to-date: /home/masanao/ros2_ws/install/person_msgs/include/person_msgs/msg/person__rosidl_typesupport_fastrtps_cpp.hpp
[0.847s] -- Up-to-date: /home/masanao/ros2_ws/install/person_msgs/lib/libperson_msgs__rosidl_typesupport_fastrtps_cpp.so
[0.848s] -- Up-to-date: /home/masanao/ros2_ws/install/person_msgs/include/person_msgs
[0.848s] -- Up-to-date: /home/masanao/ros2_ws/install/person_msgs/include/person_msgs/srv
[0.848s] -- Up-to-date: /home/masanao/ros2_ws/install/person_msgs/include/person_msgs/srv/query__struct.hpp
[0.848s] -- Up-to-date: /home/masanao/ros2_ws/install/person_msgs/include/person_msgs/srv/query__traits.hpp
[0.848s] -- Up-to-date: /home/masanao/ros2_ws/install/person_msgs/include/person_msgs/srv/query.hpp
[0.848s] -- Up-to-date: /home/masanao/ros2_ws/install/person_msgs/include/person_msgs/msg
[0.850s] -- Up-to-date: /home/masanao/ros2_ws/install/person_msgs/include/person_msgs/msg/person.hpp
[0.850s] -- Up-to-date: /home/masanao/ros2_ws/install/person_msgs/include/person_msgs/msg/person__traits.hpp
[0.851s] -- Up-to-date: /home/masanao/ros2_ws/install/person_msgs/include/person_msgs/msg/person__struct.hpp
[0.851s] -- Up-to-date: /home/masanao/ros2_ws/install/person_msgs/include/person_msgs
[0.851s] -- Up-to-date: /home/masanao/ros2_ws/install/person_msgs/include/person_msgs/srv
[0.851s] -- Up-to-date: /home/masanao/ros2_ws/install/person_msgs/include/person_msgs/srv/query__type_support.c
[0.851s] -- Up-to-date: /home/masanao/ros2_ws/install/person_msgs/include/person_msgs/srv/query__rosidl_typesupport_introspection_c.h
[0.851s] -- Up-to-date: /home/masanao/ros2_ws/install/person_msgs/include/person_msgs/msg
[0.852s] -- Up-to-date: /home/masanao/ros2_ws/install/person_msgs/include/person_msgs/msg/rosidl_typesupport_introspection_c__visibility_control.h
[0.852s] -- Up-to-date: /home/masanao/ros2_ws/install/person_msgs/include/person_msgs/msg/person__type_support.c
[0.852s] -- Up-to-date: /home/masanao/ros2_ws/install/person_msgs/include/person_msgs/msg/person__rosidl_typesupport_introspection_c.h
[0.852s] -- Up-to-date: /home/masanao/ros2_ws/install/person_msgs/lib/libperson_msgs__rosidl_typesupport_introspection_c.so
[0.852s] -- Up-to-date: /home/masanao/ros2_ws/install/person_msgs/include/person_msgs
[0.852s] -- Up-to-date: /home/masanao/ros2_ws/install/person_msgs/include/person_msgs/srv
[0.852s] -- Up-to-date: /home/masanao/ros2_ws/install/person_msgs/include/person_msgs/srv/query__type_support.cpp
[0.852s] -- Up-to-date: /home/masanao/ros2_ws/install/person_msgs/include/person_msgs/srv/query__rosidl_typesupport_introspection_cpp.hpp
[0.852s] -- Up-to-date: /home/masanao/ros2_ws/install/person_msgs/include/person_msgs/msg
[0.852s] -- Up-to-date: /home/masanao/ros2_ws/install/person_msgs/include/person_msgs/msg/person__rosidl_typesupport_introspection_cpp.hpp
[0.852s] -- Up-to-date: /home/masanao/ros2_ws/install/person_msgs/include/person_msgs/msg/person__type_support.cpp
[0.853s] -- Up-to-date: /home/masanao/ros2_ws/install/person_msgs/lib/libperson_msgs__rosidl_typesupport_introspection_cpp.so
[0.853s] -- Up-to-date: /home/masanao/ros2_ws/install/person_msgs/share/person_msgs/environment/pythonpath.sh
[0.853s] -- Up-to-date: /home/masanao/ros2_ws/install/person_msgs/lib/python3.6/site-packages/person_msgs/__init__.py
[0.884s] -- Up-to-date: /home/masanao/ros2_ws/install/person_msgs/lib/python3.6/site-packages/person_msgs/msg
[0.885s] -- Up-to-date: /home/masanao/ros2_ws/install/person_msgs/lib/python3.6/site-packages/person_msgs/msg/_person.py
[0.885s] -- Up-to-date: /home/masanao/ros2_ws/install/person_msgs/lib/python3.6/site-packages/person_msgs/msg/_person_s.c
[0.885s] -- Up-to-date: /home/masanao/ros2_ws/install/person_msgs/lib/python3.6/site-packages/person_msgs/msg/__init__.py
[0.885s] -- Up-to-date: /home/masanao/ros2_ws/install/person_msgs/lib/python3.6/site-packages/person_msgs/srv
[0.885s] -- Up-to-date: /home/masanao/ros2_ws/install/person_msgs/lib/python3.6/site-packages/person_msgs/srv/_query_s.c
[0.885s] -- Up-to-date: /home/masanao/ros2_ws/install/person_msgs/lib/python3.6/site-packages/person_msgs/srv/_query.py
[0.885s] -- Up-to-date: /home/masanao/ros2_ws/install/person_msgs/lib/python3.6/site-packages/person_msgs/srv/__init__.py
[0.886s] -- Up-to-date: /home/masanao/ros2_ws/install/person_msgs/lib/python3.6/site-packages/person_msgs/person_msgs_s__rosidl_typesupport_c.cpython-36m-x86_64-linux-gnu.so
[0.886s] -- Up-to-date: /home/masanao/ros2_ws/install/person_msgs/lib/python3.6/site-packages/person_msgs/person_msgs_s__rosidl_typesupport_fastrtps_c.cpython-36m-x86_64-linux-gnu.so
[0.886s] -- Up-to-date: /home/masanao/ros2_ws/install/person_msgs/lib/libperson_msgs__python.so
[0.886s] -- Up-to-date: /home/masanao/ros2_ws/install/person_msgs/share/person_msgs/msg/Person.idl
[0.887s] -- Up-to-date: /home/masanao/ros2_ws/install/person_msgs/share/person_msgs/srv/Query.idl
[0.887s] -- Up-to-date: /home/masanao/ros2_ws/install/person_msgs/share/person_msgs/msg/Person.msg
[0.887s] -- Up-to-date: /home/masanao/ros2_ws/install/person_msgs/share/person_msgs/srv/Query.srv
[0.888s] -- Up-to-date: /home/masanao/ros2_ws/install/person_msgs/share/person_msgs/srv/Query_Request.msg
[0.888s] -- Up-to-date: /home/masanao/ros2_ws/install/person_msgs/share/person_msgs/srv/Query_Response.msg
[0.888s] -- Up-to-date: /home/masanao/ros2_ws/install/person_msgs/share/ament_index/resource_index/package_run_dependencies/person_msgs
[0.888s] -- Up-to-date: /home/masanao/ros2_ws/install/person_msgs/share/ament_index/resource_index/parent_prefix_path/person_msgs
[0.888s] -- Up-to-date: /home/masanao/ros2_ws/install/person_msgs/share/person_msgs/environment/ament_prefix_path.sh
[0.888s] -- Up-to-date: /home/masanao/ros2_ws/install/person_msgs/share/person_msgs/environment/path.sh
[0.888s] -- Up-to-date: /home/masanao/ros2_ws/install/person_msgs/share/person_msgs/local_setup.bash
[0.888s] -- Up-to-date: /home/masanao/ros2_ws/install/person_msgs/share/person_msgs/local_setup.sh
[0.888s] -- Up-to-date: /home/masanao/ros2_ws/install/person_msgs/share/person_msgs/local_setup.zsh
[0.888s] -- Up-to-date: /home/masanao/ros2_ws/install/person_msgs/share/ament_index/resource_index/packages/person_msgs
[0.889s] -- Up-to-date: /home/masanao/ros2_ws/install/person_msgs/share/person_msgs/cmake/rosidl_cmake-extras.cmake
[0.889s] -- Up-to-date: /home/masanao/ros2_ws/install/person_msgs/share/person_msgs/cmake/ament_cmake_export_libraries-extras.cmake
[0.889s] -- Up-to-date: /home/masanao/ros2_ws/install/person_msgs/share/person_msgs/cmake/ament_cmake_export_include_directories-extras.cmake
[0.889s] -- Up-to-date: /home/masanao/ros2_ws/install/person_msgs/share/person_msgs/cmake/person_msgsConfig.cmake
[0.889s] -- Up-to-date: /home/masanao/ros2_ws/install/person_msgs/share/person_msgs/cmake/person_msgsConfig-version.cmake
[0.889s] -- Up-to-date: /home/masanao/ros2_ws/install/person_msgs/share/person_msgs/package.xml
[0.893s] Invoked command in '/home/masanao/ros2_ws/build/person_msgs' returned '0': CMAKE_PREFIX_PATH=${CMAKE_PREFIX_PATH}:/home/masanao/ros2_ws/install/mypkg:/opt/ros/dashing /usr/bin/cmake --build /home/masanao/ros2_ws/build/person_msgs --target install -- -j8 -l8
