[0.622s] Invoking command in '/home/masanao/ros2_ws/src/mypkg': PYTHONPATH=/home/masanao/ros2_ws/build/mypkg/prefix_override:/home/masanao/ros2_ws/install/mypkg/lib/python3.6/site-packages:${PYTHONPATH} /usr/bin/python3 setup.py egg_info --egg-base ../../build/mypkg build --build-base /home/masanao/ros2_ws/build/mypkg/build install --record /home/masanao/ros2_ws/build/mypkg/install.log --install-scripts $base/lib/mypkg --single-version-externally-managed
[0.813s] running egg_info
[0.814s] writing ../../build/mypkg/mypkg.egg-info/PKG-INFO
[0.814s] writing dependency_links to ../../build/mypkg/mypkg.egg-info/dependency_links.txt
[0.815s] writing entry points to ../../build/mypkg/mypkg.egg-info/entry_points.txt
[0.815s] writing requirements to ../../build/mypkg/mypkg.egg-info/requires.txt
[0.815s] writing top-level names to ../../build/mypkg/mypkg.egg-info/top_level.txt
[0.853s] reading manifest file '../../build/mypkg/mypkg.egg-info/SOURCES.txt'
[0.854s] writing manifest file '../../build/mypkg/mypkg.egg-info/SOURCES.txt'
[0.855s] running build
[0.855s] running build_py
[0.855s] copying mypkg/listener.py -> /home/masanao/ros2_ws/build/mypkg/build/lib/mypkg
[0.856s] running install
[0.856s] running install_lib
[0.858s] copying /home/masanao/ros2_ws/build/mypkg/build/lib/mypkg/listener.py -> /home/masanao/ros2_ws/install/mypkg/lib/python3.6/site-packages/mypkg
[0.858s] byte-compiling /home/masanao/ros2_ws/install/mypkg/lib/python3.6/site-packages/mypkg/listener.py to listener.cpython-36.pyc
[0.859s] running install_data
[0.859s] running install_egg_info
[0.861s] removing '/home/masanao/ros2_ws/install/mypkg/lib/python3.6/site-packages/mypkg-0.0.0-py3.6.egg-info' (and everything under it)
[0.861s] Copying ../../build/mypkg/mypkg.egg-info to /home/masanao/ros2_ws/install/mypkg/lib/python3.6/site-packages/mypkg-0.0.0-py3.6.egg-info
[0.862s] running install_scripts
[0.880s] Installing listener script to /home/masanao/ros2_ws/install/mypkg/lib/mypkg
[0.881s] Installing talker script to /home/masanao/ros2_ws/install/mypkg/lib/mypkg
[0.881s] writing list of installed files to '/home/masanao/ros2_ws/build/mypkg/install.log'
[0.904s] Invoked command in '/home/masanao/ros2_ws/src/mypkg' returned '0': PYTHONPATH=/home/masanao/ros2_ws/build/mypkg/prefix_override:/home/masanao/ros2_ws/install/mypkg/lib/python3.6/site-packages:${PYTHONPATH} /usr/bin/python3 setup.py egg_info --egg-base ../../build/mypkg build --build-base /home/masanao/ros2_ws/build/mypkg/build install --record /home/masanao/ros2_ws/build/mypkg/install.log --install-scripts $base/lib/mypkg --single-version-externally-managed
