[1.614s] Invoking command in '/home/masanao/ros2_ws/src/mypkg': PYTHONPATH=/home/masanao/ros2_ws/build/mypkg/prefix_override:/home/masanao/ros2_ws/install/mypkg/lib/python3.6/site-packages:${PYTHONPATH} /usr/bin/python3 setup.py egg_info --egg-base ../../build/mypkg build --build-base /home/masanao/ros2_ws/build/mypkg/build install --record /home/masanao/ros2_ws/build/mypkg/install.log --install-scripts $base/lib/mypkg --single-version-externally-managed
[2.635s] running egg_info
[2.636s] writing ../../build/mypkg/mypkg.egg-info/PKG-INFO
[2.637s] writing dependency_links to ../../build/mypkg/mypkg.egg-info/dependency_links.txt
[2.639s] writing entry points to ../../build/mypkg/mypkg.egg-info/entry_points.txt
[2.639s] writing requirements to ../../build/mypkg/mypkg.egg-info/requires.txt
[2.640s] writing top-level names to ../../build/mypkg/mypkg.egg-info/top_level.txt
[2.692s] reading manifest file '../../build/mypkg/mypkg.egg-info/SOURCES.txt'
[2.695s] writing manifest file '../../build/mypkg/mypkg.egg-info/SOURCES.txt'
[2.695s] running build
[2.695s] running build_py
[2.695s] running install
[2.696s] running install_lib
[2.698s] running install_data
[2.699s] running install_egg_info
[2.703s] removing '/home/masanao/ros2_ws/install/mypkg/lib/python3.6/site-packages/mypkg-0.0.0-py3.6.egg-info' (and everything under it)
[2.704s] Copying ../../build/mypkg/mypkg.egg-info to /home/masanao/ros2_ws/install/mypkg/lib/python3.6/site-packages/mypkg-0.0.0-py3.6.egg-info
[2.706s] running install_scripts
[2.736s] Installing listener script to /home/masanao/ros2_ws/install/mypkg/lib/mypkg
[2.736s] Installing talker script to /home/masanao/ros2_ws/install/mypkg/lib/mypkg
[2.739s] writing list of installed files to '/home/masanao/ros2_ws/build/mypkg/install.log'
[2.780s] Invoked command in '/home/masanao/ros2_ws/src/mypkg' returned '0': PYTHONPATH=/home/masanao/ros2_ws/build/mypkg/prefix_override:/home/masanao/ros2_ws/install/mypkg/lib/python3.6/site-packages:${PYTHONPATH} /usr/bin/python3 setup.py egg_info --egg-base ../../build/mypkg build --build-base /home/masanao/ros2_ws/build/mypkg/build install --record /home/masanao/ros2_ws/build/mypkg/install.log --install-scripts $base/lib/mypkg --single-version-externally-managed
