[0.708s] Invoking command in '/home/masanao/ros2_ws/src/mypkg': PYTHONPATH=/home/masanao/ros2_ws/build/mypkg/prefix_override:/home/masanao/ros2_ws/install/mypkg/lib/python3.6/site-packages:${PYTHONPATH} /usr/bin/python3 setup.py egg_info --egg-base ../../build/mypkg build --build-base /home/masanao/ros2_ws/build/mypkg/build install --record /home/masanao/ros2_ws/build/mypkg/install.log --install-scripts $base/lib/mypkg --single-version-externally-managed
[0.954s] running egg_info
[0.955s] writing ../../build/mypkg/mypkg.egg-info/PKG-INFO
[0.956s] writing dependency_links to ../../build/mypkg/mypkg.egg-info/dependency_links.txt
[0.956s] writing entry points to ../../build/mypkg/mypkg.egg-info/entry_points.txt
[0.957s] writing requirements to ../../build/mypkg/mypkg.egg-info/requires.txt
[0.957s] writing top-level names to ../../build/mypkg/mypkg.egg-info/top_level.txt
[1.002s] reading manifest file '../../build/mypkg/mypkg.egg-info/SOURCES.txt'
[1.003s] writing manifest file '../../build/mypkg/mypkg.egg-info/SOURCES.txt'
[1.003s] running build
[1.004s] running build_py
[1.004s] copying mypkg/listener.py -> /home/masanao/ros2_ws/build/mypkg/build/lib/mypkg
[1.004s] running install
[1.005s] running install_lib
[1.006s] copying /home/masanao/ros2_ws/build/mypkg/build/lib/mypkg/listener.py -> /home/masanao/ros2_ws/install/mypkg/lib/python3.6/site-packages/mypkg
[1.006s] byte-compiling /home/masanao/ros2_ws/install/mypkg/lib/python3.6/site-packages/mypkg/listener.py to listener.cpython-36.pyc
[1.007s] running install_data
[1.007s] running install_egg_info
[1.009s] removing '/home/masanao/ros2_ws/install/mypkg/lib/python3.6/site-packages/mypkg-0.0.0-py3.6.egg-info' (and everything under it)
[1.010s] Copying ../../build/mypkg/mypkg.egg-info to /home/masanao/ros2_ws/install/mypkg/lib/python3.6/site-packages/mypkg-0.0.0-py3.6.egg-info
[1.011s] running install_scripts
[1.036s] Installing listener script to /home/masanao/ros2_ws/install/mypkg/lib/mypkg
[1.036s] Installing talker script to /home/masanao/ros2_ws/install/mypkg/lib/mypkg
[1.037s] writing list of installed files to '/home/masanao/ros2_ws/build/mypkg/install.log'
[1.087s] Invoked command in '/home/masanao/ros2_ws/src/mypkg' returned '0': PYTHONPATH=/home/masanao/ros2_ws/build/mypkg/prefix_override:/home/masanao/ros2_ws/install/mypkg/lib/python3.6/site-packages:${PYTHONPATH} /usr/bin/python3 setup.py egg_info --egg-base ../../build/mypkg build --build-base /home/masanao/ros2_ws/build/mypkg/build install --record /home/masanao/ros2_ws/build/mypkg/install.log --install-scripts $base/lib/mypkg --single-version-externally-managed
