[0.677s] Invoking command in '/home/masanao/ros2_ws/src/mypkg': PYTHONPATH=/home/masanao/ros2_ws/build/mypkg/prefix_override:/home/masanao/ros2_ws/install/mypkg/lib/python3.6/site-packages:${PYTHONPATH} /usr/bin/python3 setup.py egg_info --egg-base ../../build/mypkg build --build-base /home/masanao/ros2_ws/build/mypkg/build install --record /home/masanao/ros2_ws/build/mypkg/install.log --install-scripts $base/lib/mypkg --single-version-externally-managed
[0.918s] running egg_info
[0.919s] writing ../../build/mypkg/mypkg.egg-info/PKG-INFO
[0.919s] writing dependency_links to ../../build/mypkg/mypkg.egg-info/dependency_links.txt
[0.920s] writing entry points to ../../build/mypkg/mypkg.egg-info/entry_points.txt
[0.920s] writing requirements to ../../build/mypkg/mypkg.egg-info/requires.txt
[0.921s] writing top-level names to ../../build/mypkg/mypkg.egg-info/top_level.txt
[0.961s] reading manifest file '../../build/mypkg/mypkg.egg-info/SOURCES.txt'
[0.963s] writing manifest file '../../build/mypkg/mypkg.egg-info/SOURCES.txt'
[0.963s] running build
[0.963s] running build_py
[0.964s] copying mypkg/listener.py -> /home/masanao/ros2_ws/build/mypkg/build/lib/mypkg
[0.964s] running install
[0.964s] running install_lib
[0.965s] copying /home/masanao/ros2_ws/build/mypkg/build/lib/mypkg/listener.py -> /home/masanao/ros2_ws/install/mypkg/lib/python3.6/site-packages/mypkg
[0.966s] byte-compiling /home/masanao/ros2_ws/install/mypkg/lib/python3.6/site-packages/mypkg/listener.py to listener.cpython-36.pyc
[0.966s] running install_data
[0.967s] running install_egg_info
[0.968s] removing '/home/masanao/ros2_ws/install/mypkg/lib/python3.6/site-packages/mypkg-0.0.0-py3.6.egg-info' (and everything under it)
[0.969s] Copying ../../build/mypkg/mypkg.egg-info to /home/masanao/ros2_ws/install/mypkg/lib/python3.6/site-packages/mypkg-0.0.0-py3.6.egg-info
[0.970s] running install_scripts
[1.000s] Installing listener script to /home/masanao/ros2_ws/install/mypkg/lib/mypkg
[1.001s] Installing talker script to /home/masanao/ros2_ws/install/mypkg/lib/mypkg
[1.002s] writing list of installed files to '/home/masanao/ros2_ws/build/mypkg/install.log'
[1.035s] Invoked command in '/home/masanao/ros2_ws/src/mypkg' returned '0': PYTHONPATH=/home/masanao/ros2_ws/build/mypkg/prefix_override:/home/masanao/ros2_ws/install/mypkg/lib/python3.6/site-packages:${PYTHONPATH} /usr/bin/python3 setup.py egg_info --egg-base ../../build/mypkg build --build-base /home/masanao/ros2_ws/build/mypkg/build install --record /home/masanao/ros2_ws/build/mypkg/install.log --install-scripts $base/lib/mypkg --single-version-externally-managed
