[0.655s] Invoking command in '/home/masanao/ros2_ws/src/mypkg': PYTHONPATH=/home/masanao/ros2_ws/build/mypkg/prefix_override:/home/masanao/ros2_ws/install/mypkg/lib/python3.6/site-packages:${PYTHONPATH} /usr/bin/python3 setup.py egg_info --egg-base ../../build/mypkg build --build-base /home/masanao/ros2_ws/build/mypkg/build install --record /home/masanao/ros2_ws/build/mypkg/install.log --install-scripts $base/lib/mypkg --single-version-externally-managed
[0.873s] running egg_info
[0.874s] writing ../../build/mypkg/mypkg.egg-info/PKG-INFO
[0.874s] writing dependency_links to ../../build/mypkg/mypkg.egg-info/dependency_links.txt
[0.875s] writing entry points to ../../build/mypkg/mypkg.egg-info/entry_points.txt
[0.875s] writing requirements to ../../build/mypkg/mypkg.egg-info/requires.txt
[0.875s] writing top-level names to ../../build/mypkg/mypkg.egg-info/top_level.txt
[0.909s] reading manifest file '../../build/mypkg/mypkg.egg-info/SOURCES.txt'
[0.910s] writing manifest file '../../build/mypkg/mypkg.egg-info/SOURCES.txt'
[0.911s] running build
[0.911s] running build_py
[0.912s] copying mypkg/talker.py -> /home/masanao/ros2_ws/build/mypkg/build/lib/mypkg
[0.912s] running install
[0.913s] running install_lib
[0.915s] copying /home/masanao/ros2_ws/build/mypkg/build/lib/mypkg/talker.py -> /home/masanao/ros2_ws/install/mypkg/lib/python3.6/site-packages/mypkg
[0.916s] byte-compiling /home/masanao/ros2_ws/install/mypkg/lib/python3.6/site-packages/mypkg/talker.py to talker.cpython-36.pyc
[0.918s] running install_data
[0.921s] running install_egg_info
[0.922s] removing '/home/masanao/ros2_ws/install/mypkg/lib/python3.6/site-packages/mypkg-0.0.0-py3.6.egg-info' (and everything under it)
[0.923s] Copying ../../build/mypkg/mypkg.egg-info to /home/masanao/ros2_ws/install/mypkg/lib/python3.6/site-packages/mypkg-0.0.0-py3.6.egg-info
[0.924s] running install_scripts
[0.939s] Installing listener script to /home/masanao/ros2_ws/install/mypkg/lib/mypkg
[0.940s] Installing talker script to /home/masanao/ros2_ws/install/mypkg/lib/mypkg
[0.940s] writing list of installed files to '/home/masanao/ros2_ws/build/mypkg/install.log'
[0.968s] Invoked command in '/home/masanao/ros2_ws/src/mypkg' returned '0': PYTHONPATH=/home/masanao/ros2_ws/build/mypkg/prefix_override:/home/masanao/ros2_ws/install/mypkg/lib/python3.6/site-packages:${PYTHONPATH} /usr/bin/python3 setup.py egg_info --egg-base ../../build/mypkg build --build-base /home/masanao/ros2_ws/build/mypkg/build install --record /home/masanao/ros2_ws/build/mypkg/install.log --install-scripts $base/lib/mypkg --single-version-externally-managed
