[0.227s] Invoking command in '/home/masanao/ros2_ws/build/person_msgs': CMAKE_PREFIX_PATH=/home/masanao/ros2_ws/install/mypkg:/opt/ros/dashing /usr/bin/cmake /home/masanao/ros2_ws/src/person_msgs -DCMAKE_INSTALL_PREFIX=/home/masanao/ros2_ws/install/person_msgs
[0.252s] -- Found ament_cmake: 0.7.6 (/opt/ros/dashing/share/ament_cmake/cmake)
[0.265s] -- Found PythonInterp: /usr/bin/python3 (found suitable version "3.6.9", minimum required is "3") 
[0.265s] -- Using PYTHON_EXECUTABLE: /usr/bin/python3
[0.443s] -- Found rosidl_default_generators: 0.7.0 (/opt/ros/dashing/share/rosidl_default_generators/cmake)
[1.629s] -- Found rosidl_adapter: 0.7.10 (/opt/ros/dashing/share/rosidl_adapter/cmake)
[2.630s] -- Found PythonInterp: /usr/bin/python3 (found version "3.6.9") 
[2.751s] CMake Error at /opt/ros/dashing/share/rosidl_adapter/cmake/rosidl_adapt_interfaces.cmake:60 (message):
[2.751s]   execute_process(/usr/bin/python3 -m rosidl_adapter --package-name
[2.751s]   person_msgs --arguments-file
[2.751s]   /home/masanao/ros2_ws/build/person_msgs/rosidl_adapter__arguments__person_msgs.json
[2.752s]   --output-dir
[2.752s]   /home/masanao/ros2_ws/build/person_msgs/rosidl_adapter/person_msgs
[2.752s]   --output-file
[2.752s]   /home/masanao/ros2_ws/build/person_msgs/rosidl_adapter/person_msgs.idls)
[2.752s]   returned error code 1:
[2.753s] 
[2.753s]   Error processing 'unit8 age' of 'person_msgs/Person': 'unit8'
[2.753s] 
[2.753s]   Traceback (most recent call last):
[2.753s] 
[2.753s]     File "/usr/lib/python3.6/runpy.py", line 193, in _run_module_as_main
[2.753s]       "__main__", mod_spec)
[2.753s]     File "/usr/lib/python3.6/runpy.py", line 85, in _run_code
[2.753s]       exec(code, run_globals)
[2.754s]     File "/opt/ros/dashing/lib/python3.6/site-packages/rosidl_adapter/__main__.py", line 19, in <module>
[2.754s]       sys.exit(main())
[2.754s]     File "/opt/ros/dashing/lib/python3.6/site-packages/rosidl_adapter/main.py", line 55, in main
[2.754s]       pathlib.Path(relative_path), output_dir)
[2.754s]     File "/opt/ros/dashing/lib/python3.6/site-packages/rosidl_adapter/__init__.py", line 20, in convert_to_idl
[2.754s]       package_dir, package_name, interface_file, output_dir / 'msg')
[2.754s]     File "/opt/ros/dashing/lib/python3.6/site-packages/rosidl_adapter/msg/__init__.py", line 28, in convert_msg_to_idl
[2.754s]       msg = parse_message_string(package_name, input_file.stem, content)
[2.754s]     File "/opt/ros/dashing/lib/python3.6/site-packages/rosidl_adapter/parser.py", line 504, in parse_message_string
[2.754s]       Type(type_string, context_package_name=pkg_name),
[2.754s]     File "/opt/ros/dashing/lib/python3.6/site-packages/rosidl_adapter/parser.py", line 273, in __init__
[2.754s]       context_package_name=context_package_name)
[2.754s]     File "/opt/ros/dashing/lib/python3.6/site-packages/rosidl_adapter/parser.py", line 202, in __init__
[2.754s]       raise InvalidResourceName(self.type)
[2.754s] 
[2.754s]   rosidl_adapter.parser.InvalidResourceName: unit8
[2.755s] 
[2.755s] Call Stack (most recent call first):
[2.755s]   /opt/ros/dashing/share/rosidl_cmake/cmake/rosidl_generate_interfaces.cmake:130 (rosidl_adapt_interfaces)
[2.755s]   CMakeLists.txt:24 (rosidl_generate_interfaces)
[2.755s] 
[2.755s] 
[2.755s] -- Configuring incomplete, errors occurred!
[2.755s] See also "/home/masanao/ros2_ws/build/person_msgs/CMakeFiles/CMakeOutput.log".
[2.757s] Invoked command in '/home/masanao/ros2_ws/build/person_msgs' returned '1': CMAKE_PREFIX_PATH=/home/masanao/ros2_ws/install/mypkg:/opt/ros/dashing /usr/bin/cmake /home/masanao/ros2_ws/src/person_msgs -DCMAKE_INSTALL_PREFIX=/home/masanao/ros2_ws/install/person_msgs
