[0.699s] Invoking command in '/home/masanao/ros2_ws/src/mypkg': PYTHONPATH=/home/masanao/ros2_ws/build/mypkg/prefix_override:/home/masanao/ros2_ws/install/mypkg/lib/python3.6/site-packages:${PYTHONPATH} /usr/bin/python3 setup.py egg_info --egg-base ../../build/mypkg build --build-base /home/masanao/ros2_ws/build/mypkg/build install --record /home/masanao/ros2_ws/build/mypkg/install.log --install-scripts $base/lib/mypkg --single-version-externally-managed
[1.014s] running egg_info
[1.015s] writing ../../build/mypkg/mypkg.egg-info/PKG-INFO
[1.015s] writing dependency_links to ../../build/mypkg/mypkg.egg-info/dependency_links.txt
[1.016s] writing entry points to ../../build/mypkg/mypkg.egg-info/entry_points.txt
[1.016s] writing requirements to ../../build/mypkg/mypkg.egg-info/requires.txt
[1.017s] writing top-level names to ../../build/mypkg/mypkg.egg-info/top_level.txt
[1.061s] reading manifest file '../../build/mypkg/mypkg.egg-info/SOURCES.txt'
[1.062s] writing manifest file '../../build/mypkg/mypkg.egg-info/SOURCES.txt'
[1.063s] running build
[1.063s] running build_py
[1.064s] running install
[1.064s] running install_lib
[1.065s] running install_data
[1.065s] running install_egg_info
[1.067s] removing '/home/masanao/ros2_ws/install/mypkg/lib/python3.6/site-packages/mypkg-0.0.0-py3.6.egg-info' (and everything under it)
[1.068s] Copying ../../build/mypkg/mypkg.egg-info to /home/masanao/ros2_ws/install/mypkg/lib/python3.6/site-packages/mypkg-0.0.0-py3.6.egg-info
[1.069s] running install_scripts
[1.100s] Installing listener script to /home/masanao/ros2_ws/install/mypkg/lib/mypkg
[1.100s] Installing talker script to /home/masanao/ros2_ws/install/mypkg/lib/mypkg
[1.102s] writing list of installed files to '/home/masanao/ros2_ws/build/mypkg/install.log'
[1.133s] Invoked command in '/home/masanao/ros2_ws/src/mypkg' returned '0': PYTHONPATH=/home/masanao/ros2_ws/build/mypkg/prefix_override:/home/masanao/ros2_ws/install/mypkg/lib/python3.6/site-packages:${PYTHONPATH} /usr/bin/python3 setup.py egg_info --egg-base ../../build/mypkg build --build-base /home/masanao/ros2_ws/build/mypkg/build install --record /home/masanao/ros2_ws/build/mypkg/install.log --install-scripts $base/lib/mypkg --single-version-externally-managed
