[0.709s] Invoking command in '/home/masanao/ros2_ws/src/mypkg': PYTHONPATH=/home/masanao/ros2_ws/build/mypkg/prefix_override:/home/masanao/ros2_ws/install/mypkg/lib/python3.6/site-packages:${PYTHONPATH} /usr/bin/python3 setup.py egg_info --egg-base ../../build/mypkg build --build-base /home/masanao/ros2_ws/build/mypkg/build install --record /home/masanao/ros2_ws/build/mypkg/install.log --install-scripts $base/lib/mypkg --single-version-externally-managed
[1.015s] running egg_info
[1.016s] writing ../../build/mypkg/mypkg.egg-info/PKG-INFO
[1.017s] writing dependency_links to ../../build/mypkg/mypkg.egg-info/dependency_links.txt
[1.017s] writing entry points to ../../build/mypkg/mypkg.egg-info/entry_points.txt
[1.018s] writing requirements to ../../build/mypkg/mypkg.egg-info/requires.txt
[1.018s] writing top-level names to ../../build/mypkg/mypkg.egg-info/top_level.txt
[1.070s] reading manifest file '../../build/mypkg/mypkg.egg-info/SOURCES.txt'
[1.072s] writing manifest file '../../build/mypkg/mypkg.egg-info/SOURCES.txt'
[1.073s] running build
[1.073s] running build_py
[1.073s] copying mypkg/talker.py -> /home/masanao/ros2_ws/build/mypkg/build/lib/mypkg
[1.074s] running install
[1.074s] running install_lib
[1.076s] copying /home/masanao/ros2_ws/build/mypkg/build/lib/mypkg/talker.py -> /home/masanao/ros2_ws/install/mypkg/lib/python3.6/site-packages/mypkg
[1.077s] byte-compiling /home/masanao/ros2_ws/install/mypkg/lib/python3.6/site-packages/mypkg/talker.py to talker.cpython-36.pyc
[1.077s] running install_data
[1.077s]   File "/home/masanao/ros2_ws/install/mypkg/lib/python3.6/site-packages/mypkg/talker.py", line 15
[1.078s]     msg.data = .n
[1.078s]                ^
[1.078s] SyntaxError: invalid syntax
[1.078s] 
[1.078s] running install_egg_info
[1.080s] removing '/home/masanao/ros2_ws/install/mypkg/lib/python3.6/site-packages/mypkg-0.0.0-py3.6.egg-info' (and everything under it)
[1.080s] Copying ../../build/mypkg/mypkg.egg-info to /home/masanao/ros2_ws/install/mypkg/lib/python3.6/site-packages/mypkg-0.0.0-py3.6.egg-info
[1.081s] running install_scripts
[1.113s] Installing listener script to /home/masanao/ros2_ws/install/mypkg/lib/mypkg
[1.113s] Installing talker script to /home/masanao/ros2_ws/install/mypkg/lib/mypkg
[1.113s] writing list of installed files to '/home/masanao/ros2_ws/build/mypkg/install.log'
[1.161s] Invoked command in '/home/masanao/ros2_ws/src/mypkg' returned '0': PYTHONPATH=/home/masanao/ros2_ws/build/mypkg/prefix_override:/home/masanao/ros2_ws/install/mypkg/lib/python3.6/site-packages:${PYTHONPATH} /usr/bin/python3 setup.py egg_info --egg-base ../../build/mypkg build --build-base /home/masanao/ros2_ws/build/mypkg/build install --record /home/masanao/ros2_ws/build/mypkg/install.log --install-scripts $base/lib/mypkg --single-version-externally-managed
