[0.654s] Invoking command in '/home/masanao/ros2_ws/src/mypkg': PYTHONPATH=/home/masanao/ros2_ws/build/mypkg/prefix_override:/home/masanao/ros2_ws/install/mypkg/lib/python3.6/site-packages:${PYTHONPATH} /usr/bin/python3 setup.py egg_info --egg-base ../../build/mypkg build --build-base /home/masanao/ros2_ws/build/mypkg/build install --record /home/masanao/ros2_ws/build/mypkg/install.log --install-scripts $base/lib/mypkg --single-version-externally-managed
[0.892s] running egg_info
[0.892s] writing ../../build/mypkg/mypkg.egg-info/PKG-INFO
[0.893s] writing dependency_links to ../../build/mypkg/mypkg.egg-info/dependency_links.txt
[0.893s] writing entry points to ../../build/mypkg/mypkg.egg-info/entry_points.txt
[0.893s] writing requirements to ../../build/mypkg/mypkg.egg-info/requires.txt
[0.894s] writing top-level names to ../../build/mypkg/mypkg.egg-info/top_level.txt
[0.942s] reading manifest file '../../build/mypkg/mypkg.egg-info/SOURCES.txt'
[0.942s] writing manifest file '../../build/mypkg/mypkg.egg-info/SOURCES.txt'
[0.942s] running build
[0.942s] running build_py
[0.942s] copying mypkg/__init__.py -> /home/masanao/ros2_ws/build/mypkg/build/lib/mypkg
[0.942s] running install
[0.942s] running install_lib
[0.942s] copying /home/masanao/ros2_ws/build/mypkg/build/lib/mypkg/__init__.py -> /home/masanao/ros2_ws/install/mypkg/lib/python3.6/site-packages/mypkg
[0.942s] byte-compiling /home/masanao/ros2_ws/install/mypkg/lib/python3.6/site-packages/mypkg/__init__.py to __init__.cpython-36.pyc
[0.943s] running install_data
[0.943s] running install_egg_info
[0.943s] removing '/home/masanao/ros2_ws/install/mypkg/lib/python3.6/site-packages/mypkg-0.0.0-py3.6.egg-info' (and everything under it)
[0.943s] Copying ../../build/mypkg/mypkg.egg-info to /home/masanao/ros2_ws/install/mypkg/lib/python3.6/site-packages/mypkg-0.0.0-py3.6.egg-info
[0.944s] running install_scripts
[0.963s] Installing listener script to /home/masanao/ros2_ws/install/mypkg/lib/mypkg
[0.963s] Installing talker script to /home/masanao/ros2_ws/install/mypkg/lib/mypkg
[0.964s] writing list of installed files to '/home/masanao/ros2_ws/build/mypkg/install.log'
[1.016s] Invoked command in '/home/masanao/ros2_ws/src/mypkg' returned '0': PYTHONPATH=/home/masanao/ros2_ws/build/mypkg/prefix_override:/home/masanao/ros2_ws/install/mypkg/lib/python3.6/site-packages:${PYTHONPATH} /usr/bin/python3 setup.py egg_info --egg-base ../../build/mypkg build --build-base /home/masanao/ros2_ws/build/mypkg/build install --record /home/masanao/ros2_ws/build/mypkg/install.log --install-scripts $base/lib/mypkg --single-version-externally-managed
