[0.236s] Invoking command in '/home/masanao/ros2_ws/build/person_msgs': CMAKE_PREFIX_PATH=${CMAKE_PREFIX_PATH}:/home/masanao/ros2_ws/install/mypkg:/opt/ros/dashing /usr/bin/cmake --build /home/masanao/ros2_ws/build/person_msgs -- -j8 -l8
[0.264s] -- Found ament_cmake: 0.7.6 (/opt/ros/dashing/share/ament_cmake/cmake)
[0.296s] -- Found PythonInterp: /usr/bin/python3 (found suitable version "3.6.9", minimum required is "3") 
[0.296s] -- Using PYTHON_EXECUTABLE: /usr/bin/python3
[0.491s] -- Found rosidl_default_generators: 0.7.0 (/opt/ros/dashing/share/rosidl_default_generators/cmake)
[1.719s] -- Found rosidl_adapter: 0.7.10 (/opt/ros/dashing/share/rosidl_adapter/cmake)
[2.784s] -- Found PythonInterp: /usr/bin/python3 (found version "3.6.9") 
[2.922s] -- Using single matching rosidl_typesupport_c: rosidl_typesupport_fastrtps_c
[2.926s] -- Using single matching rosidl_typesupport_cpp: rosidl_typesupport_fastrtps_cpp
[4.926s] -- Found rmw_implementation_cmake: 0.7.2 (/opt/ros/dashing/share/rmw_implementation_cmake/cmake)
[4.953s] -- Found PythonInterp: /usr/bin/python3 (found suitable version "3.6.9", minimum required is "3.5") 
[4.954s] -- Found python_cmake_module: 0.7.11 (/opt/ros/dashing/share/python_cmake_module/cmake)
[4.980s] -- Using PYTHON_EXECUTABLE: /usr/bin/python3
[4.980s] -- Using PYTHON_INCLUDE_DIRS: /usr/include/python3.6m
[4.980s] -- Using PYTHON_LIBRARIES: /usr/lib/x86_64-linux-gnu/libpython3.6m.so
[6.902s] -- Found ament_lint_auto: 0.7.12 (/opt/ros/dashing/share/ament_lint_auto/cmake)
[6.913s] -- Added test 'lint_cmake' to check CMake code style
[6.914s] -- Added test 'xmllint' to check XML markup files
[6.918s] -- Configuring done
[6.957s] -- Generating done
[6.961s] -- Build files have been written to: /home/masanao/ros2_ws/build/person_msgs
[6.986s] [  2%] [34m[1mGenerating C code for ROS interfaces[0m
[6.987s] [35m[1mScanning dependencies of target person_msgs__cpp[0m
[6.998s] [  5%] [34m[1mGenerating C++ code for ROS interfaces[0m
[7.337s] [  5%] Built target person_msgs__cpp
[7.350s] [  8%] [34m[1mGenerating C++ type support for eProsima Fast-RTPS[0m
[7.351s] [ 10%] [34m[1mGenerating C++ introspection for ROS interfaces[0m
[7.383s] [35m[1mScanning dependencies of target person_msgs__rosidl_generator_c[0m
[7.398s] [ 13%] [32mBuilding C object CMakeFiles/person_msgs__rosidl_generator_c.dir/rosidl_generator_c/person_msgs/srv/query__functions.c.o[0m
[7.401s] [ 16%] [32mBuilding C object CMakeFiles/person_msgs__rosidl_generator_c.dir/rosidl_generator_c/person_msgs/msg/person__functions.c.o[0m
[7.462s] [ 18%] [32m[1mLinking C shared library libperson_msgs__rosidl_generator_c.so[0m
[7.544s] [ 18%] Built target person_msgs__rosidl_generator_c
[7.558s] [ 21%] [34m[1mGenerating C introspection for ROS interfaces[0m
[7.748s] [35m[1mScanning dependencies of target person_msgs__rosidl_typesupport_introspection_cpp[0m
[7.767s] [ 24%] [32mBuilding CXX object CMakeFiles/person_msgs__rosidl_typesupport_introspection_cpp.dir/rosidl_typesupport_introspection_cpp/person_msgs/msg/person__type_support.cpp.o[0m
[7.767s] [ 27%] [32mBuilding CXX object CMakeFiles/person_msgs__rosidl_typesupport_introspection_cpp.dir/rosidl_typesupport_introspection_cpp/person_msgs/srv/query__type_support.cpp.o[0m
[7.778s] [35m[1mScanning dependencies of target person_msgs__rosidl_typesupport_fastrtps_cpp[0m
[7.807s] [ 29%] [32mBuilding CXX object CMakeFiles/person_msgs__rosidl_typesupport_fastrtps_cpp.dir/rosidl_typesupport_fastrtps_cpp/person_msgs/srv/dds_fastrtps/query__type_support.cpp.o[0m
[7.807s] [ 32%] [32mBuilding CXX object CMakeFiles/person_msgs__rosidl_typesupport_fastrtps_cpp.dir/rosidl_typesupport_fastrtps_cpp/person_msgs/msg/dds_fastrtps/person__type_support.cpp.o[0m
[7.990s] [35m[1mScanning dependencies of target person_msgs__rosidl_typesupport_introspection_c[0m
[8.006s] [ 35%] [32mBuilding C object CMakeFiles/person_msgs__rosidl_typesupport_introspection_c.dir/rosidl_typesupport_introspection_c/person_msgs/msg/person__type_support.c.o[0m
[8.011s] [ 37%] [32mBuilding C object CMakeFiles/person_msgs__rosidl_typesupport_introspection_c.dir/rosidl_typesupport_introspection_c/person_msgs/srv/query__type_support.c.o[0m
[8.050s] [ 40%] [32m[1mLinking C shared library libperson_msgs__rosidl_typesupport_introspection_c.so[0m
[8.131s] [ 40%] Built target person_msgs__rosidl_typesupport_introspection_c
[8.184s] [ 43%] [32m[1mLinking CXX shared library libperson_msgs__rosidl_typesupport_introspection_cpp.so[0m
[8.271s] [ 43%] Built target person_msgs__rosidl_typesupport_introspection_cpp
[8.338s] [ 45%] [32m[1mLinking CXX shared library libperson_msgs__rosidl_typesupport_fastrtps_cpp.so[0m
[8.445s] [ 45%] Built target person_msgs__rosidl_typesupport_fastrtps_cpp
[8.457s] [ 51%] [34m[1mGenerating C type support for eProsima Fast-RTPS[0m
[8.457s] [ 51%] [34m[1mGenerating C++ type support dispatch for ROS interfaces[0m
[8.768s] [35m[1mScanning dependencies of target person_msgs__rosidl_typesupport_cpp[0m
[8.784s] [ 56%] [32mBuilding CXX object CMakeFiles/person_msgs__rosidl_typesupport_cpp.dir/rosidl_typesupport_cpp/person_msgs/srv/query__type_support.cpp.o[0m
[8.784s] [ 56%] [32mBuilding CXX object CMakeFiles/person_msgs__rosidl_typesupport_cpp.dir/rosidl_typesupport_cpp/person_msgs/msg/person__type_support.cpp.o[0m
[8.833s] [35m[1mScanning dependencies of target person_msgs__rosidl_typesupport_fastrtps_c[0m
[8.850s] [ 59%] [32mBuilding CXX object CMakeFiles/person_msgs__rosidl_typesupport_fastrtps_c.dir/rosidl_typesupport_fastrtps_c/person_msgs/srv/query__type_support_c.cpp.o[0m
[8.850s] [ 62%] [32mBuilding CXX object CMakeFiles/person_msgs__rosidl_typesupport_fastrtps_c.dir/rosidl_typesupport_fastrtps_c/person_msgs/msg/person__type_support_c.cpp.o[0m
[9.207s] [ 64%] [32m[1mLinking CXX shared library libperson_msgs__rosidl_typesupport_cpp.so[0m
[9.240s] [ 67%] [32m[1mLinking CXX shared library libperson_msgs__rosidl_typesupport_fastrtps_c.so[0m
[9.351s] [ 67%] Built target person_msgs__rosidl_typesupport_cpp
[9.380s] [ 67%] Built target person_msgs__rosidl_typesupport_fastrtps_c
[9.393s] [ 70%] [34m[1mGenerating C type support dispatch for ROS interfaces[0m
[9.671s] [35m[1mScanning dependencies of target person_msgs__rosidl_typesupport_c[0m
[9.684s] [ 75%] [32mBuilding CXX object CMakeFiles/person_msgs__rosidl_typesupport_c.dir/rosidl_typesupport_c/person_msgs/msg/person__type_support.cpp.o[0m
[9.684s] [ 75%] [32mBuilding CXX object CMakeFiles/person_msgs__rosidl_typesupport_c.dir/rosidl_typesupport_c/person_msgs/srv/query__type_support.cpp.o[0m
[9.721s] [ 78%] [32m[1mLinking CXX shared library libperson_msgs__rosidl_typesupport_c.so[0m
[9.813s] [ 78%] Built target person_msgs__rosidl_typesupport_c
[9.835s] [ 78%] Built target person_msgs
[9.847s] [35m[1mScanning dependencies of target person_msgs__py[0m
[9.858s] [ 81%] [34m[1mGenerating Python code for ROS interfaces[0m
[10.374s] [ 81%] Built target person_msgs__py
[10.385s] [35m[1mScanning dependencies of target person_msgs__python[0m
[10.403s] [ 86%] [32mBuilding C object CMakeFiles/person_msgs__python.dir/rosidl_generator_py/person_msgs/srv/_query_s.c.o[0m
[10.403s] [ 86%] [32mBuilding C object CMakeFiles/person_msgs__python.dir/rosidl_generator_py/person_msgs/msg/_person_s.c.o[0m
[10.491s] [ 89%] [32m[1mLinking C shared library rosidl_generator_py/person_msgs/libperson_msgs__python.so[0m
[10.584s] [ 89%] Built target person_msgs__python
[10.596s] [35m[1mScanning dependencies of target person_msgs__rosidl_typesupport_c__pyext[0m
[10.597s] [35m[1mScanning dependencies of target person_msgs__rosidl_typesupport_fastrtps_c__pyext[0m
[10.612s] [ 94%] [32mBuilding C object CMakeFiles/person_msgs__rosidl_typesupport_fastrtps_c__pyext.dir/rosidl_generator_py/person_msgs/_person_msgs_s.ep.rosidl_typesupport_fastrtps_c.c.o[0m
[10.613s] [ 94%] [32mBuilding C object CMakeFiles/person_msgs__rosidl_typesupport_c__pyext.dir/rosidl_generator_py/person_msgs/_person_msgs_s.ep.rosidl_typesupport_c.c.o[0m
[10.692s] [ 97%] [32m[1mLinking C shared library rosidl_generator_py/person_msgs/person_msgs_s__rosidl_typesupport_c.cpython-36m-x86_64-linux-gnu.so[0m
[10.708s] [100%] [32m[1mLinking C shared library rosidl_generator_py/person_msgs/person_msgs_s__rosidl_typesupport_fastrtps_c.cpython-36m-x86_64-linux-gnu.so[0m
[10.785s] [100%] Built target person_msgs__rosidl_typesupport_c__pyext
[10.802s] [100%] Built target person_msgs__rosidl_typesupport_fastrtps_c__pyext
[10.817s] Invoked command in '/home/masanao/ros2_ws/build/person_msgs' returned '0': CMAKE_PREFIX_PATH=${CMAKE_PREFIX_PATH}:/home/masanao/ros2_ws/install/mypkg:/opt/ros/dashing /usr/bin/cmake --build /home/masanao/ros2_ws/build/person_msgs -- -j8 -l8
[10.900s] Invoking command in '/home/masanao/ros2_ws/build/person_msgs': CMAKE_PREFIX_PATH=${CMAKE_PREFIX_PATH}:/home/masanao/ros2_ws/install/mypkg:/opt/ros/dashing /usr/bin/cmake --build /home/masanao/ros2_ws/build/person_msgs --target install -- -j8 -l8
[10.954s] [  2%] Built target person_msgs__cpp
[10.955s] [ 13%] Built target person_msgs__rosidl_generator_c
[10.980s] [ 35%] Built target person_msgs__rosidl_typesupport_introspection_cpp
[10.980s] [ 35%] Built target person_msgs__rosidl_typesupport_introspection_c
[10.982s] [ 45%] Built target person_msgs__rosidl_typesupport_fastrtps_cpp
[11.009s] [ 67%] Built target person_msgs__rosidl_typesupport_fastrtps_c
[11.009s] [ 67%] Built target person_msgs__rosidl_typesupport_cpp
[11.035s] [ 78%] Built target person_msgs__rosidl_typesupport_c
[11.056s] [ 78%] Built target person_msgs
[11.081s] [ 81%] Built target person_msgs__py
[11.108s] [ 89%] Built target person_msgs__python
[11.136s] [100%] Built target person_msgs__rosidl_typesupport_fastrtps_c__pyext
[11.136s] [100%] Built target person_msgs__rosidl_typesupport_c__pyext
[11.157s] [36mInstall the project...[0m
[11.167s] -- Install configuration: ""
[11.167s] -- Installing: /home/masanao/ros2_ws/install/person_msgs/share/ament_index/resource_index/rosidl_interfaces/person_msgs
[11.168s] -- Installing: /home/masanao/ros2_ws/install/person_msgs/lib/libperson_msgs__rosidl_typesupport_c.so
[11.168s] -- Set runtime path of "/home/masanao/ros2_ws/install/person_msgs/lib/libperson_msgs__rosidl_typesupport_c.so" to ""
[11.168s] -- Up-to-date: /home/masanao/ros2_ws/install/person_msgs/share/person_msgs/environment/library_path.sh
[11.168s] -- Installing: /home/masanao/ros2_ws/install/person_msgs/lib/libperson_msgs__rosidl_typesupport_cpp.so
[11.169s] -- Set runtime path of "/home/masanao/ros2_ws/install/person_msgs/lib/libperson_msgs__rosidl_typesupport_cpp.so" to ""
[11.169s] -- Up-to-date: /home/masanao/ros2_ws/install/person_msgs/include/person_msgs
[11.169s] -- Installing: /home/masanao/ros2_ws/install/person_msgs/include/person_msgs/srv
[11.169s] -- Installing: /home/masanao/ros2_ws/install/person_msgs/include/person_msgs/srv/query__rosidl_typesupport_fastrtps_c.h
[11.170s] -- Up-to-date: /home/masanao/ros2_ws/install/person_msgs/include/person_msgs/msg
[11.170s] -- Up-to-date: /home/masanao/ros2_ws/install/person_msgs/include/person_msgs/msg/rosidl_typesupport_fastrtps_c__visibility_control.h
[11.171s] -- Installing: /home/masanao/ros2_ws/install/person_msgs/include/person_msgs/msg/person__rosidl_typesupport_fastrtps_c.h
[11.171s] -- Installing: /home/masanao/ros2_ws/install/person_msgs/lib/libperson_msgs__rosidl_typesupport_fastrtps_c.so
[11.172s] -- Set runtime path of "/home/masanao/ros2_ws/install/person_msgs/lib/libperson_msgs__rosidl_typesupport_fastrtps_c.so" to ""
[11.172s] -- Up-to-date: /home/masanao/ros2_ws/install/person_msgs/include/person_msgs
[11.172s] -- Up-to-date: /home/masanao/ros2_ws/install/person_msgs/include/person_msgs/srv
[11.172s] -- Installing: /home/masanao/ros2_ws/install/person_msgs/include/person_msgs/srv/query__functions.c
[11.173s] -- Installing: /home/masanao/ros2_ws/install/person_msgs/include/person_msgs/srv/query.h
[11.173s] -- Installing: /home/masanao/ros2_ws/install/person_msgs/include/person_msgs/srv/query__type_support.h
[11.173s] -- Installing: /home/masanao/ros2_ws/install/person_msgs/include/person_msgs/srv/query__functions.h
[11.174s] -- Installing: /home/masanao/ros2_ws/install/person_msgs/include/person_msgs/srv/query__struct.h
[11.175s] -- Up-to-date: /home/masanao/ros2_ws/install/person_msgs/include/person_msgs/msg
[11.175s] -- Installing: /home/masanao/ros2_ws/install/person_msgs/include/person_msgs/msg/person.h
[11.175s] -- Installing: /home/masanao/ros2_ws/install/person_msgs/include/person_msgs/msg/person__functions.c
[11.176s] -- Installing: /home/masanao/ros2_ws/install/person_msgs/include/person_msgs/msg/person__type_support.h
[11.176s] -- Installing: /home/masanao/ros2_ws/install/person_msgs/include/person_msgs/msg/person__functions.h
[11.176s] -- Up-to-date: /home/masanao/ros2_ws/install/person_msgs/include/person_msgs/msg/rosidl_generator_c__visibility_control.h
[11.176s] -- Installing: /home/masanao/ros2_ws/install/person_msgs/include/person_msgs/msg/person__struct.h
[11.177s] -- Installing: /home/masanao/ros2_ws/install/person_msgs/lib/libperson_msgs__rosidl_generator_c.so
[11.177s] -- Set runtime path of "/home/masanao/ros2_ws/install/person_msgs/lib/libperson_msgs__rosidl_generator_c.so" to ""
[11.178s] -- Up-to-date: /home/masanao/ros2_ws/install/person_msgs/include/person_msgs
[11.178s] -- Up-to-date: /home/masanao/ros2_ws/install/person_msgs/include/person_msgs/srv
[11.178s] -- Installing: /home/masanao/ros2_ws/install/person_msgs/include/person_msgs/srv/dds_fastrtps
[11.178s] -- Installing: /home/masanao/ros2_ws/install/person_msgs/include/person_msgs/srv/query__rosidl_typesupport_fastrtps_cpp.hpp
[11.178s] -- Up-to-date: /home/masanao/ros2_ws/install/person_msgs/include/person_msgs/msg
[11.179s] -- Up-to-date: /home/masanao/ros2_ws/install/person_msgs/include/person_msgs/msg/rosidl_typesupport_fastrtps_cpp__visibility_control.h
[11.179s] -- Up-to-date: /home/masanao/ros2_ws/install/person_msgs/include/person_msgs/msg/dds_fastrtps
[11.179s] -- Installing: /home/masanao/ros2_ws/install/person_msgs/include/person_msgs/msg/person__rosidl_typesupport_fastrtps_cpp.hpp
[11.179s] -- Installing: /home/masanao/ros2_ws/install/person_msgs/lib/libperson_msgs__rosidl_typesupport_fastrtps_cpp.so
[11.179s] -- Set runtime path of "/home/masanao/ros2_ws/install/person_msgs/lib/libperson_msgs__rosidl_typesupport_fastrtps_cpp.so" to ""
[11.179s] -- Up-to-date: /home/masanao/ros2_ws/install/person_msgs/include/person_msgs
[11.179s] -- Up-to-date: /home/masanao/ros2_ws/install/person_msgs/include/person_msgs/srv
[11.179s] -- Installing: /home/masanao/ros2_ws/install/person_msgs/include/person_msgs/srv/query__struct.hpp
[11.179s] -- Installing: /home/masanao/ros2_ws/install/person_msgs/include/person_msgs/srv/query__traits.hpp
[11.179s] -- Installing: /home/masanao/ros2_ws/install/person_msgs/include/person_msgs/srv/query.hpp
[11.179s] -- Up-to-date: /home/masanao/ros2_ws/install/person_msgs/include/person_msgs/msg
[11.180s] -- Installing: /home/masanao/ros2_ws/install/person_msgs/include/person_msgs/msg/person.hpp
[11.180s] -- Installing: /home/masanao/ros2_ws/install/person_msgs/include/person_msgs/msg/person__traits.hpp
[11.180s] -- Installing: /home/masanao/ros2_ws/install/person_msgs/include/person_msgs/msg/person__struct.hpp
[11.180s] -- Up-to-date: /home/masanao/ros2_ws/install/person_msgs/include/person_msgs
[11.180s] -- Up-to-date: /home/masanao/ros2_ws/install/person_msgs/include/person_msgs/srv
[11.180s] -- Installing: /home/masanao/ros2_ws/install/person_msgs/include/person_msgs/srv/query__type_support.c
[11.180s] -- Installing: /home/masanao/ros2_ws/install/person_msgs/include/person_msgs/srv/query__rosidl_typesupport_introspection_c.h
[11.180s] -- Up-to-date: /home/masanao/ros2_ws/install/person_msgs/include/person_msgs/msg
[11.180s] -- Up-to-date: /home/masanao/ros2_ws/install/person_msgs/include/person_msgs/msg/rosidl_typesupport_introspection_c__visibility_control.h
[11.180s] -- Installing: /home/masanao/ros2_ws/install/person_msgs/include/person_msgs/msg/person__type_support.c
[11.180s] -- Installing: /home/masanao/ros2_ws/install/person_msgs/include/person_msgs/msg/person__rosidl_typesupport_introspection_c.h
[11.180s] -- Installing: /home/masanao/ros2_ws/install/person_msgs/lib/libperson_msgs__rosidl_typesupport_introspection_c.so
[11.180s] -- Set runtime path of "/home/masanao/ros2_ws/install/person_msgs/lib/libperson_msgs__rosidl_typesupport_introspection_c.so" to ""
[11.181s] -- Up-to-date: /home/masanao/ros2_ws/install/person_msgs/include/person_msgs
[11.181s] -- Up-to-date: /home/masanao/ros2_ws/install/person_msgs/include/person_msgs/srv
[11.181s] -- Installing: /home/masanao/ros2_ws/install/person_msgs/include/person_msgs/srv/query__type_support.cpp
[11.181s] -- Installing: /home/masanao/ros2_ws/install/person_msgs/include/person_msgs/srv/query__rosidl_typesupport_introspection_cpp.hpp
[11.181s] -- Up-to-date: /home/masanao/ros2_ws/install/person_msgs/include/person_msgs/msg
[11.181s] -- Installing: /home/masanao/ros2_ws/install/person_msgs/include/person_msgs/msg/person__rosidl_typesupport_introspection_cpp.hpp
[11.181s] -- Installing: /home/masanao/ros2_ws/install/person_msgs/include/person_msgs/msg/person__type_support.cpp
[11.181s] -- Installing: /home/masanao/ros2_ws/install/person_msgs/lib/libperson_msgs__rosidl_typesupport_introspection_cpp.so
[11.181s] -- Set runtime path of "/home/masanao/ros2_ws/install/person_msgs/lib/libperson_msgs__rosidl_typesupport_introspection_cpp.so" to ""
[11.181s] -- Up-to-date: /home/masanao/ros2_ws/install/person_msgs/share/person_msgs/environment/pythonpath.sh
[11.181s] -- Installing: /home/masanao/ros2_ws/install/person_msgs/lib/python3.6/site-packages/person_msgs/__init__.py
[11.211s] Compiling '/home/masanao/ros2_ws/install/person_msgs/lib/python3.6/site-packages/person_msgs/__init__.py'...
[11.216s] -- Up-to-date: /home/masanao/ros2_ws/install/person_msgs/lib/python3.6/site-packages/person_msgs/msg
[11.216s] -- Installing: /home/masanao/ros2_ws/install/person_msgs/lib/python3.6/site-packages/person_msgs/msg/_person.py
[11.216s] -- Installing: /home/masanao/ros2_ws/install/person_msgs/lib/python3.6/site-packages/person_msgs/msg/_person_s.c
[11.217s] -- Installing: /home/masanao/ros2_ws/install/person_msgs/lib/python3.6/site-packages/person_msgs/msg/__init__.py
[11.217s] -- Installing: /home/masanao/ros2_ws/install/person_msgs/lib/python3.6/site-packages/person_msgs/srv
[11.217s] -- Installing: /home/masanao/ros2_ws/install/person_msgs/lib/python3.6/site-packages/person_msgs/srv/_query_s.c
[11.217s] -- Installing: /home/masanao/ros2_ws/install/person_msgs/lib/python3.6/site-packages/person_msgs/srv/_query.py
[11.218s] -- Installing: /home/masanao/ros2_ws/install/person_msgs/lib/python3.6/site-packages/person_msgs/srv/__init__.py
[11.218s] -- Installing: /home/masanao/ros2_ws/install/person_msgs/lib/python3.6/site-packages/person_msgs/person_msgs_s__rosidl_typesupport_c.cpython-36m-x86_64-linux-gnu.so
[11.218s] -- Set runtime path of "/home/masanao/ros2_ws/install/person_msgs/lib/python3.6/site-packages/person_msgs/person_msgs_s__rosidl_typesupport_c.cpython-36m-x86_64-linux-gnu.so" to ""
[11.218s] -- Installing: /home/masanao/ros2_ws/install/person_msgs/lib/python3.6/site-packages/person_msgs/person_msgs_s__rosidl_typesupport_fastrtps_c.cpython-36m-x86_64-linux-gnu.so
[11.218s] -- Set runtime path of "/home/masanao/ros2_ws/install/person_msgs/lib/python3.6/site-packages/person_msgs/person_msgs_s__rosidl_typesupport_fastrtps_c.cpython-36m-x86_64-linux-gnu.so" to ""
[11.219s] -- Installing: /home/masanao/ros2_ws/install/person_msgs/lib/libperson_msgs__python.so
[11.219s] -- Set runtime path of "/home/masanao/ros2_ws/install/person_msgs/lib/libperson_msgs__python.so" to ""
[11.220s] -- Up-to-date: /home/masanao/ros2_ws/install/person_msgs/share/person_msgs/msg/Person.idl
[11.220s] -- Installing: /home/masanao/ros2_ws/install/person_msgs/share/person_msgs/srv/Query.idl
[11.220s] -- Up-to-date: /home/masanao/ros2_ws/install/person_msgs/share/person_msgs/msg/Person.msg
[11.221s] -- Installing: /home/masanao/ros2_ws/install/person_msgs/share/person_msgs/srv/Query.srv
[11.221s] -- Installing: /home/masanao/ros2_ws/install/person_msgs/share/person_msgs/srv/Query_Request.msg
[11.221s] -- Installing: /home/masanao/ros2_ws/install/person_msgs/share/person_msgs/srv/Query_Response.msg
[11.222s] -- Up-to-date: /home/masanao/ros2_ws/install/person_msgs/share/ament_index/resource_index/package_run_dependencies/person_msgs
[11.222s] -- Installing: /home/masanao/ros2_ws/install/person_msgs/share/ament_index/resource_index/parent_prefix_path/person_msgs
[11.222s] -- Up-to-date: /home/masanao/ros2_ws/install/person_msgs/share/person_msgs/environment/ament_prefix_path.sh
[11.222s] -- Up-to-date: /home/masanao/ros2_ws/install/person_msgs/share/person_msgs/environment/path.sh
[11.223s] -- Up-to-date: /home/masanao/ros2_ws/install/person_msgs/share/person_msgs/local_setup.bash
[11.223s] -- Up-to-date: /home/masanao/ros2_ws/install/person_msgs/share/person_msgs/local_setup.sh
[11.223s] -- Up-to-date: /home/masanao/ros2_ws/install/person_msgs/share/person_msgs/local_setup.zsh
[11.223s] -- Up-to-date: /home/masanao/ros2_ws/install/person_msgs/share/ament_index/resource_index/packages/person_msgs
[11.223s] -- Installing: /home/masanao/ros2_ws/install/person_msgs/share/person_msgs/cmake/rosidl_cmake-extras.cmake
[11.224s] -- Up-to-date: /home/masanao/ros2_ws/install/person_msgs/share/person_msgs/cmake/ament_cmake_export_libraries-extras.cmake
[11.224s] -- Up-to-date: /home/masanao/ros2_ws/install/person_msgs/share/person_msgs/cmake/ament_cmake_export_include_directories-extras.cmake
[11.224s] -- Up-to-date: /home/masanao/ros2_ws/install/person_msgs/share/person_msgs/cmake/person_msgsConfig.cmake
[11.225s] -- Up-to-date: /home/masanao/ros2_ws/install/person_msgs/share/person_msgs/cmake/person_msgsConfig-version.cmake
[11.225s] -- Up-to-date: /home/masanao/ros2_ws/install/person_msgs/share/person_msgs/package.xml
[11.230s] Invoked command in '/home/masanao/ros2_ws/build/person_msgs' returned '0': CMAKE_PREFIX_PATH=${CMAKE_PREFIX_PATH}:/home/masanao/ros2_ws/install/mypkg:/opt/ros/dashing /usr/bin/cmake --build /home/masanao/ros2_ws/build/person_msgs --target install -- -j8 -l8
