[0.249s] Invoking command in '/home/masanao/ros2_ws/build/person_msgs': CMAKE_PREFIX_PATH=${CMAKE_PREFIX_PATH}:/home/masanao/ros2_ws/install/mypkg:/opt/ros/dashing /usr/bin/cmake --build /home/masanao/ros2_ws/build/person_msgs -- -j8 -l8
[0.308s] [ 10%] Built target person_msgs__rosidl_generator_c
[0.309s] [ 13%] Built target person_msgs__cpp
[0.338s] [ 24%] Built target person_msgs__rosidl_typesupport_introspection_c
[0.342s] [ 45%] Built target person_msgs__rosidl_typesupport_fastrtps_cpp
[0.343s] [ 45%] Built target person_msgs__rosidl_typesupport_introspection_cpp
[0.372s] [ 56%] Built target person_msgs__rosidl_typesupport_cpp
[0.375s] [ 67%] Built target person_msgs__rosidl_typesupport_fastrtps_c
[0.402s] [ 78%] Built target person_msgs__rosidl_typesupport_c
[0.425s] [ 78%] Built target person_msgs
[0.448s] [ 81%] Built target person_msgs__py
[0.475s] [ 89%] Built target person_msgs__python
[0.507s] [100%] Built target person_msgs__rosidl_typesupport_fastrtps_c__pyext
[0.508s] [100%] Built target person_msgs__rosidl_typesupport_c__pyext
[0.521s] Invoked command in '/home/masanao/ros2_ws/build/person_msgs' returned '0': CMAKE_PREFIX_PATH=${CMAKE_PREFIX_PATH}:/home/masanao/ros2_ws/install/mypkg:/opt/ros/dashing /usr/bin/cmake --build /home/masanao/ros2_ws/build/person_msgs -- -j8 -l8
[0.615s] Invoking command in '/home/masanao/ros2_ws/build/person_msgs': CMAKE_PREFIX_PATH=${CMAKE_PREFIX_PATH}:/home/masanao/ros2_ws/install/mypkg:/opt/ros/dashing /usr/bin/cmake --build /home/masanao/ros2_ws/build/person_msgs --target install -- -j8 -l8
[0.677s] [ 10%] Built target person_msgs__rosidl_generator_c
[0.681s] [ 13%] Built target person_msgs__cpp
[0.704s] [ 24%] Built target person_msgs__rosidl_typesupport_introspection_c
[0.708s] [ 35%] Built target person_msgs__rosidl_typesupport_introspection_cpp
[0.714s] [ 45%] Built target person_msgs__rosidl_typesupport_fastrtps_cpp
[0.742s] [ 56%] Built target person_msgs__rosidl_typesupport_fastrtps_c
[0.744s] [ 67%] Built target person_msgs__rosidl_typesupport_cpp
[0.768s] [ 78%] Built target person_msgs__rosidl_typesupport_c
[0.792s] [ 78%] Built target person_msgs
[0.815s] [ 81%] Built target person_msgs__py
[0.844s] [ 89%] Built target person_msgs__python
[0.874s] [100%] Built target person_msgs__rosidl_typesupport_c__pyext
[0.874s] [100%] Built target person_msgs__rosidl_typesupport_fastrtps_c__pyext
[0.900s] [36mInstall the project...[0m
[0.910s] -- Install configuration: ""
[0.910s] -- Up-to-date: /home/masanao/ros2_ws/install/person_msgs/share/ament_index/resource_index/rosidl_interfaces/person_msgs
[0.911s] -- Up-to-date: /home/masanao/ros2_ws/install/person_msgs/lib/libperson_msgs__rosidl_typesupport_c.so
[0.911s] -- Up-to-date: /home/masanao/ros2_ws/install/person_msgs/share/person_msgs/environment/library_path.sh
[0.912s] -- Up-to-date: /home/masanao/ros2_ws/install/person_msgs/lib/libperson_msgs__rosidl_typesupport_cpp.so
[0.912s] -- Up-to-date: /home/masanao/ros2_ws/install/person_msgs/include/person_msgs
[0.913s] -- Up-to-date: /home/masanao/ros2_ws/install/person_msgs/include/person_msgs/srv
[0.913s] -- Up-to-date: /home/masanao/ros2_ws/install/person_msgs/include/person_msgs/srv/query__rosidl_typesupport_fastrtps_c.h
[0.914s] -- Up-to-date: /home/masanao/ros2_ws/install/person_msgs/include/person_msgs/msg
[0.914s] -- Up-to-date: /home/masanao/ros2_ws/install/person_msgs/include/person_msgs/msg/rosidl_typesupport_fastrtps_c__visibility_control.h
[0.914s] -- Up-to-date: /home/masanao/ros2_ws/install/person_msgs/include/person_msgs/msg/person__rosidl_typesupport_fastrtps_c.h
[0.915s] -- Up-to-date: /home/masanao/ros2_ws/install/person_msgs/lib/libperson_msgs__rosidl_typesupport_fastrtps_c.so
[0.915s] -- Up-to-date: /home/masanao/ros2_ws/install/person_msgs/include/person_msgs
[0.915s] -- Up-to-date: /home/masanao/ros2_ws/install/person_msgs/include/person_msgs/srv
[0.916s] -- Up-to-date: /home/masanao/ros2_ws/install/person_msgs/include/person_msgs/srv/query__functions.c
[0.916s] -- Up-to-date: /home/masanao/ros2_ws/install/person_msgs/include/person_msgs/srv/query.h
[0.917s] -- Up-to-date: /home/masanao/ros2_ws/install/person_msgs/include/person_msgs/srv/query__type_support.h
[0.917s] -- Up-to-date: /home/masanao/ros2_ws/install/person_msgs/include/person_msgs/srv/query__functions.h
[0.917s] -- Up-to-date: /home/masanao/ros2_ws/install/person_msgs/include/person_msgs/srv/query__struct.h
[0.918s] -- Up-to-date: /home/masanao/ros2_ws/install/person_msgs/include/person_msgs/msg
[0.918s] -- Up-to-date: /home/masanao/ros2_ws/install/person_msgs/include/person_msgs/msg/person.h
[0.918s] -- Up-to-date: /home/masanao/ros2_ws/install/person_msgs/include/person_msgs/msg/person__functions.c
[0.918s] -- Up-to-date: /home/masanao/ros2_ws/install/person_msgs/include/person_msgs/msg/person__type_support.h
[0.918s] -- Up-to-date: /home/masanao/ros2_ws/install/person_msgs/include/person_msgs/msg/person__functions.h
[0.918s] -- Up-to-date: /home/masanao/ros2_ws/install/person_msgs/include/person_msgs/msg/rosidl_generator_c__visibility_control.h
[0.918s] -- Up-to-date: /home/masanao/ros2_ws/install/person_msgs/include/person_msgs/msg/person__struct.h
[0.918s] -- Up-to-date: /home/masanao/ros2_ws/install/person_msgs/lib/libperson_msgs__rosidl_generator_c.so
[0.919s] -- Up-to-date: /home/masanao/ros2_ws/install/person_msgs/include/person_msgs
[0.919s] -- Up-to-date: /home/masanao/ros2_ws/install/person_msgs/include/person_msgs/srv
[0.919s] -- Up-to-date: /home/masanao/ros2_ws/install/person_msgs/include/person_msgs/srv/dds_fastrtps
[0.919s] -- Up-to-date: /home/masanao/ros2_ws/install/person_msgs/include/person_msgs/srv/query__rosidl_typesupport_fastrtps_cpp.hpp
[0.920s] -- Up-to-date: /home/masanao/ros2_ws/install/person_msgs/include/person_msgs/msg
[0.920s] -- Up-to-date: /home/masanao/ros2_ws/install/person_msgs/include/person_msgs/msg/rosidl_typesupport_fastrtps_cpp__visibility_control.h
[0.920s] -- Up-to-date: /home/masanao/ros2_ws/install/person_msgs/include/person_msgs/msg/dds_fastrtps
[0.920s] -- Up-to-date: /home/masanao/ros2_ws/install/person_msgs/include/person_msgs/msg/person__rosidl_typesupport_fastrtps_cpp.hpp
[0.920s] -- Up-to-date: /home/masanao/ros2_ws/install/person_msgs/lib/libperson_msgs__rosidl_typesupport_fastrtps_cpp.so
[0.921s] -- Up-to-date: /home/masanao/ros2_ws/install/person_msgs/include/person_msgs
[0.921s] -- Up-to-date: /home/masanao/ros2_ws/install/person_msgs/include/person_msgs/srv
[0.921s] -- Up-to-date: /home/masanao/ros2_ws/install/person_msgs/include/person_msgs/srv/query__struct.hpp
[0.921s] -- Up-to-date: /home/masanao/ros2_ws/install/person_msgs/include/person_msgs/srv/query__traits.hpp
[0.921s] -- Up-to-date: /home/masanao/ros2_ws/install/person_msgs/include/person_msgs/srv/query.hpp
[0.921s] -- Up-to-date: /home/masanao/ros2_ws/install/person_msgs/include/person_msgs/msg
[0.921s] -- Up-to-date: /home/masanao/ros2_ws/install/person_msgs/include/person_msgs/msg/person.hpp
[0.921s] -- Up-to-date: /home/masanao/ros2_ws/install/person_msgs/include/person_msgs/msg/person__traits.hpp
[0.921s] -- Up-to-date: /home/masanao/ros2_ws/install/person_msgs/include/person_msgs/msg/person__struct.hpp
[0.921s] -- Up-to-date: /home/masanao/ros2_ws/install/person_msgs/include/person_msgs
[0.922s] -- Up-to-date: /home/masanao/ros2_ws/install/person_msgs/include/person_msgs/srv
[0.922s] -- Up-to-date: /home/masanao/ros2_ws/install/person_msgs/include/person_msgs/srv/query__type_support.c
[0.922s] -- Up-to-date: /home/masanao/ros2_ws/install/person_msgs/include/person_msgs/srv/query__rosidl_typesupport_introspection_c.h
[0.922s] -- Up-to-date: /home/masanao/ros2_ws/install/person_msgs/include/person_msgs/msg
[0.922s] -- Up-to-date: /home/masanao/ros2_ws/install/person_msgs/include/person_msgs/msg/rosidl_typesupport_introspection_c__visibility_control.h
[0.922s] -- Up-to-date: /home/masanao/ros2_ws/install/person_msgs/include/person_msgs/msg/person__type_support.c
[0.923s] -- Up-to-date: /home/masanao/ros2_ws/install/person_msgs/include/person_msgs/msg/person__rosidl_typesupport_introspection_c.h
[0.923s] -- Up-to-date: /home/masanao/ros2_ws/install/person_msgs/lib/libperson_msgs__rosidl_typesupport_introspection_c.so
[0.923s] -- Up-to-date: /home/masanao/ros2_ws/install/person_msgs/include/person_msgs
[0.923s] -- Up-to-date: /home/masanao/ros2_ws/install/person_msgs/include/person_msgs/srv
[0.923s] -- Up-to-date: /home/masanao/ros2_ws/install/person_msgs/include/person_msgs/srv/query__type_support.cpp
[0.923s] -- Up-to-date: /home/masanao/ros2_ws/install/person_msgs/include/person_msgs/srv/query__rosidl_typesupport_introspection_cpp.hpp
[0.924s] -- Up-to-date: /home/masanao/ros2_ws/install/person_msgs/include/person_msgs/msg
[0.924s] -- Up-to-date: /home/masanao/ros2_ws/install/person_msgs/include/person_msgs/msg/person__rosidl_typesupport_introspection_cpp.hpp
[0.924s] -- Up-to-date: /home/masanao/ros2_ws/install/person_msgs/include/person_msgs/msg/person__type_support.cpp
[0.924s] -- Up-to-date: /home/masanao/ros2_ws/install/person_msgs/lib/libperson_msgs__rosidl_typesupport_introspection_cpp.so
[0.924s] -- Up-to-date: /home/masanao/ros2_ws/install/person_msgs/share/person_msgs/environment/pythonpath.sh
[0.924s] -- Up-to-date: /home/masanao/ros2_ws/install/person_msgs/lib/python3.6/site-packages/person_msgs/__init__.py
[0.957s] -- Up-to-date: /home/masanao/ros2_ws/install/person_msgs/lib/python3.6/site-packages/person_msgs/msg
[0.957s] -- Up-to-date: /home/masanao/ros2_ws/install/person_msgs/lib/python3.6/site-packages/person_msgs/msg/_person.py
[0.957s] -- Up-to-date: /home/masanao/ros2_ws/install/person_msgs/lib/python3.6/site-packages/person_msgs/msg/_person_s.c
[0.957s] -- Up-to-date: /home/masanao/ros2_ws/install/person_msgs/lib/python3.6/site-packages/person_msgs/msg/__init__.py
[0.957s] -- Up-to-date: /home/masanao/ros2_ws/install/person_msgs/lib/python3.6/site-packages/person_msgs/srv
[0.958s] -- Up-to-date: /home/masanao/ros2_ws/install/person_msgs/lib/python3.6/site-packages/person_msgs/srv/_query_s.c
[0.958s] -- Up-to-date: /home/masanao/ros2_ws/install/person_msgs/lib/python3.6/site-packages/person_msgs/srv/_query.py
[0.958s] -- Up-to-date: /home/masanao/ros2_ws/install/person_msgs/lib/python3.6/site-packages/person_msgs/srv/__init__.py
[0.958s] -- Up-to-date: /home/masanao/ros2_ws/install/person_msgs/lib/python3.6/site-packages/person_msgs/person_msgs_s__rosidl_typesupport_c.cpython-36m-x86_64-linux-gnu.so
[0.959s] -- Up-to-date: /home/masanao/ros2_ws/install/person_msgs/lib/python3.6/site-packages/person_msgs/person_msgs_s__rosidl_typesupport_fastrtps_c.cpython-36m-x86_64-linux-gnu.so
[0.959s] -- Up-to-date: /home/masanao/ros2_ws/install/person_msgs/lib/libperson_msgs__python.so
[0.960s] -- Up-to-date: /home/masanao/ros2_ws/install/person_msgs/share/person_msgs/msg/Person.idl
[0.960s] -- Up-to-date: /home/masanao/ros2_ws/install/person_msgs/share/person_msgs/srv/Query.idl
[0.960s] -- Up-to-date: /home/masanao/ros2_ws/install/person_msgs/share/person_msgs/msg/Person.msg
[0.960s] -- Up-to-date: /home/masanao/ros2_ws/install/person_msgs/share/person_msgs/srv/Query.srv
[0.961s] -- Up-to-date: /home/masanao/ros2_ws/install/person_msgs/share/person_msgs/srv/Query_Request.msg
[0.961s] -- Up-to-date: /home/masanao/ros2_ws/install/person_msgs/share/person_msgs/srv/Query_Response.msg
[0.961s] -- Up-to-date: /home/masanao/ros2_ws/install/person_msgs/share/ament_index/resource_index/package_run_dependencies/person_msgs
[0.961s] -- Up-to-date: /home/masanao/ros2_ws/install/person_msgs/share/ament_index/resource_index/parent_prefix_path/person_msgs
[0.961s] -- Up-to-date: /home/masanao/ros2_ws/install/person_msgs/share/person_msgs/environment/ament_prefix_path.sh
[0.962s] -- Up-to-date: /home/masanao/ros2_ws/install/person_msgs/share/person_msgs/environment/path.sh
[0.962s] -- Up-to-date: /home/masanao/ros2_ws/install/person_msgs/share/person_msgs/local_setup.bash
[0.962s] -- Up-to-date: /home/masanao/ros2_ws/install/person_msgs/share/person_msgs/local_setup.sh
[0.962s] -- Up-to-date: /home/masanao/ros2_ws/install/person_msgs/share/person_msgs/local_setup.zsh
[0.962s] -- Up-to-date: /home/masanao/ros2_ws/install/person_msgs/share/ament_index/resource_index/packages/person_msgs
[0.962s] -- Up-to-date: /home/masanao/ros2_ws/install/person_msgs/share/person_msgs/cmake/rosidl_cmake-extras.cmake
[0.962s] -- Up-to-date: /home/masanao/ros2_ws/install/person_msgs/share/person_msgs/cmake/ament_cmake_export_libraries-extras.cmake
[0.962s] -- Up-to-date: /home/masanao/ros2_ws/install/person_msgs/share/person_msgs/cmake/ament_cmake_export_include_directories-extras.cmake
[0.962s] -- Up-to-date: /home/masanao/ros2_ws/install/person_msgs/share/person_msgs/cmake/person_msgsConfig.cmake
[0.962s] -- Up-to-date: /home/masanao/ros2_ws/install/person_msgs/share/person_msgs/cmake/person_msgsConfig-version.cmake
[0.962s] -- Up-to-date: /home/masanao/ros2_ws/install/person_msgs/share/person_msgs/package.xml
[0.967s] Invoked command in '/home/masanao/ros2_ws/build/person_msgs' returned '0': CMAKE_PREFIX_PATH=${CMAKE_PREFIX_PATH}:/home/masanao/ros2_ws/install/mypkg:/opt/ros/dashing /usr/bin/cmake --build /home/masanao/ros2_ws/build/person_msgs --target install -- -j8 -l8
