[0.687s] Invoking command in '/home/masanao/ros2_ws/src/mypkg': PYTHONPATH=/home/masanao/ros2_ws/build/mypkg/prefix_override:/home/masanao/ros2_ws/install/mypkg/lib/python3.6/site-packages:${PYTHONPATH} /usr/bin/python3 setup.py egg_info --egg-base ../../build/mypkg build --build-base /home/masanao/ros2_ws/build/mypkg/build install --record /home/masanao/ros2_ws/build/mypkg/install.log --install-scripts $base/lib/mypkg --single-version-externally-managed
[0.951s] running egg_info
[0.952s] writing ../../build/mypkg/mypkg.egg-info/PKG-INFO
[0.952s] writing dependency_links to ../../build/mypkg/mypkg.egg-info/dependency_links.txt
[0.953s] writing entry points to ../../build/mypkg/mypkg.egg-info/entry_points.txt
[0.953s] writing requirements to ../../build/mypkg/mypkg.egg-info/requires.txt
[0.954s] writing top-level names to ../../build/mypkg/mypkg.egg-info/top_level.txt
[0.991s] reading manifest file '../../build/mypkg/mypkg.egg-info/SOURCES.txt'
[0.992s] writing manifest file '../../build/mypkg/mypkg.egg-info/SOURCES.txt'
[0.993s] running build
[0.993s] running build_py
[0.993s] copying mypkg/talker.py -> /home/masanao/ros2_ws/build/mypkg/build/lib/mypkg
[0.993s] running install
[0.994s] running install_lib
[0.999s] copying /home/masanao/ros2_ws/build/mypkg/build/lib/mypkg/talker.py -> /home/masanao/ros2_ws/install/mypkg/lib/python3.6/site-packages/mypkg
[1.000s] byte-compiling /home/masanao/ros2_ws/install/mypkg/lib/python3.6/site-packages/mypkg/talker.py to talker.cpython-36.pyc
[1.000s] running install_data
[1.001s] running install_egg_info
[1.001s] removing '/home/masanao/ros2_ws/install/mypkg/lib/python3.6/site-packages/mypkg-0.0.0-py3.6.egg-info' (and everything under it)
[1.002s] Copying ../../build/mypkg/mypkg.egg-info to /home/masanao/ros2_ws/install/mypkg/lib/python3.6/site-packages/mypkg-0.0.0-py3.6.egg-info
[1.004s] running install_scripts
[1.034s] Installing listener script to /home/masanao/ros2_ws/install/mypkg/lib/mypkg
[1.036s] Installing talker script to /home/masanao/ros2_ws/install/mypkg/lib/mypkg
[1.037s] writing list of installed files to '/home/masanao/ros2_ws/build/mypkg/install.log'
[1.067s] Invoked command in '/home/masanao/ros2_ws/src/mypkg' returned '0': PYTHONPATH=/home/masanao/ros2_ws/build/mypkg/prefix_override:/home/masanao/ros2_ws/install/mypkg/lib/python3.6/site-packages:${PYTHONPATH} /usr/bin/python3 setup.py egg_info --egg-base ../../build/mypkg build --build-base /home/masanao/ros2_ws/build/mypkg/build install --record /home/masanao/ros2_ws/build/mypkg/install.log --install-scripts $base/lib/mypkg --single-version-externally-managed
