[0.602s] Invoking command in '/home/masanao/ros2_ws/src/mypkg': PYTHONPATH=/home/masanao/ros2_ws/build/mypkg/prefix_override:/home/masanao/ros2_ws/install/mypkg/lib/python3.6/site-packages:${PYTHONPATH} /usr/bin/python3 setup.py egg_info --egg-base ../../build/mypkg build --build-base /home/masanao/ros2_ws/build/mypkg/build install --record /home/masanao/ros2_ws/build/mypkg/install.log --install-scripts $base/lib/mypkg --single-version-externally-managed
[0.831s] running egg_info
[0.832s] writing ../../build/mypkg/mypkg.egg-info/PKG-INFO
[0.832s] writing dependency_links to ../../build/mypkg/mypkg.egg-info/dependency_links.txt
[0.833s] writing entry points to ../../build/mypkg/mypkg.egg-info/entry_points.txt
[0.833s] writing requirements to ../../build/mypkg/mypkg.egg-info/requires.txt
[0.833s] writing top-level names to ../../build/mypkg/mypkg.egg-info/top_level.txt
[0.871s] reading manifest file '../../build/mypkg/mypkg.egg-info/SOURCES.txt'
[0.873s] writing manifest file '../../build/mypkg/mypkg.egg-info/SOURCES.txt'
[0.873s] running build
[0.874s] running build_py
[0.874s] copying mypkg/talker.py -> /home/masanao/ros2_ws/build/mypkg/build/lib/mypkg
[0.874s] running install
[0.875s] running install_lib
[0.876s] copying /home/masanao/ros2_ws/build/mypkg/build/lib/mypkg/talker.py -> /home/masanao/ros2_ws/install/mypkg/lib/python3.6/site-packages/mypkg
[0.877s] byte-compiling /home/masanao/ros2_ws/install/mypkg/lib/python3.6/site-packages/mypkg/talker.py to talker.cpython-36.pyc
[0.877s] running install_data
[0.878s] running install_egg_info
[0.880s] removing '/home/masanao/ros2_ws/install/mypkg/lib/python3.6/site-packages/mypkg-0.0.0-py3.6.egg-info' (and everything under it)
[0.881s] Copying ../../build/mypkg/mypkg.egg-info to /home/masanao/ros2_ws/install/mypkg/lib/python3.6/site-packages/mypkg-0.0.0-py3.6.egg-info
[0.882s] running install_scripts
[0.908s] Installing listener script to /home/masanao/ros2_ws/install/mypkg/lib/mypkg
[0.908s] Installing talker script to /home/masanao/ros2_ws/install/mypkg/lib/mypkg
[0.909s] writing list of installed files to '/home/masanao/ros2_ws/build/mypkg/install.log'
[0.952s] Invoked command in '/home/masanao/ros2_ws/src/mypkg' returned '0': PYTHONPATH=/home/masanao/ros2_ws/build/mypkg/prefix_override:/home/masanao/ros2_ws/install/mypkg/lib/python3.6/site-packages:${PYTHONPATH} /usr/bin/python3 setup.py egg_info --egg-base ../../build/mypkg build --build-base /home/masanao/ros2_ws/build/mypkg/build install --record /home/masanao/ros2_ws/build/mypkg/install.log --install-scripts $base/lib/mypkg --single-version-externally-managed
