[0.886s] Invoking command in '/home/masanao/ros2_ws/src/mypkg': PYTHONPATH=/home/masanao/ros2_ws/build/mypkg/prefix_override:/home/masanao/ros2_ws/install/mypkg/lib/python3.6/site-packages:${PYTHONPATH} /usr/bin/python3 setup.py egg_info --egg-base ../../build/mypkg build --build-base /home/masanao/ros2_ws/build/mypkg/build install --record /home/masanao/ros2_ws/build/mypkg/install.log --install-scripts $base/lib/mypkg --single-version-externally-managed
[1.103s] running egg_info
[1.104s] writing ../../build/mypkg/mypkg.egg-info/PKG-INFO
[1.105s] writing dependency_links to ../../build/mypkg/mypkg.egg-info/dependency_links.txt
[1.105s] writing entry points to ../../build/mypkg/mypkg.egg-info/entry_points.txt
[1.106s] writing requirements to ../../build/mypkg/mypkg.egg-info/requires.txt
[1.106s] writing top-level names to ../../build/mypkg/mypkg.egg-info/top_level.txt
[1.144s] reading manifest file '../../build/mypkg/mypkg.egg-info/SOURCES.txt'
[1.145s] writing manifest file '../../build/mypkg/mypkg.egg-info/SOURCES.txt'
[1.146s] running build
[1.146s] running build_py
[1.146s] copying mypkg/talker.py -> /home/masanao/ros2_ws/build/mypkg/build/lib/mypkg
[1.147s] running install
[1.147s] running install_lib
[1.148s] copying /home/masanao/ros2_ws/build/mypkg/build/lib/mypkg/talker.py -> /home/masanao/ros2_ws/install/mypkg/lib/python3.6/site-packages/mypkg
[1.149s] byte-compiling /home/masanao/ros2_ws/install/mypkg/lib/python3.6/site-packages/mypkg/talker.py to talker.cpython-36.pyc
[1.150s] running install_data
[1.151s] running install_egg_info
[1.153s] removing '/home/masanao/ros2_ws/install/mypkg/lib/python3.6/site-packages/mypkg-0.0.0-py3.6.egg-info' (and everything under it)
[1.154s] Copying ../../build/mypkg/mypkg.egg-info to /home/masanao/ros2_ws/install/mypkg/lib/python3.6/site-packages/mypkg-0.0.0-py3.6.egg-info
[1.156s] running install_scripts
[1.176s] Installing listener script to /home/masanao/ros2_ws/install/mypkg/lib/mypkg
[1.177s] Installing talker script to /home/masanao/ros2_ws/install/mypkg/lib/mypkg
[1.177s] writing list of installed files to '/home/masanao/ros2_ws/build/mypkg/install.log'
[1.206s] Invoked command in '/home/masanao/ros2_ws/src/mypkg' returned '0': PYTHONPATH=/home/masanao/ros2_ws/build/mypkg/prefix_override:/home/masanao/ros2_ws/install/mypkg/lib/python3.6/site-packages:${PYTHONPATH} /usr/bin/python3 setup.py egg_info --egg-base ../../build/mypkg build --build-base /home/masanao/ros2_ws/build/mypkg/build install --record /home/masanao/ros2_ws/build/mypkg/install.log --install-scripts $base/lib/mypkg --single-version-externally-managed
