[0.716s] Invoking command in '/home/masanao/ros2_ws/src/mypkg': PYTHONPATH=/home/masanao/ros2_ws/build/mypkg/prefix_override:/home/masanao/ros2_ws/install/mypkg/lib/python3.6/site-packages:${PYTHONPATH} /usr/bin/python3 setup.py egg_info --egg-base ../../build/mypkg build --build-base /home/masanao/ros2_ws/build/mypkg/build install --record /home/masanao/ros2_ws/build/mypkg/install.log --install-scripts $base/lib/mypkg --single-version-externally-managed
[0.976s] running egg_info
[0.977s] writing ../../build/mypkg/mypkg.egg-info/PKG-INFO
[0.977s] writing dependency_links to ../../build/mypkg/mypkg.egg-info/dependency_links.txt
[0.978s] writing entry points to ../../build/mypkg/mypkg.egg-info/entry_points.txt
[0.978s] writing requirements to ../../build/mypkg/mypkg.egg-info/requires.txt
[0.978s] writing top-level names to ../../build/mypkg/mypkg.egg-info/top_level.txt
[1.020s] reading manifest file '../../build/mypkg/mypkg.egg-info/SOURCES.txt'
[1.022s] writing manifest file '../../build/mypkg/mypkg.egg-info/SOURCES.txt'
[1.022s] running build
[1.022s] running build_py
[1.022s] running install
[1.023s] running install_lib
[1.025s] running install_data
[1.026s] copying launch/talk_listen.launch.py -> /home/masanao/ros2_ws/install/mypkg/share/mypkg
[1.026s] running install_egg_info
[1.028s] removing '/home/masanao/ros2_ws/install/mypkg/lib/python3.6/site-packages/mypkg-0.0.0-py3.6.egg-info' (and everything under it)
[1.028s] Copying ../../build/mypkg/mypkg.egg-info to /home/masanao/ros2_ws/install/mypkg/lib/python3.6/site-packages/mypkg-0.0.0-py3.6.egg-info
[1.029s] running install_scripts
[1.051s] Installing listener script to /home/masanao/ros2_ws/install/mypkg/lib/mypkg
[1.052s] Installing talker script to /home/masanao/ros2_ws/install/mypkg/lib/mypkg
[1.052s] writing list of installed files to '/home/masanao/ros2_ws/build/mypkg/install.log'
[1.080s] Invoked command in '/home/masanao/ros2_ws/src/mypkg' returned '0': PYTHONPATH=/home/masanao/ros2_ws/build/mypkg/prefix_override:/home/masanao/ros2_ws/install/mypkg/lib/python3.6/site-packages:${PYTHONPATH} /usr/bin/python3 setup.py egg_info --egg-base ../../build/mypkg build --build-base /home/masanao/ros2_ws/build/mypkg/build install --record /home/masanao/ros2_ws/build/mypkg/install.log --install-scripts $base/lib/mypkg --single-version-externally-managed
