[0.758s] Invoking command in '/home/masanao/ros2_ws/src/mypkg': PYTHONPATH=/home/masanao/ros2_ws/build/mypkg/prefix_override:/home/masanao/ros2_ws/install/mypkg/lib/python3.6/site-packages:${PYTHONPATH} /usr/bin/python3 setup.py egg_info --egg-base ../../build/mypkg build --build-base /home/masanao/ros2_ws/build/mypkg/build install --record /home/masanao/ros2_ws/build/mypkg/install.log --install-scripts $base/lib/mypkg --single-version-externally-managed
[1.011s] running egg_info
[1.012s] writing ../../build/mypkg/mypkg.egg-info/PKG-INFO
[1.012s] writing dependency_links to ../../build/mypkg/mypkg.egg-info/dependency_links.txt
[1.013s] writing entry points to ../../build/mypkg/mypkg.egg-info/entry_points.txt
[1.013s] writing requirements to ../../build/mypkg/mypkg.egg-info/requires.txt
[1.013s] writing top-level names to ../../build/mypkg/mypkg.egg-info/top_level.txt
[1.055s] reading manifest file '../../build/mypkg/mypkg.egg-info/SOURCES.txt'
[1.055s] writing manifest file '../../build/mypkg/mypkg.egg-info/SOURCES.txt'
[1.055s] running build
[1.055s] running build_py
[1.055s] copying mypkg/talker.py -> /home/masanao/ros2_ws/build/mypkg/build/lib/mypkg
[1.056s] running install
[1.056s] running install_lib
[1.057s] copying /home/masanao/ros2_ws/build/mypkg/build/lib/mypkg/talker.py -> /home/masanao/ros2_ws/install/mypkg/lib/python3.6/site-packages/mypkg
[1.057s] byte-compiling /home/masanao/ros2_ws/install/mypkg/lib/python3.6/site-packages/mypkg/talker.py to talker.cpython-36.pyc
[1.058s] running install_data
[1.058s] running install_egg_info
[1.060s] removing '/home/masanao/ros2_ws/install/mypkg/lib/python3.6/site-packages/mypkg-0.0.0-py3.6.egg-info' (and everything under it)
[1.061s] Copying ../../build/mypkg/mypkg.egg-info to /home/masanao/ros2_ws/install/mypkg/lib/python3.6/site-packages/mypkg-0.0.0-py3.6.egg-info
[1.062s] running install_scripts
[1.082s] Installing listener script to /home/masanao/ros2_ws/install/mypkg/lib/mypkg
[1.082s] Installing talker script to /home/masanao/ros2_ws/install/mypkg/lib/mypkg
[1.083s] writing list of installed files to '/home/masanao/ros2_ws/build/mypkg/install.log'
[1.134s] Invoked command in '/home/masanao/ros2_ws/src/mypkg' returned '0': PYTHONPATH=/home/masanao/ros2_ws/build/mypkg/prefix_override:/home/masanao/ros2_ws/install/mypkg/lib/python3.6/site-packages:${PYTHONPATH} /usr/bin/python3 setup.py egg_info --egg-base ../../build/mypkg build --build-base /home/masanao/ros2_ws/build/mypkg/build install --record /home/masanao/ros2_ws/build/mypkg/install.log --install-scripts $base/lib/mypkg --single-version-externally-managed
