[0.305s] Invoking command in '/home/masanao/ros2_ws/build/person_msgs': CMAKE_PREFIX_PATH=${CMAKE_PREFIX_PATH}:/home/masanao/ros2_ws/install/mypkg:/opt/ros/dashing /usr/bin/cmake --build /home/masanao/ros2_ws/build/person_msgs -- -j8 -l8
[0.375s] [ 10%] Built target person_msgs__rosidl_generator_c
[0.375s] [ 13%] Built target person_msgs__cpp
[0.408s] [ 24%] Built target person_msgs__rosidl_typesupport_introspection_cpp
[0.412s] [ 35%] Built target person_msgs__rosidl_typesupport_introspection_c
[0.415s] [ 45%] Built target person_msgs__rosidl_typesupport_fastrtps_cpp
[0.450s] [ 56%] Built target person_msgs__rosidl_typesupport_cpp
[0.451s] [ 67%] Built target person_msgs__rosidl_typesupport_fastrtps_c
[0.483s] [ 78%] Built target person_msgs__rosidl_typesupport_c
[0.508s] [ 78%] Built target person_msgs
[0.538s] [ 81%] Built target person_msgs__py
[0.572s] [ 89%] Built target person_msgs__python
[0.608s] [ 94%] Built target person_msgs__rosidl_typesupport_c__pyext
[0.609s] [100%] Built target person_msgs__rosidl_typesupport_fastrtps_c__pyext
[0.626s] Invoked command in '/home/masanao/ros2_ws/build/person_msgs' returned '0': CMAKE_PREFIX_PATH=${CMAKE_PREFIX_PATH}:/home/masanao/ros2_ws/install/mypkg:/opt/ros/dashing /usr/bin/cmake --build /home/masanao/ros2_ws/build/person_msgs -- -j8 -l8
[0.737s] Invoking command in '/home/masanao/ros2_ws/build/person_msgs': CMAKE_PREFIX_PATH=${CMAKE_PREFIX_PATH}:/home/masanao/ros2_ws/install/mypkg:/opt/ros/dashing /usr/bin/cmake --build /home/masanao/ros2_ws/build/person_msgs --target install -- -j8 -l8
[0.805s] [  2%] Built target person_msgs__cpp
[0.806s] [ 13%] Built target person_msgs__rosidl_generator_c
[0.838s] [ 24%] Built target person_msgs__rosidl_typesupport_introspection_c
[0.839s] [ 35%] Built target person_msgs__rosidl_typesupport_introspection_cpp
[0.847s] [ 45%] Built target person_msgs__rosidl_typesupport_fastrtps_cpp
[0.884s] [ 56%] Built target person_msgs__rosidl_typesupport_cpp
[0.887s] [ 67%] Built target person_msgs__rosidl_typesupport_fastrtps_c
[0.918s] [ 78%] Built target person_msgs__rosidl_typesupport_c
[0.943s] [ 78%] Built target person_msgs
[0.974s] [ 81%] Built target person_msgs__py
[1.005s] [ 89%] Built target person_msgs__python
[1.040s] [ 94%] Built target person_msgs__rosidl_typesupport_fastrtps_c__pyext
[1.043s] [100%] Built target person_msgs__rosidl_typesupport_c__pyext
[1.069s] [36mInstall the project...[0m
[1.082s] -- Install configuration: ""
[1.082s] -- Up-to-date: /home/masanao/ros2_ws/install/person_msgs/share/ament_index/resource_index/rosidl_interfaces/person_msgs
[1.083s] -- Up-to-date: /home/masanao/ros2_ws/install/person_msgs/lib/libperson_msgs__rosidl_typesupport_c.so
[1.083s] -- Up-to-date: /home/masanao/ros2_ws/install/person_msgs/share/person_msgs/environment/library_path.sh
[1.083s] -- Up-to-date: /home/masanao/ros2_ws/install/person_msgs/lib/libperson_msgs__rosidl_typesupport_cpp.so
[1.084s] -- Up-to-date: /home/masanao/ros2_ws/install/person_msgs/include/person_msgs
[1.084s] -- Up-to-date: /home/masanao/ros2_ws/install/person_msgs/include/person_msgs/srv
[1.084s] -- Up-to-date: /home/masanao/ros2_ws/install/person_msgs/include/person_msgs/srv/query__rosidl_typesupport_fastrtps_c.h
[1.085s] -- Up-to-date: /home/masanao/ros2_ws/install/person_msgs/include/person_msgs/msg
[1.085s] -- Up-to-date: /home/masanao/ros2_ws/install/person_msgs/include/person_msgs/msg/rosidl_typesupport_fastrtps_c__visibility_control.h
[1.085s] -- Up-to-date: /home/masanao/ros2_ws/install/person_msgs/include/person_msgs/msg/person__rosidl_typesupport_fastrtps_c.h
[1.085s] -- Up-to-date: /home/masanao/ros2_ws/install/person_msgs/lib/libperson_msgs__rosidl_typesupport_fastrtps_c.so
[1.086s] -- Up-to-date: /home/masanao/ros2_ws/install/person_msgs/include/person_msgs
[1.086s] -- Up-to-date: /home/masanao/ros2_ws/install/person_msgs/include/person_msgs/srv
[1.086s] -- Up-to-date: /home/masanao/ros2_ws/install/person_msgs/include/person_msgs/srv/query__functions.c
[1.086s] -- Up-to-date: /home/masanao/ros2_ws/install/person_msgs/include/person_msgs/srv/query.h
[1.087s] -- Up-to-date: /home/masanao/ros2_ws/install/person_msgs/include/person_msgs/srv/query__type_support.h
[1.087s] -- Up-to-date: /home/masanao/ros2_ws/install/person_msgs/include/person_msgs/srv/query__functions.h
[1.088s] -- Up-to-date: /home/masanao/ros2_ws/install/person_msgs/include/person_msgs/srv/query__struct.h
[1.088s] -- Up-to-date: /home/masanao/ros2_ws/install/person_msgs/include/person_msgs/msg
[1.088s] -- Up-to-date: /home/masanao/ros2_ws/install/person_msgs/include/person_msgs/msg/person.h
[1.088s] -- Up-to-date: /home/masanao/ros2_ws/install/person_msgs/include/person_msgs/msg/person__functions.c
[1.089s] -- Up-to-date: /home/masanao/ros2_ws/install/person_msgs/include/person_msgs/msg/person__type_support.h
[1.089s] -- Up-to-date: /home/masanao/ros2_ws/install/person_msgs/include/person_msgs/msg/person__functions.h
[1.089s] -- Up-to-date: /home/masanao/ros2_ws/install/person_msgs/include/person_msgs/msg/rosidl_generator_c__visibility_control.h
[1.089s] -- Up-to-date: /home/masanao/ros2_ws/install/person_msgs/include/person_msgs/msg/person__struct.h
[1.089s] -- Up-to-date: /home/masanao/ros2_ws/install/person_msgs/lib/libperson_msgs__rosidl_generator_c.so
[1.089s] -- Up-to-date: /home/masanao/ros2_ws/install/person_msgs/include/person_msgs
[1.089s] -- Up-to-date: /home/masanao/ros2_ws/install/person_msgs/include/person_msgs/srv
[1.089s] -- Up-to-date: /home/masanao/ros2_ws/install/person_msgs/include/person_msgs/srv/dds_fastrtps
[1.090s] -- Up-to-date: /home/masanao/ros2_ws/install/person_msgs/include/person_msgs/srv/query__rosidl_typesupport_fastrtps_cpp.hpp
[1.090s] -- Up-to-date: /home/masanao/ros2_ws/install/person_msgs/include/person_msgs/msg
[1.090s] -- Up-to-date: /home/masanao/ros2_ws/install/person_msgs/include/person_msgs/msg/rosidl_typesupport_fastrtps_cpp__visibility_control.h
[1.090s] -- Up-to-date: /home/masanao/ros2_ws/install/person_msgs/include/person_msgs/msg/dds_fastrtps
[1.090s] -- Up-to-date: /home/masanao/ros2_ws/install/person_msgs/include/person_msgs/msg/person__rosidl_typesupport_fastrtps_cpp.hpp
[1.090s] -- Up-to-date: /home/masanao/ros2_ws/install/person_msgs/lib/libperson_msgs__rosidl_typesupport_fastrtps_cpp.so
[1.090s] -- Up-to-date: /home/masanao/ros2_ws/install/person_msgs/include/person_msgs
[1.090s] -- Up-to-date: /home/masanao/ros2_ws/install/person_msgs/include/person_msgs/srv
[1.090s] -- Up-to-date: /home/masanao/ros2_ws/install/person_msgs/include/person_msgs/srv/query__struct.hpp
[1.091s] -- Up-to-date: /home/masanao/ros2_ws/install/person_msgs/include/person_msgs/srv/query__traits.hpp
[1.091s] -- Up-to-date: /home/masanao/ros2_ws/install/person_msgs/include/person_msgs/srv/query.hpp
[1.091s] -- Up-to-date: /home/masanao/ros2_ws/install/person_msgs/include/person_msgs/msg
[1.091s] -- Up-to-date: /home/masanao/ros2_ws/install/person_msgs/include/person_msgs/msg/person.hpp
[1.091s] -- Up-to-date: /home/masanao/ros2_ws/install/person_msgs/include/person_msgs/msg/person__traits.hpp
[1.091s] -- Up-to-date: /home/masanao/ros2_ws/install/person_msgs/include/person_msgs/msg/person__struct.hpp
[1.092s] -- Up-to-date: /home/masanao/ros2_ws/install/person_msgs/include/person_msgs
[1.092s] -- Up-to-date: /home/masanao/ros2_ws/install/person_msgs/include/person_msgs/srv
[1.092s] -- Up-to-date: /home/masanao/ros2_ws/install/person_msgs/include/person_msgs/srv/query__type_support.c
[1.092s] -- Up-to-date: /home/masanao/ros2_ws/install/person_msgs/include/person_msgs/srv/query__rosidl_typesupport_introspection_c.h
[1.092s] -- Up-to-date: /home/masanao/ros2_ws/install/person_msgs/include/person_msgs/msg
[1.092s] -- Up-to-date: /home/masanao/ros2_ws/install/person_msgs/include/person_msgs/msg/rosidl_typesupport_introspection_c__visibility_control.h
[1.093s] -- Up-to-date: /home/masanao/ros2_ws/install/person_msgs/include/person_msgs/msg/person__type_support.c
[1.093s] -- Up-to-date: /home/masanao/ros2_ws/install/person_msgs/include/person_msgs/msg/person__rosidl_typesupport_introspection_c.h
[1.093s] -- Up-to-date: /home/masanao/ros2_ws/install/person_msgs/lib/libperson_msgs__rosidl_typesupport_introspection_c.so
[1.093s] -- Up-to-date: /home/masanao/ros2_ws/install/person_msgs/include/person_msgs
[1.093s] -- Up-to-date: /home/masanao/ros2_ws/install/person_msgs/include/person_msgs/srv
[1.093s] -- Up-to-date: /home/masanao/ros2_ws/install/person_msgs/include/person_msgs/srv/query__type_support.cpp
[1.094s] -- Up-to-date: /home/masanao/ros2_ws/install/person_msgs/include/person_msgs/srv/query__rosidl_typesupport_introspection_cpp.hpp
[1.094s] -- Up-to-date: /home/masanao/ros2_ws/install/person_msgs/include/person_msgs/msg
[1.094s] -- Up-to-date: /home/masanao/ros2_ws/install/person_msgs/include/person_msgs/msg/person__rosidl_typesupport_introspection_cpp.hpp
[1.095s] -- Up-to-date: /home/masanao/ros2_ws/install/person_msgs/include/person_msgs/msg/person__type_support.cpp
[1.095s] -- Up-to-date: /home/masanao/ros2_ws/install/person_msgs/lib/libperson_msgs__rosidl_typesupport_introspection_cpp.so
[1.095s] -- Up-to-date: /home/masanao/ros2_ws/install/person_msgs/share/person_msgs/environment/pythonpath.sh
[1.096s] -- Up-to-date: /home/masanao/ros2_ws/install/person_msgs/lib/python3.6/site-packages/person_msgs/__init__.py
[1.137s] -- Up-to-date: /home/masanao/ros2_ws/install/person_msgs/lib/python3.6/site-packages/person_msgs/msg
[1.138s] -- Up-to-date: /home/masanao/ros2_ws/install/person_msgs/lib/python3.6/site-packages/person_msgs/msg/_person.py
[1.138s] -- Up-to-date: /home/masanao/ros2_ws/install/person_msgs/lib/python3.6/site-packages/person_msgs/msg/_person_s.c
[1.139s] -- Up-to-date: /home/masanao/ros2_ws/install/person_msgs/lib/python3.6/site-packages/person_msgs/msg/__init__.py
[1.139s] -- Up-to-date: /home/masanao/ros2_ws/install/person_msgs/lib/python3.6/site-packages/person_msgs/srv
[1.139s] -- Up-to-date: /home/masanao/ros2_ws/install/person_msgs/lib/python3.6/site-packages/person_msgs/srv/_query_s.c
[1.139s] -- Up-to-date: /home/masanao/ros2_ws/install/person_msgs/lib/python3.6/site-packages/person_msgs/srv/_query.py
[1.140s] -- Up-to-date: /home/masanao/ros2_ws/install/person_msgs/lib/python3.6/site-packages/person_msgs/srv/__init__.py
[1.140s] -- Up-to-date: /home/masanao/ros2_ws/install/person_msgs/lib/python3.6/site-packages/person_msgs/person_msgs_s__rosidl_typesupport_c.cpython-36m-x86_64-linux-gnu.so
[1.140s] -- Up-to-date: /home/masanao/ros2_ws/install/person_msgs/lib/python3.6/site-packages/person_msgs/person_msgs_s__rosidl_typesupport_fastrtps_c.cpython-36m-x86_64-linux-gnu.so
[1.140s] -- Up-to-date: /home/masanao/ros2_ws/install/person_msgs/lib/libperson_msgs__python.so
[1.140s] -- Up-to-date: /home/masanao/ros2_ws/install/person_msgs/share/person_msgs/msg/Person.idl
[1.141s] -- Up-to-date: /home/masanao/ros2_ws/install/person_msgs/share/person_msgs/srv/Query.idl
[1.142s] -- Up-to-date: /home/masanao/ros2_ws/install/person_msgs/share/person_msgs/msg/Person.msg
[1.142s] -- Up-to-date: /home/masanao/ros2_ws/install/person_msgs/share/person_msgs/srv/Query.srv
[1.142s] -- Up-to-date: /home/masanao/ros2_ws/install/person_msgs/share/person_msgs/srv/Query_Request.msg
[1.142s] -- Up-to-date: /home/masanao/ros2_ws/install/person_msgs/share/person_msgs/srv/Query_Response.msg
[1.143s] -- Up-to-date: /home/masanao/ros2_ws/install/person_msgs/share/ament_index/resource_index/package_run_dependencies/person_msgs
[1.143s] -- Up-to-date: /home/masanao/ros2_ws/install/person_msgs/share/ament_index/resource_index/parent_prefix_path/person_msgs
[1.144s] -- Up-to-date: /home/masanao/ros2_ws/install/person_msgs/share/person_msgs/environment/ament_prefix_path.sh
[1.144s] -- Up-to-date: /home/masanao/ros2_ws/install/person_msgs/share/person_msgs/environment/path.sh
[1.144s] -- Up-to-date: /home/masanao/ros2_ws/install/person_msgs/share/person_msgs/local_setup.bash
[1.145s] -- Up-to-date: /home/masanao/ros2_ws/install/person_msgs/share/person_msgs/local_setup.sh
[1.145s] -- Up-to-date: /home/masanao/ros2_ws/install/person_msgs/share/person_msgs/local_setup.zsh
[1.145s] -- Up-to-date: /home/masanao/ros2_ws/install/person_msgs/share/ament_index/resource_index/packages/person_msgs
[1.145s] -- Up-to-date: /home/masanao/ros2_ws/install/person_msgs/share/person_msgs/cmake/rosidl_cmake-extras.cmake
[1.145s] -- Up-to-date: /home/masanao/ros2_ws/install/person_msgs/share/person_msgs/cmake/ament_cmake_export_libraries-extras.cmake
[1.146s] -- Up-to-date: /home/masanao/ros2_ws/install/person_msgs/share/person_msgs/cmake/ament_cmake_export_include_directories-extras.cmake
[1.146s] -- Up-to-date: /home/masanao/ros2_ws/install/person_msgs/share/person_msgs/cmake/person_msgsConfig.cmake
[1.146s] -- Up-to-date: /home/masanao/ros2_ws/install/person_msgs/share/person_msgs/cmake/person_msgsConfig-version.cmake
[1.146s] -- Up-to-date: /home/masanao/ros2_ws/install/person_msgs/share/person_msgs/package.xml
[1.150s] Invoked command in '/home/masanao/ros2_ws/build/person_msgs' returned '0': CMAKE_PREFIX_PATH=${CMAKE_PREFIX_PATH}:/home/masanao/ros2_ws/install/mypkg:/opt/ros/dashing /usr/bin/cmake --build /home/masanao/ros2_ws/build/person_msgs --target install -- -j8 -l8
