[0.631s] Invoking command in '/home/masanao/ros2_ws/src/mypkg': PYTHONPATH=/home/masanao/ros2_ws/build/mypkg/prefix_override:/home/masanao/ros2_ws/install/mypkg/lib/python3.6/site-packages:${PYTHONPATH} /usr/bin/python3 setup.py egg_info --egg-base ../../build/mypkg build --build-base /home/masanao/ros2_ws/build/mypkg/build install --record /home/masanao/ros2_ws/build/mypkg/install.log --install-scripts $base/lib/mypkg --single-version-externally-managed
[0.853s] running egg_info
[0.854s] writing ../../build/mypkg/mypkg.egg-info/PKG-INFO
[0.854s] writing dependency_links to ../../build/mypkg/mypkg.egg-info/dependency_links.txt
[0.855s] writing entry points to ../../build/mypkg/mypkg.egg-info/entry_points.txt
[0.855s] writing requirements to ../../build/mypkg/mypkg.egg-info/requires.txt
[0.856s] writing top-level names to ../../build/mypkg/mypkg.egg-info/top_level.txt
[0.894s] reading manifest file '../../build/mypkg/mypkg.egg-info/SOURCES.txt'
[0.895s] writing manifest file '../../build/mypkg/mypkg.egg-info/SOURCES.txt'
[0.896s] running build
[0.896s] running build_py
[0.896s] running install
[0.897s] running install_lib
[0.898s] running install_data
[0.898s] running install_egg_info
[0.900s] removing '/home/masanao/ros2_ws/install/mypkg/lib/python3.6/site-packages/mypkg-0.0.0-py3.6.egg-info' (and everything under it)
[0.901s] Copying ../../build/mypkg/mypkg.egg-info to /home/masanao/ros2_ws/install/mypkg/lib/python3.6/site-packages/mypkg-0.0.0-py3.6.egg-info
[0.902s] running install_scripts
[0.920s] Installing listener script to /home/masanao/ros2_ws/install/mypkg/lib/mypkg
[0.921s] Installing talker script to /home/masanao/ros2_ws/install/mypkg/lib/mypkg
[0.922s] writing list of installed files to '/home/masanao/ros2_ws/build/mypkg/install.log'
[0.966s] Invoked command in '/home/masanao/ros2_ws/src/mypkg' returned '0': PYTHONPATH=/home/masanao/ros2_ws/build/mypkg/prefix_override:/home/masanao/ros2_ws/install/mypkg/lib/python3.6/site-packages:${PYTHONPATH} /usr/bin/python3 setup.py egg_info --egg-base ../../build/mypkg build --build-base /home/masanao/ros2_ws/build/mypkg/build install --record /home/masanao/ros2_ws/build/mypkg/install.log --install-scripts $base/lib/mypkg --single-version-externally-managed
