-- Found ament_cmake: 0.7.6 (/opt/ros/dashing/share/ament_cmake/cmake)
-- Found PythonInterp: /usr/bin/python3 (found suitable version "3.6.9", minimum required is "3") 
-- Using PYTHON_EXECUTABLE: /usr/bin/python3
-- Found rosidl_default_generators: 0.7.0 (/opt/ros/dashing/share/rosidl_default_generators/cmake)
-- Found rosidl_adapter: 0.7.10 (/opt/ros/dashing/share/rosidl_adapter/cmake)
-- Found PythonInterp: /usr/bin/python3 (found version "3.6.9") 
-- Using single matching rosidl_typesupport_c: rosidl_typesupport_fastrtps_c
-- Using single matching rosidl_typesupport_cpp: rosidl_typesupport_fastrtps_cpp
-- Found rmw_implementation_cmake: 0.7.2 (/opt/ros/dashing/share/rmw_implementation_cmake/cmake)
-- Found PythonInterp: /usr/bin/python3 (found suitable version "3.6.9", minimum required is "3.5") 
-- Found python_cmake_module: 0.7.11 (/opt/ros/dashing/share/python_cmake_module/cmake)
-- Found PythonLibs: /usr/lib/x86_64-linux-gnu/libpython3.6m.so (found suitable version "3.6.9", minimum required is "3.5") 
-- Using PYTHON_EXECUTABLE: /usr/bin/python3
-- Using PYTHON_INCLUDE_DIRS: /usr/include/python3.6m
-- Using PYTHON_LIBRARIES: /usr/lib/x86_64-linux-gnu/libpython3.6m.so
-- Found PythonExtra: .so  
-- Found ament_lint_auto: 0.7.12 (/opt/ros/dashing/share/ament_lint_auto/cmake)
-- Added test 'lint_cmake' to check CMake code style
-- Added test 'xmllint' to check XML markup files
-- Configuring done
-- Generating done
-- Build files have been written to: /home/masanao/ros2_ws/build/person_msgs
[  3%] [34m[1mGenerating C code for ROS interfaces[0m
[35m[1mScanning dependencies of target person_msgs__cpp[0m
[  6%] [34m[1mGenerating C++ code for ROS interfaces[0m
[  6%] Built target person_msgs__cpp
[35m[1mScanning dependencies of target person_msgs__rosidl_generator_c[0m
[ 13%] [34m[1mGenerating C++ type support for eProsima Fast-RTPS[0m
[ 13%] [34m[1mGenerating C++ introspection for ROS interfaces[0m
[ 17%] [32mBuilding C object CMakeFiles/person_msgs__rosidl_generator_c.dir/rosidl_generator_c/person_msgs/msg/person__functions.c.o[0m
[ 20%] [32m[1mLinking C shared library libperson_msgs__rosidl_generator_c.so[0m
[ 20%] Built target person_msgs__rosidl_generator_c
[ 24%] [34m[1mGenerating C introspection for ROS interfaces[0m
[35m[1mScanning dependencies of target person_msgs__rosidl_typesupport_introspection_cpp[0m
[35m[1mScanning dependencies of target person_msgs__rosidl_typesupport_fastrtps_cpp[0m
[ 27%] [32mBuilding CXX object CMakeFiles/person_msgs__rosidl_typesupport_introspection_cpp.dir/rosidl_typesupport_introspection_cpp/person_msgs/msg/person__type_support.cpp.o[0m
[ 31%] [32mBuilding CXX object CMakeFiles/person_msgs__rosidl_typesupport_fastrtps_cpp.dir/rosidl_typesupport_fastrtps_cpp/person_msgs/msg/dds_fastrtps/person__type_support.cpp.o[0m
[35m[1mScanning dependencies of target person_msgs__rosidl_typesupport_introspection_c[0m
[ 34%] [32mBuilding C object CMakeFiles/person_msgs__rosidl_typesupport_introspection_c.dir/rosidl_typesupport_introspection_c/person_msgs/msg/person__type_support.c.o[0m
[ 37%] [32m[1mLinking C shared library libperson_msgs__rosidl_typesupport_introspection_c.so[0m
[ 37%] Built target person_msgs__rosidl_typesupport_introspection_c
[ 41%] [32m[1mLinking CXX shared library libperson_msgs__rosidl_typesupport_introspection_cpp.so[0m
[ 41%] Built target person_msgs__rosidl_typesupport_introspection_cpp
[ 44%] [32m[1mLinking CXX shared library libperson_msgs__rosidl_typesupport_fastrtps_cpp.so[0m
[ 44%] Built target person_msgs__rosidl_typesupport_fastrtps_cpp
[ 48%] [34m[1mGenerating C++ type support dispatch for ROS interfaces[0m
[ 51%] [34m[1mGenerating C type support for eProsima Fast-RTPS[0m
[35m[1mScanning dependencies of target person_msgs__rosidl_typesupport_cpp[0m
[ 55%] [32mBuilding CXX object CMakeFiles/person_msgs__rosidl_typesupport_cpp.dir/rosidl_typesupport_cpp/person_msgs/msg/person__type_support.cpp.o[0m
[35m[1mScanning dependencies of target person_msgs__rosidl_typesupport_fastrtps_c[0m
[ 58%] [32mBuilding CXX object CMakeFiles/person_msgs__rosidl_typesupport_fastrtps_c.dir/rosidl_typesupport_fastrtps_c/person_msgs/msg/person__type_support_c.cpp.o[0m
[ 62%] [32m[1mLinking CXX shared library libperson_msgs__rosidl_typesupport_cpp.so[0m
[ 65%] [32m[1mLinking CXX shared library libperson_msgs__rosidl_typesupport_fastrtps_c.so[0m
[ 65%] Built target person_msgs__rosidl_typesupport_cpp
[ 65%] Built target person_msgs__rosidl_typesupport_fastrtps_c
[ 68%] [34m[1mGenerating C type support dispatch for ROS interfaces[0m
[35m[1mScanning dependencies of target person_msgs__rosidl_typesupport_c[0m
[ 72%] [32mBuilding CXX object CMakeFiles/person_msgs__rosidl_typesupport_c.dir/rosidl_typesupport_c/person_msgs/msg/person__type_support.cpp.o[0m
[ 75%] [32m[1mLinking CXX shared library libperson_msgs__rosidl_typesupport_c.so[0m
[ 75%] Built target person_msgs__rosidl_typesupport_c
[35m[1mScanning dependencies of target person_msgs[0m
[ 75%] Built target person_msgs
[35m[1mScanning dependencies of target person_msgs__py[0m
[ 79%] [34m[1mGenerating Python code for ROS interfaces[0m
[ 79%] Built target person_msgs__py
[35m[1mScanning dependencies of target person_msgs__python[0m
[ 82%] [32mBuilding C object CMakeFiles/person_msgs__python.dir/rosidl_generator_py/person_msgs/msg/_person_s.c.o[0m
[ 86%] [32m[1mLinking C shared library rosidl_generator_py/person_msgs/libperson_msgs__python.so[0m
[ 86%] Built target person_msgs__python
[35m[1mScanning dependencies of target person_msgs__rosidl_typesupport_c__pyext[0m
[35m[1mScanning dependencies of target person_msgs__rosidl_typesupport_fastrtps_c__pyext[0m
[ 93%] [32mBuilding C object CMakeFiles/person_msgs__rosidl_typesupport_c__pyext.dir/rosidl_generator_py/person_msgs/_person_msgs_s.ep.rosidl_typesupport_c.c.o[0m
[ 93%] [32mBuilding C object CMakeFiles/person_msgs__rosidl_typesupport_fastrtps_c__pyext.dir/rosidl_generator_py/person_msgs/_person_msgs_s.ep.rosidl_typesupport_fastrtps_c.c.o[0m
[100%] [32m[1mLinking C shared library rosidl_generator_py/person_msgs/person_msgs_s__rosidl_typesupport_fastrtps_c.cpython-36m-x86_64-linux-gnu.so[0m
[100%] [32m[1mLinking C shared library rosidl_generator_py/person_msgs/person_msgs_s__rosidl_typesupport_c.cpython-36m-x86_64-linux-gnu.so[0m
[100%] Built target person_msgs__rosidl_typesupport_fastrtps_c__pyext
[100%] Built target person_msgs__rosidl_typesupport_c__pyext
[  6%] Built target person_msgs__cpp
[ 13%] Built target person_msgs__rosidl_generator_c
[ 24%] Built target person_msgs__rosidl_typesupport_introspection_cpp
[ 34%] Built target person_msgs__rosidl_typesupport_introspection_c
[ 44%] Built target person_msgs__rosidl_typesupport_fastrtps_cpp
[ 65%] Built target person_msgs__rosidl_typesupport_cpp
[ 65%] Built target person_msgs__rosidl_typesupport_fastrtps_c
[ 75%] Built target person_msgs__rosidl_typesupport_c
[ 75%] Built target person_msgs
[ 79%] Built target person_msgs__py
[ 86%] Built target person_msgs__python
[100%] Built target person_msgs__rosidl_typesupport_fastrtps_c__pyext
[100%] Built target person_msgs__rosidl_typesupport_c__pyext
[36mInstall the project...[0m
-- Install configuration: ""
-- Installing: /home/masanao/ros2_ws/install/person_msgs/share/ament_index/resource_index/rosidl_interfaces/person_msgs
-- Installing: /home/masanao/ros2_ws/install/person_msgs/lib/libperson_msgs__rosidl_typesupport_c.so
-- Set runtime path of "/home/masanao/ros2_ws/install/person_msgs/lib/libperson_msgs__rosidl_typesupport_c.so" to ""
-- Installing: /home/masanao/ros2_ws/install/person_msgs/share/person_msgs/environment/library_path.sh
-- Installing: /home/masanao/ros2_ws/install/person_msgs/lib/libperson_msgs__rosidl_typesupport_cpp.so
-- Set runtime path of "/home/masanao/ros2_ws/install/person_msgs/lib/libperson_msgs__rosidl_typesupport_cpp.so" to ""
-- Installing: /home/masanao/ros2_ws/install/person_msgs/include/person_msgs
-- Installing: /home/masanao/ros2_ws/install/person_msgs/include/person_msgs/msg
-- Installing: /home/masanao/ros2_ws/install/person_msgs/include/person_msgs/msg/rosidl_typesupport_fastrtps_c__visibility_control.h
-- Installing: /home/masanao/ros2_ws/install/person_msgs/include/person_msgs/msg/person__rosidl_typesupport_fastrtps_c.h
-- Installing: /home/masanao/ros2_ws/install/person_msgs/lib/libperson_msgs__rosidl_typesupport_fastrtps_c.so
-- Set runtime path of "/home/masanao/ros2_ws/install/person_msgs/lib/libperson_msgs__rosidl_typesupport_fastrtps_c.so" to ""
-- Up-to-date: /home/masanao/ros2_ws/install/person_msgs/include/person_msgs
-- Up-to-date: /home/masanao/ros2_ws/install/person_msgs/include/person_msgs/msg
-- Installing: /home/masanao/ros2_ws/install/person_msgs/include/person_msgs/msg/person.h
-- Installing: /home/masanao/ros2_ws/install/person_msgs/include/person_msgs/msg/person__functions.c
-- Installing: /home/masanao/ros2_ws/install/person_msgs/include/person_msgs/msg/person__type_support.h
-- Installing: /home/masanao/ros2_ws/install/person_msgs/include/person_msgs/msg/person__functions.h
-- Installing: /home/masanao/ros2_ws/install/person_msgs/include/person_msgs/msg/rosidl_generator_c__visibility_control.h
-- Installing: /home/masanao/ros2_ws/install/person_msgs/include/person_msgs/msg/person__struct.h
-- Installing: /home/masanao/ros2_ws/install/person_msgs/lib/libperson_msgs__rosidl_generator_c.so
-- Set runtime path of "/home/masanao/ros2_ws/install/person_msgs/lib/libperson_msgs__rosidl_generator_c.so" to ""
-- Up-to-date: /home/masanao/ros2_ws/install/person_msgs/include/person_msgs
-- Up-to-date: /home/masanao/ros2_ws/install/person_msgs/include/person_msgs/msg
-- Installing: /home/masanao/ros2_ws/install/person_msgs/include/person_msgs/msg/rosidl_typesupport_fastrtps_cpp__visibility_control.h
-- Installing: /home/masanao/ros2_ws/install/person_msgs/include/person_msgs/msg/dds_fastrtps
-- Installing: /home/masanao/ros2_ws/install/person_msgs/include/person_msgs/msg/person__rosidl_typesupport_fastrtps_cpp.hpp
-- Installing: /home/masanao/ros2_ws/install/person_msgs/lib/libperson_msgs__rosidl_typesupport_fastrtps_cpp.so
-- Set runtime path of "/home/masanao/ros2_ws/install/person_msgs/lib/libperson_msgs__rosidl_typesupport_fastrtps_cpp.so" to ""
-- Up-to-date: /home/masanao/ros2_ws/install/person_msgs/include/person_msgs
-- Up-to-date: /home/masanao/ros2_ws/install/person_msgs/include/person_msgs/msg
-- Installing: /home/masanao/ros2_ws/install/person_msgs/include/person_msgs/msg/person.hpp
-- Installing: /home/masanao/ros2_ws/install/person_msgs/include/person_msgs/msg/person__traits.hpp
-- Installing: /home/masanao/ros2_ws/install/person_msgs/include/person_msgs/msg/person__struct.hpp
-- Up-to-date: /home/masanao/ros2_ws/install/person_msgs/include/person_msgs
-- Up-to-date: /home/masanao/ros2_ws/install/person_msgs/include/person_msgs/msg
-- Installing: /home/masanao/ros2_ws/install/person_msgs/include/person_msgs/msg/rosidl_typesupport_introspection_c__visibility_control.h
-- Installing: /home/masanao/ros2_ws/install/person_msgs/include/person_msgs/msg/person__type_support.c
-- Installing: /home/masanao/ros2_ws/install/person_msgs/include/person_msgs/msg/person__rosidl_typesupport_introspection_c.h
-- Installing: /home/masanao/ros2_ws/install/person_msgs/lib/libperson_msgs__rosidl_typesupport_introspection_c.so
-- Set runtime path of "/home/masanao/ros2_ws/install/person_msgs/lib/libperson_msgs__rosidl_typesupport_introspection_c.so" to ""
-- Up-to-date: /home/masanao/ros2_ws/install/person_msgs/include/person_msgs
-- Up-to-date: /home/masanao/ros2_ws/install/person_msgs/include/person_msgs/msg
-- Installing: /home/masanao/ros2_ws/install/person_msgs/include/person_msgs/msg/person__rosidl_typesupport_introspection_cpp.hpp
-- Installing: /home/masanao/ros2_ws/install/person_msgs/include/person_msgs/msg/person__type_support.cpp
-- Installing: /home/masanao/ros2_ws/install/person_msgs/lib/libperson_msgs__rosidl_typesupport_introspection_cpp.so
-- Set runtime path of "/home/masanao/ros2_ws/install/person_msgs/lib/libperson_msgs__rosidl_typesupport_introspection_cpp.so" to ""
-- Installing: /home/masanao/ros2_ws/install/person_msgs/share/person_msgs/environment/pythonpath.sh
-- Installing: /home/masanao/ros2_ws/install/person_msgs/lib/python3.6/site-packages/person_msgs/__init__.py
Compiling '/home/masanao/ros2_ws/install/person_msgs/lib/python3.6/site-packages/person_msgs/__init__.py'...
-- Installing: /home/masanao/ros2_ws/install/person_msgs/lib/python3.6/site-packages/person_msgs/msg
-- Installing: /home/masanao/ros2_ws/install/person_msgs/lib/python3.6/site-packages/person_msgs/msg/_person.py
-- Installing: /home/masanao/ros2_ws/install/person_msgs/lib/python3.6/site-packages/person_msgs/msg/_person_s.c
-- Installing: /home/masanao/ros2_ws/install/person_msgs/lib/python3.6/site-packages/person_msgs/msg/__init__.py
-- Installing: /home/masanao/ros2_ws/install/person_msgs/lib/python3.6/site-packages/person_msgs/person_msgs_s__rosidl_typesupport_c.cpython-36m-x86_64-linux-gnu.so
-- Set runtime path of "/home/masanao/ros2_ws/install/person_msgs/lib/python3.6/site-packages/person_msgs/person_msgs_s__rosidl_typesupport_c.cpython-36m-x86_64-linux-gnu.so" to ""
-- Installing: /home/masanao/ros2_ws/install/person_msgs/lib/python3.6/site-packages/person_msgs/person_msgs_s__rosidl_typesupport_fastrtps_c.cpython-36m-x86_64-linux-gnu.so
-- Set runtime path of "/home/masanao/ros2_ws/install/person_msgs/lib/python3.6/site-packages/person_msgs/person_msgs_s__rosidl_typesupport_fastrtps_c.cpython-36m-x86_64-linux-gnu.so" to ""
-- Installing: /home/masanao/ros2_ws/install/person_msgs/lib/libperson_msgs__python.so
-- Set runtime path of "/home/masanao/ros2_ws/install/person_msgs/lib/libperson_msgs__python.so" to ""
-- Installing: /home/masanao/ros2_ws/install/person_msgs/share/person_msgs/msg/Person.idl
-- Installing: /home/masanao/ros2_ws/install/person_msgs/share/person_msgs/msg/Person.msg
-- Installing: /home/masanao/ros2_ws/install/person_msgs/share/ament_index/resource_index/package_run_dependencies/person_msgs
-- Installing: /home/masanao/ros2_ws/install/person_msgs/share/ament_index/resource_index/parent_prefix_path/person_msgs
-- Installing: /home/masanao/ros2_ws/install/person_msgs/share/person_msgs/environment/ament_prefix_path.sh
-- Installing: /home/masanao/ros2_ws/install/person_msgs/share/person_msgs/environment/path.sh
-- Installing: /home/masanao/ros2_ws/install/person_msgs/share/person_msgs/local_setup.bash
-- Installing: /home/masanao/ros2_ws/install/person_msgs/share/person_msgs/local_setup.sh
-- Installing: /home/masanao/ros2_ws/install/person_msgs/share/person_msgs/local_setup.zsh
-- Installing: /home/masanao/ros2_ws/install/person_msgs/share/ament_index/resource_index/packages/person_msgs
-- Installing: /home/masanao/ros2_ws/install/person_msgs/share/person_msgs/cmake/rosidl_cmake-extras.cmake
-- Installing: /home/masanao/ros2_ws/install/person_msgs/share/person_msgs/cmake/ament_cmake_export_libraries-extras.cmake
-- Installing: /home/masanao/ros2_ws/install/person_msgs/share/person_msgs/cmake/ament_cmake_export_include_directories-extras.cmake
-- Installing: /home/masanao/ros2_ws/install/person_msgs/share/person_msgs/cmake/person_msgsConfig.cmake
-- Installing: /home/masanao/ros2_ws/install/person_msgs/share/person_msgs/cmake/person_msgsConfig-version.cmake
-- Installing: /home/masanao/ros2_ws/install/person_msgs/share/person_msgs/package.xml
