[0.677s] Invoking command in '/home/masanao/ros2_ws/src/mypkg': PYTHONPATH=/home/masanao/ros2_ws/build/mypkg/prefix_override:/home/masanao/ros2_ws/install/mypkg/lib/python3.6/site-packages:${PYTHONPATH} /usr/bin/python3 setup.py egg_info --egg-base ../../build/mypkg build --build-base /home/masanao/ros2_ws/build/mypkg/build install --record /home/masanao/ros2_ws/build/mypkg/install.log --install-scripts $base/lib/mypkg --single-version-externally-managed
[0.925s] running egg_info
[0.925s] writing ../../build/mypkg/mypkg.egg-info/PKG-INFO
[0.926s] writing dependency_links to ../../build/mypkg/mypkg.egg-info/dependency_links.txt
[0.926s] writing entry points to ../../build/mypkg/mypkg.egg-info/entry_points.txt
[0.927s] writing requirements to ../../build/mypkg/mypkg.egg-info/requires.txt
[0.927s] writing top-level names to ../../build/mypkg/mypkg.egg-info/top_level.txt
[0.967s] reading manifest file '../../build/mypkg/mypkg.egg-info/SOURCES.txt'
[0.968s] writing manifest file '../../build/mypkg/mypkg.egg-info/SOURCES.txt'
[0.968s] running build
[0.968s] running build_py
[0.969s] running install
[0.969s] running install_lib
[0.971s] running install_data
[0.971s] running install_egg_info
[0.973s] removing '/home/masanao/ros2_ws/install/mypkg/lib/python3.6/site-packages/mypkg-0.0.0-py3.6.egg-info' (and everything under it)
[0.974s] Copying ../../build/mypkg/mypkg.egg-info to /home/masanao/ros2_ws/install/mypkg/lib/python3.6/site-packages/mypkg-0.0.0-py3.6.egg-info
[0.975s] running install_scripts
[1.003s] Installing listener script to /home/masanao/ros2_ws/install/mypkg/lib/mypkg
[1.004s] Installing talker script to /home/masanao/ros2_ws/install/mypkg/lib/mypkg
[1.004s] writing list of installed files to '/home/masanao/ros2_ws/build/mypkg/install.log'
[1.041s] Invoked command in '/home/masanao/ros2_ws/src/mypkg' returned '0': PYTHONPATH=/home/masanao/ros2_ws/build/mypkg/prefix_override:/home/masanao/ros2_ws/install/mypkg/lib/python3.6/site-packages:${PYTHONPATH} /usr/bin/python3 setup.py egg_info --egg-base ../../build/mypkg build --build-base /home/masanao/ros2_ws/build/mypkg/build install --record /home/masanao/ros2_ws/build/mypkg/install.log --install-scripts $base/lib/mypkg --single-version-externally-managed
